[0.358s] Invoking command in '/home/guichen/Documents/ws/src/build/pb_option1_bringup': CMAKE_PREFIX_PATH=${CMAKE_PREFIX_PATH}:/home/guichen/Documents/ws/the_final_exam/install/pb_option1_navigation:/opt/ros/humble /usr/bin/cmake /home/guichen/Documents/ws/src/pb_option1_bringup -DCMAKE_INSTALL_PREFIX=/home/guichen/Documents/ws/src/install/pb_option1_bringup
[0.566s] -- The C compiler identification is GNU 11.4.0
[0.566s] -- The CXX compiler identification is GNU 11.4.0
[0.566s] -- Detecting C compiler ABI info
[0.566s] -- Detecting C compiler ABI info - done
[0.566s] -- Check for working C compiler: /usr/bin/cc - skipped
[0.566s] -- Detecting C compile features
[0.566s] -- Detecting C compile features - done
[0.566s] -- Detecting CXX compiler ABI info
[0.566s] -- Detecting CXX compiler ABI info - done
[0.566s] -- Check for working CXX compiler: /usr/bin/c++ - skipped
[0.566s] -- Detecting CXX compile features
[0.566s] -- Detecting CXX compile features - done
[0.566s] -- Found ament_cmake: 1.3.12 (/opt/ros/humble/share/ament_cmake/cmake)
[0.661s] -- Found Python3: /usr/bin/python3 (found version "3.10.12") found components: Interpreter 
[0.721s] -- Found gazebo_ros: 3.9.0 (/opt/ros/humble/share/gazebo_ros/cmake)
[0.750s] -- Found rosidl_generator_c: 3.1.7 (/opt/ros/humble/share/rosidl_generator_c/cmake)
[0.753s] -- Found rosidl_adapter: 3.1.7 (/opt/ros/humble/share/rosidl_adapter/cmake)
[0.759s] -- Found rosidl_generator_cpp: 3.1.7 (/opt/ros/humble/share/rosidl_generator_cpp/cmake)
[0.769s] -- Using all available rosidl_typesupport_c: rosidl_typesupport_fastrtps_c;rosidl_typesupport_introspection_c
[0.779s] -- Using all available rosidl_typesupport_cpp: rosidl_typesupport_fastrtps_cpp;rosidl_typesupport_introspection_cpp
[0.808s] -- Found rmw_implementation_cmake: 6.1.2 (/opt/ros/humble/share/rmw_implementation_cmake/cmake)
[0.810s] -- Found rmw_fastrtps_cpp: 6.2.9 (/opt/ros/humble/share/rmw_fastrtps_cpp/cmake)
[0.864s] -- Found OpenSSL: /usr/lib/x86_64-linux-gnu/libcrypto.so (found version "3.0.2")  
[0.884s] -- Found FastRTPS: /opt/ros/humble/include  
[0.914s] -- Using RMW implementation 'rmw_fastrtps_cpp' as default
[0.920s] -- Looking for pthread.h
[0.967s] -- Looking for pthread.h - found
[0.967s] -- Performing Test CMAKE_HAVE_LIBC_PTHREAD
[1.017s] -- Performing Test CMAKE_HAVE_LIBC_PTHREAD - Success
[1.018s] -- Found Threads: TRUE  
[1.058s] -- Found PkgConfig: /usr/bin/pkg-config (found version "0.29.2") 
[1.059s] -- Checking for module 'bullet>=2.82'
[1.072s] --   Found bullet, version 3.05
[1.144s] -- Found fcl: /usr/include (found suitable version "0.7.0", minimum required is "0.5.0") 
[1.174s] -- Found assimp: /usr/include (found version "5.2.0") 
[1.187s] -- Found DART: /usr/include (Required is at least version "6.6") found components: dart 
[1.208s] -- Found Boost: /usr/lib/x86_64-linux-gnu/cmake/Boost-1.74.0/BoostConfig.cmake (found suitable version "1.74.0", minimum required is "1.40.0") found components: thread system filesystem program_options regex iostreams date_time 
[1.218s] -- Found Protobuf: /usr/lib/x86_64-linux-gnu/libprotobuf.so (found version "3.12.4") 
[1.221s] -- Looking for ignition-math6 -- found version 6.15.1
[1.225s] -- Searching for dependencies of ignition-math6
[1.226s] -- Looking for OGRE...
[1.226s] -- OGRE_PREFIX_WATCH changed.
[1.229s] -- Checking for module 'OGRE'
[1.237s] --   Found OGRE, version 1.9.0
[1.257s] -- Found Ogre Ghadamon (1.9.0)
[1.261s] -- Found OGRE: optimized;/usr/lib/x86_64-linux-gnu/libOgreMain.so;debug;/usr/lib/x86_64-linux-gnu/libOgreMain.so
[1.268s] -- Looking for OGRE_Paging...
[1.272s] -- Found OGRE_Paging: optimized;/usr/lib/x86_64-linux-gnu/libOgrePaging.so;debug;/usr/lib/x86_64-linux-gnu/libOgrePaging.so
[1.272s] -- Looking for OGRE_Terrain...
[1.275s] -- Found OGRE_Terrain: optimized;/usr/lib/x86_64-linux-gnu/libOgreTerrain.so;debug;/usr/lib/x86_64-linux-gnu/libOgreTerrain.so
[1.276s] -- Looking for OGRE_Property...
[1.279s] -- Found OGRE_Property: optimized;/usr/lib/x86_64-linux-gnu/libOgreProperty.so;debug;/usr/lib/x86_64-linux-gnu/libOgreProperty.so
[1.279s] -- Looking for OGRE_RTShaderSystem...
[1.283s] -- Found OGRE_RTShaderSystem: optimized;/usr/lib/x86_64-linux-gnu/libOgreRTShaderSystem.so;debug;/usr/lib/x86_64-linux-gnu/libOgreRTShaderSystem.so
[1.283s] -- Looking for OGRE_Volume...
[1.286s] -- Found OGRE_Volume: optimized;/usr/lib/x86_64-linux-gnu/libOgreVolume.so;debug;/usr/lib/x86_64-linux-gnu/libOgreVolume.so
[1.286s] -- Looking for OGRE_Overlay...
[1.290s] -- Found OGRE_Overlay: optimized;/usr/lib/x86_64-linux-gnu/libOgreOverlay.so;debug;/usr/lib/x86_64-linux-gnu/libOgreOverlay.so
[1.375s] -- Looking for ignition-math6 -- found version 6.15.1
[1.377s] -- Looking for ignition-transport8 -- found version 8.2.1
[1.377s] -- Searching for dependencies of ignition-transport8
[1.393s] -- Found Protobuf: /usr/lib/x86_64-linux-gnu/libprotobuf.so (found suitable version "3.12.4", minimum required is "3") 
[1.404s] -- Config-file not installed for ZeroMQ -- checking for pkg-config
[1.408s] -- Checking for module 'libzmq >= 4'
[1.418s] --   Found libzmq , version 4.3.4
[1.443s] -- Found ZeroMQ: TRUE (Required is at least version "4") 
[1.449s] -- Checking for module 'uuid'
[1.458s] --   Found uuid, version 2.37.2
[1.477s] -- Found UUID: TRUE  
[1.479s] -- Looking for ignition-msgs5 -- found version 5.8.1
[1.479s] -- Searching for dependencies of ignition-msgs5
[1.492s] -- Looking for ignition-math6 -- found version 6.15.1
[1.496s] -- Checking for module 'tinyxml2'
[1.505s] --   Found tinyxml2, version 9.0.0
[1.530s] -- Looking for ignition-msgs5 -- found version 5.8.1
[1.532s] -- Looking for ignition-common3 -- found version 3.14.0
[1.533s] -- Searching for dependencies of ignition-common3
[1.533s] -- Looking for dlfcn.h - found
[1.534s] -- Looking for libdl - found
[1.535s] -- Found DL: TRUE  
[1.547s] -- Found tinyobjloader: /usr/lib/x86_64-linux-gnu/cmake/tinyobjloader/tinyobjloader-config.cmake (found version "2.0.0") 
[1.548s] -- Searching for <ignition-common3> component [graphics]
[1.550s] -- Looking for ignition-common3-graphics -- found version 3.14.0
[1.550s] -- Searching for dependencies of ignition-common3-graphics
[1.551s] -- Looking for ignition-math6 -- found version 6.15.1
[1.554s] -- Looking for ignition-fuel_tools4 -- found version 4.4.0
[1.554s] -- Searching for dependencies of ignition-fuel_tools4
[1.627s] -- Found CURL: /usr/lib/x86_64-linux-gnu/libcurl.so (found version "7.81.0")  
[1.637s] -- Checking for module 'jsoncpp'
[1.649s] --   Found jsoncpp, version 1.9.5
[1.674s] -- Found JSONCPP: TRUE  
[1.679s] -- Checking for module 'libzip'
[1.688s] --   Found libzip, version 1.7.3
[1.712s] -- Found ZIP: TRUE  
[1.712s] -- Looking for ignition-common3 -- found version 3.14.0
[1.712s] -- Looking for ignition-math6 -- found version 6.15.1
[1.712s] -- Looking for ignition-msgs5 -- found version 5.8.1
[1.715s] -- Gazebo version: 11.10
[1.715s] -- Checking for module 'tbb'
[1.728s] --   Found tbb, version 2021.5.0
[1.756s] -- Found robot_state_publisher: 3.0.3 (/opt/ros/humble/share/robot_state_publisher/cmake)
[1.779s] -- Found eigen3_cmake_module: 0.1.1 (/opt/ros/humble/share/eigen3_cmake_module/cmake)
[1.780s] -- Found Eigen3: TRUE (found version "3.4.0") 
[1.780s] -- Ensuring Eigen3 include directory is part of orocos-kdl CMake target
[1.882s] -- Found usb_cam: 0.8.1 (/opt/ros/humble/share/usb_cam/cmake)
[1.965s] -- Configuring done
[1.969s] -- Generating done
[1.971s] -- Build files have been written to: /home/guichen/Documents/ws/src/build/pb_option1_bringup
[1.982s] Invoked command in '/home/guichen/Documents/ws/src/build/pb_option1_bringup' returned '0': CMAKE_PREFIX_PATH=${CMAKE_PREFIX_PATH}:/home/guichen/Documents/ws/the_final_exam/install/pb_option1_navigation:/opt/ros/humble /usr/bin/cmake /home/guichen/Documents/ws/src/pb_option1_bringup -DCMAKE_INSTALL_PREFIX=/home/guichen/Documents/ws/src/install/pb_option1_bringup
[1.983s] Invoking command in '/home/guichen/Documents/ws/src/build/pb_option1_bringup': CMAKE_PREFIX_PATH=${CMAKE_PREFIX_PATH}:/home/guichen/Documents/ws/the_final_exam/install/pb_option1_navigation:/opt/ros/humble /usr/bin/cmake --build /home/guichen/Documents/ws/src/build/pb_option1_bringup -- -j16 -l16
[2.014s] Invoked command in '/home/guichen/Documents/ws/src/build/pb_option1_bringup' returned '0': CMAKE_PREFIX_PATH=${CMAKE_PREFIX_PATH}:/home/guichen/Documents/ws/the_final_exam/install/pb_option1_navigation:/opt/ros/humble /usr/bin/cmake --build /home/guichen/Documents/ws/src/build/pb_option1_bringup -- -j16 -l16
[2.015s] Invoking command in '/home/guichen/Documents/ws/src/build/pb_option1_bringup': CMAKE_PREFIX_PATH=${CMAKE_PREFIX_PATH}:/home/guichen/Documents/ws/the_final_exam/install/pb_option1_navigation:/opt/ros/humble /usr/bin/cmake --install /home/guichen/Documents/ws/src/build/pb_option1_bringup
[2.021s] -- Install configuration: ""
[2.021s] -- Installing: /home/guichen/Documents/ws/src/install/pb_option1_bringup/share/pb_option1_bringup/launch
[2.021s] -- Installing: /home/guichen/Documents/ws/src/install/pb_option1_bringup/share/pb_option1_bringup/launch/sim.launch.py
[2.021s] -- Installing: /home/guichen/Documents/ws/src/install/pb_option1_bringup/share/pb_option1_bringup/launch/joystick.launch.py
[2.021s] -- Installing: /home/guichen/Documents/ws/src/install/pb_option1_bringup/share/pb_option1_bringup/launch/real.launch.py
[2.021s] -- Installing: /home/guichen/Documents/ws/src/install/pb_option1_bringup/share/ament_index/resource_index/package_run_dependencies/pb_option1_bringup
[2.021s] -- Installing: /home/guichen/Documents/ws/src/install/pb_option1_bringup/share/ament_index/resource_index/parent_prefix_path/pb_option1_bringup
[2.021s] -- Installing: /home/guichen/Documents/ws/src/install/pb_option1_bringup/share/pb_option1_bringup/environment/ament_prefix_path.sh
[2.021s] -- Installing: /home/guichen/Documents/ws/src/install/pb_option1_bringup/share/pb_option1_bringup/environment/ament_prefix_path.dsv
[2.021s] -- Installing: /home/guichen/Documents/ws/src/install/pb_option1_bringup/share/pb_option1_bringup/environment/path.sh
[2.022s] -- Installing: /home/guichen/Documents/ws/src/install/pb_option1_bringup/share/pb_option1_bringup/environment/path.dsv
[2.022s] -- Installing: /home/guichen/Documents/ws/src/install/pb_option1_bringup/share/pb_option1_bringup/local_setup.bash
[2.022s] -- Installing: /home/guichen/Documents/ws/src/install/pb_option1_bringup/share/pb_option1_bringup/local_setup.sh
[2.022s] -- Installing: /home/guichen/Documents/ws/src/install/pb_option1_bringup/share/pb_option1_bringup/local_setup.zsh
[2.022s] -- Installing: /home/guichen/Documents/ws/src/install/pb_option1_bringup/share/pb_option1_bringup/local_setup.dsv
[2.022s] -- Installing: /home/guichen/Documents/ws/src/install/pb_option1_bringup/share/pb_option1_bringup/package.dsv
[2.022s] -- Installing: /home/guichen/Documents/ws/src/install/pb_option1_bringup/share/ament_index/resource_index/packages/pb_option1_bringup
[2.022s] -- Installing: /home/guichen/Documents/ws/src/install/pb_option1_bringup/share/pb_option1_bringup/cmake/pb_option1_bringupConfig.cmake
[2.022s] -- Installing: /home/guichen/Documents/ws/src/install/pb_option1_bringup/share/pb_option1_bringup/cmake/pb_option1_bringupConfig-version.cmake
[2.022s] -- Installing: /home/guichen/Documents/ws/src/install/pb_option1_bringup/share/pb_option1_bringup/package.xml
[2.024s] Invoked command in '/home/guichen/Documents/ws/src/build/pb_option1_bringup' returned '0': CMAKE_PREFIX_PATH=${CMAKE_PREFIX_PATH}:/home/guichen/Documents/ws/the_final_exam/install/pb_option1_navigation:/opt/ros/humble /usr/bin/cmake --install /home/guichen/Documents/ws/src/build/pb_option1_bringup
