[0.071s] [34mcolcon[0m [1;30mDEBUG[0m [32mCommand line arguments: ['/usr/bin/colcon', 'build', '--symlink-install'][0m
[0.071s] [34mcolcon[0m [1;30mDEBUG[0m [32mParsed command line arguments: Namespace(log_base=None, log_level=None, verb_name='build', build_base='build', install_base='install', merge_install=False, symlink_install=True, test_result_base=None, continue_on_error=False, executor='parallel', parallel_workers=16, event_handlers=None, ignore_user_meta=False, metas=['./colcon.meta'], base_paths=['.'], packages_ignore=None, packages_ignore_regex=None, paths=None, packages_up_to=None, packages_up_to_regex=None, packages_above=None, packages_above_and_dependencies=None, packages_above_depth=None, packages_select_by_dep=None, packages_skip_by_dep=None, packages_skip_up_to=None, packages_select_build_failed=False, packages_skip_build_finished=False, packages_select_test_failures=False, packages_skip_test_passed=False, packages_select=None, packages_skip=None, packages_select_regex=None, packages_skip_regex=None, packages_start=None, packages_end=None, allow_overriding=[], cmake_args=None, cmake_target=None, cmake_target_skip_unavailable=False, cmake_clean_cache=False, cmake_clean_first=False, cmake_force_configure=False, ament_cmake_args=None, catkin_cmake_args=None, catkin_skip_building_tests=False, verb_parser=<colcon_defaults.argument_parser.defaults.DefaultArgumentsDecorator object at 0x73da83d078b0>, verb_extension=<colcon_core.verb.build.BuildVerb object at 0x73da83e48dc0>, main=<bound method BuildVerb.main of <colcon_core.verb.build.BuildVerb object at 0x73da83e48dc0>>)[0m
[0.177s] [34mcolcon.colcon_core.package_discovery[0m [1;30mLevel 1[0m discover_packages(colcon_meta) check parameters
[0.177s] [34mcolcon.colcon_core.package_discovery[0m [1;30mLevel 1[0m discover_packages(recursive) check parameters
[0.177s] [34mcolcon.colcon_core.package_discovery[0m [1;30mLevel 1[0m discover_packages(ignore) check parameters
[0.177s] [34mcolcon.colcon_core.package_discovery[0m [1;30mLevel 1[0m discover_packages(path) check parameters
[0.177s] [34mcolcon.colcon_core.package_discovery[0m [1;30mLevel 1[0m discover_packages(colcon_meta) discover
[0.177s] [34mcolcon.colcon_core.package_discovery[0m [1;30mLevel 1[0m discover_packages(recursive) discover
[0.177s] [34mcolcon.colcon_core.package_discovery[0m [1;30mINFO[0m Crawling recursively for packages in '/home/guichen/Documents/the_final_exam/the_final_exam'
[0.177s] [34mcolcon.colcon_core.package_identification[0m [1;30mLevel 1[0m _identify(.) by extensions ['ignore', 'ignore_ament_install']
[0.177s] [34mcolcon.colcon_core.package_identification[0m [1;30mLevel 1[0m _identify(.) by extension 'ignore'
[0.177s] [34mcolcon.colcon_core.package_identification[0m [1;30mLevel 1[0m _identify(.) by extension 'ignore_ament_install'
[0.177s] [34mcolcon.colcon_core.package_identification[0m [1;30mLevel 1[0m _identify(.) by extensions ['colcon_pkg']
[0.178s] [34mcolcon.colcon_core.package_identification[0m [1;30mLevel 1[0m _identify(.) by extension 'colcon_pkg'
[0.178s] [34mcolcon.colcon_core.package_identification[0m [1;30mLevel 1[0m _identify(.) by extensions ['colcon_meta']
[0.178s] [34mcolcon.colcon_core.package_identification[0m [1;30mLevel 1[0m _identify(.) by extension 'colcon_meta'
[0.178s] [34mcolcon.colcon_core.package_identification[0m [1;30mLevel 1[0m _identify(.) by extensions ['ros']
[0.178s] [34mcolcon.colcon_core.package_identification[0m [1;30mLevel 1[0m _identify(.) by extension 'ros'
[0.185s] [34mcolcon.colcon_core.package_identification[0m [1;30mLevel 1[0m _identify(.) by extensions ['cmake', 'python']
[0.185s] [34mcolcon.colcon_core.package_identification[0m [1;30mLevel 1[0m _identify(.) by extension 'cmake'
[0.185s] [34mcolcon.colcon_core.package_identification[0m [1;30mLevel 1[0m _identify(.) by extension 'python'
[0.185s] [34mcolcon.colcon_core.package_identification[0m [1;30mLevel 1[0m _identify(.) by extensions ['python_setup_py']
[0.185s] [34mcolcon.colcon_core.package_identification[0m [1;30mLevel 1[0m _identify(.) by extension 'python_setup_py'
[0.185s] [34mcolcon.colcon_core.package_identification[0m [1;30mLevel 1[0m _identify(build) by extensions ['ignore', 'ignore_ament_install']
[0.185s] [34mcolcon.colcon_core.package_identification[0m [1;30mLevel 1[0m _identify(build) by extension 'ignore'
[0.185s] [34mcolcon.colcon_core.package_identification[0m [1;30mLevel 1[0m _identify(build) ignored
[0.185s] [34mcolcon.colcon_core.package_identification[0m [1;30mLevel 1[0m _identify(install) by extensions ['ignore', 'ignore_ament_install']
[0.185s] [34mcolcon.colcon_core.package_identification[0m [1;30mLevel 1[0m _identify(install) by extension 'ignore'
[0.185s] [34mcolcon.colcon_core.package_identification[0m [1;30mLevel 1[0m _identify(install) ignored
[0.185s] [34mcolcon.colcon_core.package_identification[0m [1;30mLevel 1[0m _identify(log) by extensions ['ignore', 'ignore_ament_install']
[0.185s] [34mcolcon.colcon_core.package_identification[0m [1;30mLevel 1[0m _identify(log) by extension 'ignore'
[0.185s] [34mcolcon.colcon_core.package_identification[0m [1;30mLevel 1[0m _identify(log) ignored
[0.185s] [34mcolcon.colcon_core.package_identification[0m [1;30mLevel 1[0m _identify(pb_option1_bringup) by extensions ['ignore', 'ignore_ament_install']
[0.185s] [34mcolcon.colcon_core.package_identification[0m [1;30mLevel 1[0m _identify(pb_option1_bringup) by extension 'ignore'
[0.185s] [34mcolcon.colcon_core.package_identification[0m [1;30mLevel 1[0m _identify(pb_option1_bringup) by extension 'ignore_ament_install'
[0.185s] [34mcolcon.colcon_core.package_identification[0m [1;30mLevel 1[0m _identify(pb_option1_bringup) by extensions ['colcon_pkg']
[0.185s] [34mcolcon.colcon_core.package_identification[0m [1;30mLevel 1[0m _identify(pb_option1_bringup) by extension 'colcon_pkg'
[0.185s] [34mcolcon.colcon_core.package_identification[0m [1;30mLevel 1[0m _identify(pb_option1_bringup) by extensions ['colcon_meta']
[0.185s] [34mcolcon.colcon_core.package_identification[0m [1;30mLevel 1[0m _identify(pb_option1_bringup) by extension 'colcon_meta'
[0.185s] [34mcolcon.colcon_core.package_identification[0m [1;30mLevel 1[0m _identify(pb_option1_bringup) by extensions ['ros']
[0.185s] [34mcolcon.colcon_core.package_identification[0m [1;30mLevel 1[0m _identify(pb_option1_bringup) by extension 'ros'
[0.192s] [34mcolcon.colcon_core.package_identification[0m [1;30mDEBUG[0m [32mPackage 'pb_option1_bringup' with type 'ros.ament_python' and name 'pb_option1_bringup'[0m
[0.192s] [34mcolcon.colcon_core.package_identification[0m [1;30mLevel 1[0m _identify(pb_option1_description) by extensions ['ignore', 'ignore_ament_install']
[0.192s] [34mcolcon.colcon_core.package_identification[0m [1;30mLevel 1[0m _identify(pb_option1_description) by extension 'ignore'
[0.192s] [34mcolcon.colcon_core.package_identification[0m [1;30mLevel 1[0m _identify(pb_option1_description) by extension 'ignore_ament_install'
[0.192s] [34mcolcon.colcon_core.package_identification[0m [1;30mLevel 1[0m _identify(pb_option1_description) by extensions ['colcon_pkg']
[0.192s] [34mcolcon.colcon_core.package_identification[0m [1;30mLevel 1[0m _identify(pb_option1_description) by extension 'colcon_pkg'
[0.192s] [34mcolcon.colcon_core.package_identification[0m [1;30mLevel 1[0m _identify(pb_option1_description) by extensions ['colcon_meta']
[0.192s] [34mcolcon.colcon_core.package_identification[0m [1;30mLevel 1[0m _identify(pb_option1_description) by extension 'colcon_meta'
[0.192s] [34mcolcon.colcon_core.package_identification[0m [1;30mLevel 1[0m _identify(pb_option1_description) by extensions ['ros']
[0.192s] [34mcolcon.colcon_core.package_identification[0m [1;30mLevel 1[0m _identify(pb_option1_description) by extension 'ros'
[0.193s] [34mcolcon.colcon_core.package_identification[0m [1;30mDEBUG[0m [32mPackage 'pb_option1_description' with type 'ros.ament_cmake' and name 'pb2025_robot_description'[0m
[0.193s] [34mcolcon.colcon_core.package_identification[0m [1;30mLevel 1[0m _identify(pb_option1_navigation) by extensions ['ignore', 'ignore_ament_install']
[0.193s] [34mcolcon.colcon_core.package_identification[0m [1;30mLevel 1[0m _identify(pb_option1_navigation) by extension 'ignore'
[0.193s] [34mcolcon.colcon_core.package_identification[0m [1;30mLevel 1[0m _identify(pb_option1_navigation) by extension 'ignore_ament_install'
[0.193s] [34mcolcon.colcon_core.package_identification[0m [1;30mLevel 1[0m _identify(pb_option1_navigation) by extensions ['colcon_pkg']
[0.193s] [34mcolcon.colcon_core.package_identification[0m [1;30mLevel 1[0m _identify(pb_option1_navigation) by extension 'colcon_pkg'
[0.193s] [34mcolcon.colcon_core.package_identification[0m [1;30mLevel 1[0m _identify(pb_option1_navigation) by extensions ['colcon_meta']
[0.193s] [34mcolcon.colcon_core.package_identification[0m [1;30mLevel 1[0m _identify(pb_option1_navigation) by extension 'colcon_meta'
[0.193s] [34mcolcon.colcon_core.package_identification[0m [1;30mLevel 1[0m _identify(pb_option1_navigation) by extensions ['ros']
[0.193s] [34mcolcon.colcon_core.package_identification[0m [1;30mLevel 1[0m _identify(pb_option1_navigation) by extension 'ros'
[0.193s] [34mcolcon.colcon_core.package_identification[0m [1;30mLevel 1[0m _identify(pb_option1_navigation) by extensions ['cmake', 'python']
[0.193s] [34mcolcon.colcon_core.package_identification[0m [1;30mLevel 1[0m _identify(pb_option1_navigation) by extension 'cmake'
[0.193s] [34mcolcon.colcon_core.package_identification[0m [1;30mLevel 1[0m _identify(pb_option1_navigation) by extension 'python'
[0.193s] [34mcolcon.colcon_core.package_identification[0m [1;30mLevel 1[0m _identify(pb_option1_navigation) by extensions ['python_setup_py']
[0.193s] [34mcolcon.colcon_core.package_identification[0m [1;30mLevel 1[0m _identify(pb_option1_navigation) by extension 'python_setup_py'
[0.193s] [34mcolcon.colcon_core.package_identification[0m [1;30mLevel 1[0m _identify(pb_option1_navigation/config) by extensions ['ignore', 'ignore_ament_install']
[0.193s] [34mcolcon.colcon_core.package_identification[0m [1;30mLevel 1[0m _identify(pb_option1_navigation/config) by extension 'ignore'
[0.193s] [34mcolcon.colcon_core.package_identification[0m [1;30mLevel 1[0m _identify(pb_option1_navigation/config) by extension 'ignore_ament_install'
[0.193s] [34mcolcon.colcon_core.package_identification[0m [1;30mLevel 1[0m _identify(pb_option1_navigation/config) by extensions ['colcon_pkg']
[0.193s] [34mcolcon.colcon_core.package_identification[0m [1;30mLevel 1[0m _identify(pb_option1_navigation/config) by extension 'colcon_pkg'
[0.193s] [34mcolcon.colcon_core.package_identification[0m [1;30mLevel 1[0m _identify(pb_option1_navigation/config) by extensions ['colcon_meta']
[0.193s] [34mcolcon.colcon_core.package_identification[0m [1;30mLevel 1[0m _identify(pb_option1_navigation/config) by extension 'colcon_meta'
[0.193s] [34mcolcon.colcon_core.package_identification[0m [1;30mLevel 1[0m _identify(pb_option1_navigation/config) by extensions ['ros']
[0.193s] [34mcolcon.colcon_core.package_identification[0m [1;30mLevel 1[0m _identify(pb_option1_navigation/config) by extension 'ros'
[0.193s] [34mcolcon.colcon_core.package_identification[0m [1;30mLevel 1[0m _identify(pb_option1_navigation/config) by extensions ['cmake', 'python']
[0.193s] [34mcolcon.colcon_core.package_identification[0m [1;30mLevel 1[0m _identify(pb_option1_navigation/config) by extension 'cmake'
[0.193s] [34mcolcon.colcon_core.package_identification[0m [1;30mLevel 1[0m _identify(pb_option1_navigation/config) by extension 'python'
[0.193s] [34mcolcon.colcon_core.package_identification[0m [1;30mLevel 1[0m _identify(pb_option1_navigation/config) by extensions ['python_setup_py']
[0.193s] [34mcolcon.colcon_core.package_identification[0m [1;30mLevel 1[0m _identify(pb_option1_navigation/config) by extension 'python_setup_py'
[0.193s] [34mcolcon.colcon_core.package_identification[0m [1;30mLevel 1[0m _identify(pb_option1_navigation/launch) by extensions ['ignore', 'ignore_ament_install']
[0.194s] [34mcolcon.colcon_core.package_identification[0m [1;30mLevel 1[0m _identify(pb_option1_navigation/launch) by extension 'ignore'
[0.194s] [34mcolcon.colcon_core.package_identification[0m [1;30mLevel 1[0m _identify(pb_option1_navigation/launch) by extension 'ignore_ament_install'
[0.194s] [34mcolcon.colcon_core.package_identification[0m [1;30mLevel 1[0m _identify(pb_option1_navigation/launch) by extensions ['colcon_pkg']
[0.194s] [34mcolcon.colcon_core.package_identification[0m [1;30mLevel 1[0m _identify(pb_option1_navigation/launch) by extension 'colcon_pkg'
[0.194s] [34mcolcon.colcon_core.package_identification[0m [1;30mLevel 1[0m _identify(pb_option1_navigation/launch) by extensions ['colcon_meta']
[0.194s] [34mcolcon.colcon_core.package_identification[0m [1;30mLevel 1[0m _identify(pb_option1_navigation/launch) by extension 'colcon_meta'
[0.194s] [34mcolcon.colcon_core.package_identification[0m [1;30mLevel 1[0m _identify(pb_option1_navigation/launch) by extensions ['ros']
[0.194s] [34mcolcon.colcon_core.package_identification[0m [1;30mLevel 1[0m _identify(pb_option1_navigation/launch) by extension 'ros'
[0.194s] [34mcolcon.colcon_core.package_identification[0m [1;30mLevel 1[0m _identify(pb_option1_navigation/launch) by extensions ['cmake', 'python']
[0.194s] [34mcolcon.colcon_core.package_identification[0m [1;30mLevel 1[0m _identify(pb_option1_navigation/launch) by extension 'cmake'
[0.194s] [34mcolcon.colcon_core.package_identification[0m [1;30mLevel 1[0m _identify(pb_option1_navigation/launch) by extension 'python'
[0.194s] [34mcolcon.colcon_core.package_identification[0m [1;30mLevel 1[0m _identify(pb_option1_navigation/launch) by extensions ['python_setup_py']
[0.194s] [34mcolcon.colcon_core.package_identification[0m [1;30mLevel 1[0m _identify(pb_option1_navigation/launch) by extension 'python_setup_py'
[0.194s] [34mcolcon.colcon_core.package_identification[0m [1;30mLevel 1[0m _identify(pb_option1_navigation/maps) by extensions ['ignore', 'ignore_ament_install']
[0.194s] [34mcolcon.colcon_core.package_identification[0m [1;30mLevel 1[0m _identify(pb_option1_navigation/maps) by extension 'ignore'
[0.194s] [34mcolcon.colcon_core.package_identification[0m [1;30mLevel 1[0m _identify(pb_option1_navigation/maps) by extension 'ignore_ament_install'
[0.194s] [34mcolcon.colcon_core.package_identification[0m [1;30mLevel 1[0m _identify(pb_option1_navigation/maps) by extensions ['colcon_pkg']
[0.194s] [34mcolcon.colcon_core.package_identification[0m [1;30mLevel 1[0m _identify(pb_option1_navigation/maps) by extension 'colcon_pkg'
[0.194s] [34mcolcon.colcon_core.package_identification[0m [1;30mLevel 1[0m _identify(pb_option1_navigation/maps) by extensions ['colcon_meta']
[0.194s] [34mcolcon.colcon_core.package_identification[0m [1;30mLevel 1[0m _identify(pb_option1_navigation/maps) by extension 'colcon_meta'
[0.194s] [34mcolcon.colcon_core.package_identification[0m [1;30mLevel 1[0m _identify(pb_option1_navigation/maps) by extensions ['ros']
[0.194s] [34mcolcon.colcon_core.package_identification[0m [1;30mLevel 1[0m _identify(pb_option1_navigation/maps) by extension 'ros'
[0.194s] [34mcolcon.colcon_core.package_identification[0m [1;30mLevel 1[0m _identify(pb_option1_navigation/maps) by extensions ['cmake', 'python']
[0.194s] [34mcolcon.colcon_core.package_identification[0m [1;30mLevel 1[0m _identify(pb_option1_navigation/maps) by extension 'cmake'
[0.194s] [34mcolcon.colcon_core.package_identification[0m [1;30mLevel 1[0m _identify(pb_option1_navigation/maps) by extension 'python'
[0.194s] [34mcolcon.colcon_core.package_identification[0m [1;30mLevel 1[0m _identify(pb_option1_navigation/maps) by extensions ['python_setup_py']
[0.194s] [34mcolcon.colcon_core.package_identification[0m [1;30mLevel 1[0m _identify(pb_option1_navigation/maps) by extension 'python_setup_py'
[0.194s] [34mcolcon.colcon_core.package_identification[0m [1;30mLevel 1[0m _identify(pb_option1_sim) by extensions ['ignore', 'ignore_ament_install']
[0.194s] [34mcolcon.colcon_core.package_identification[0m [1;30mLevel 1[0m _identify(pb_option1_sim) by extension 'ignore'
[0.194s] [34mcolcon.colcon_core.package_identification[0m [1;30mLevel 1[0m _identify(pb_option1_sim) by extension 'ignore_ament_install'
[0.194s] [34mcolcon.colcon_core.package_identification[0m [1;30mLevel 1[0m _identify(pb_option1_sim) by extensions ['colcon_pkg']
[0.194s] [34mcolcon.colcon_core.package_identification[0m [1;30mLevel 1[0m _identify(pb_option1_sim) by extension 'colcon_pkg'
[0.194s] [34mcolcon.colcon_core.package_identification[0m [1;30mLevel 1[0m _identify(pb_option1_sim) by extensions ['colcon_meta']
[0.194s] [34mcolcon.colcon_core.package_identification[0m [1;30mLevel 1[0m _identify(pb_option1_sim) by extension 'colcon_meta'
[0.194s] [34mcolcon.colcon_core.package_identification[0m [1;30mLevel 1[0m _identify(pb_option1_sim) by extensions ['ros']
[0.194s] [34mcolcon.colcon_core.package_identification[0m [1;30mLevel 1[0m _identify(pb_option1_sim) by extension 'ros'
[0.194s] [34mcolcon.colcon_core.package_identification[0m [1;30mLevel 1[0m _identify(pb_option1_sim) by extensions ['cmake', 'python']
[0.194s] [34mcolcon.colcon_core.package_identification[0m [1;30mLevel 1[0m _identify(pb_option1_sim) by extension 'cmake'
[0.194s] [34mcolcon.colcon_core.package_identification[0m [1;30mLevel 1[0m _identify(pb_option1_sim) by extension 'python'
[0.194s] [34mcolcon.colcon_core.package_identification[0m [1;30mLevel 1[0m _identify(pb_option1_sim) by extensions ['python_setup_py']
[0.194s] [34mcolcon.colcon_core.package_identification[0m [1;30mLevel 1[0m _identify(pb_option1_sim) by extension 'python_setup_py'
[0.195s] [34mcolcon.colcon_core.package_identification[0m [1;30mLevel 1[0m _identify(pb_option1_sim/launch) by extensions ['ignore', 'ignore_ament_install']
[0.195s] [34mcolcon.colcon_core.package_identification[0m [1;30mLevel 1[0m _identify(pb_option1_sim/launch) by extension 'ignore'
[0.195s] [34mcolcon.colcon_core.package_identification[0m [1;30mLevel 1[0m _identify(pb_option1_sim/launch) by extension 'ignore_ament_install'
[0.195s] [34mcolcon.colcon_core.package_identification[0m [1;30mLevel 1[0m _identify(pb_option1_sim/launch) by extensions ['colcon_pkg']
[0.195s] [34mcolcon.colcon_core.package_identification[0m [1;30mLevel 1[0m _identify(pb_option1_sim/launch) by extension 'colcon_pkg'
[0.195s] [34mcolcon.colcon_core.package_identification[0m [1;30mLevel 1[0m _identify(pb_option1_sim/launch) by extensions ['colcon_meta']
[0.195s] [34mcolcon.colcon_core.package_identification[0m [1;30mLevel 1[0m _identify(pb_option1_sim/launch) by extension 'colcon_meta'
[0.195s] [34mcolcon.colcon_core.package_identification[0m [1;30mLevel 1[0m _identify(pb_option1_sim/launch) by extensions ['ros']
[0.195s] [34mcolcon.colcon_core.package_identification[0m [1;30mLevel 1[0m _identify(pb_option1_sim/launch) by extension 'ros'
[0.195s] [34mcolcon.colcon_core.package_identification[0m [1;30mLevel 1[0m _identify(pb_option1_sim/launch) by extensions ['cmake', 'python']
[0.195s] [34mcolcon.colcon_core.package_identification[0m [1;30mLevel 1[0m _identify(pb_option1_sim/launch) by extension 'cmake'
[0.195s] [34mcolcon.colcon_core.package_identification[0m [1;30mLevel 1[0m _identify(pb_option1_sim/launch) by extension 'python'
[0.195s] [34mcolcon.colcon_core.package_identification[0m [1;30mLevel 1[0m _identify(pb_option1_sim/launch) by extensions ['python_setup_py']
[0.195s] [34mcolcon.colcon_core.package_identification[0m [1;30mLevel 1[0m _identify(pb_option1_sim/launch) by extension 'python_setup_py'
[0.195s] [34mcolcon.colcon_core.package_identification[0m [1;30mLevel 1[0m _identify(pb_option1_sim/worlds) by extensions ['ignore', 'ignore_ament_install']
[0.195s] [34mcolcon.colcon_core.package_identification[0m [1;30mLevel 1[0m _identify(pb_option1_sim/worlds) by extension 'ignore'
[0.195s] [34mcolcon.colcon_core.package_identification[0m [1;30mLevel 1[0m _identify(pb_option1_sim/worlds) by extension 'ignore_ament_install'
[0.195s] [34mcolcon.colcon_core.package_identification[0m [1;30mLevel 1[0m _identify(pb_option1_sim/worlds) by extensions ['colcon_pkg']
[0.195s] [34mcolcon.colcon_core.package_identification[0m [1;30mLevel 1[0m _identify(pb_option1_sim/worlds) by extension 'colcon_pkg'
[0.195s] [34mcolcon.colcon_core.package_identification[0m [1;30mLevel 1[0m _identify(pb_option1_sim/worlds) by extensions ['colcon_meta']
[0.195s] [34mcolcon.colcon_core.package_identification[0m [1;30mLevel 1[0m _identify(pb_option1_sim/worlds) by extension 'colcon_meta'
[0.195s] [34mcolcon.colcon_core.package_identification[0m [1;30mLevel 1[0m _identify(pb_option1_sim/worlds) by extensions ['ros']
[0.195s] [34mcolcon.colcon_core.package_identification[0m [1;30mLevel 1[0m _identify(pb_option1_sim/worlds) by extension 'ros'
[0.195s] [34mcolcon.colcon_core.package_identification[0m [1;30mLevel 1[0m _identify(pb_option1_sim/worlds) by extensions ['cmake', 'python']
[0.195s] [34mcolcon.colcon_core.package_identification[0m [1;30mLevel 1[0m _identify(pb_option1_sim/worlds) by extension 'cmake'
[0.195s] [34mcolcon.colcon_core.package_identification[0m [1;30mLevel 1[0m _identify(pb_option1_sim/worlds) by extension 'python'
[0.195s] [34mcolcon.colcon_core.package_identification[0m [1;30mLevel 1[0m _identify(pb_option1_sim/worlds) by extensions ['python_setup_py']
[0.195s] [34mcolcon.colcon_core.package_identification[0m [1;30mLevel 1[0m _identify(pb_option1_sim/worlds) by extension 'python_setup_py'
[0.195s] [34mcolcon.colcon_core.package_identification[0m [1;30mLevel 1[0m _identify(pb_option1_vision) by extensions ['ignore', 'ignore_ament_install']
[0.195s] [34mcolcon.colcon_core.package_identification[0m [1;30mLevel 1[0m _identify(pb_option1_vision) by extension 'ignore'
[0.195s] [34mcolcon.colcon_core.package_identification[0m [1;30mLevel 1[0m _identify(pb_option1_vision) by extension 'ignore_ament_install'
[0.195s] [34mcolcon.colcon_core.package_identification[0m [1;30mLevel 1[0m _identify(pb_option1_vision) by extensions ['colcon_pkg']
[0.195s] [34mcolcon.colcon_core.package_identification[0m [1;30mLevel 1[0m _identify(pb_option1_vision) by extension 'colcon_pkg'
[0.195s] [34mcolcon.colcon_core.package_identification[0m [1;30mLevel 1[0m _identify(pb_option1_vision) by extensions ['colcon_meta']
[0.195s] [34mcolcon.colcon_core.package_identification[0m [1;30mLevel 1[0m _identify(pb_option1_vision) by extension 'colcon_meta'
[0.195s] [34mcolcon.colcon_core.package_identification[0m [1;30mLevel 1[0m _identify(pb_option1_vision) by extensions ['ros']
[0.195s] [34mcolcon.colcon_core.package_identification[0m [1;30mLevel 1[0m _identify(pb_option1_vision) by extension 'ros'
[0.196s] [34mcolcon.colcon_core.package_identification[0m [1;30mDEBUG[0m [32mPackage 'pb_option1_vision' with type 'ros.ament_cmake' and name 'pb_option1_vision'[0m
[0.196s] [34mcolcon.colcon_core.package_discovery[0m [1;30mLevel 1[0m discover_packages(recursive) using defaults
[0.196s] [34mcolcon.colcon_core.package_discovery[0m [1;30mLevel 1[0m discover_packages(ignore) discover
[0.196s] [34mcolcon.colcon_core.package_discovery[0m [1;30mLevel 1[0m discover_packages(ignore) using defaults
[0.196s] [34mcolcon.colcon_core.package_discovery[0m [1;30mLevel 1[0m discover_packages(path) discover
[0.196s] [34mcolcon.colcon_core.package_discovery[0m [1;30mLevel 1[0m discover_packages(path) using defaults
[0.206s] [34mcolcon.colcon_core.package_discovery[0m [1;30mLevel 1[0m discover_packages(prefix_path) check parameters
[0.206s] [34mcolcon.colcon_core.package_discovery[0m [1;30mLevel 1[0m discover_packages(prefix_path) discover
[0.206s] [34mcolcon.colcon_ros.prefix_path.ament[0m [1;30mWARNING[0m [33mThe path '/home/guichen/Documents/the_final_exam/the_final_exam/install/pb2025_robot_description' in the environment variable AMENT_PREFIX_PATH doesn't exist[0m
[0.206s] [34mcolcon.colcon_ros.prefix_path.ament[0m [1;30mWARNING[0m [33mThe path '/home/guichen/Documents/the_final_exam/the_final_exam/install/pb_option1_vision' in the environment variable AMENT_PREFIX_PATH doesn't exist[0m
[0.207s] [34mcolcon.colcon_ros.prefix_path.catkin[0m [1;30mWARNING[0m [33mThe path '/home/guichen/Documents/the_final_exam/the_final_exam/install/pb2025_robot_description' in the environment variable CMAKE_PREFIX_PATH doesn't exist[0m
[0.207s] [34mcolcon.colcon_ros.prefix_path.catkin[0m [1;30mWARNING[0m [33mThe path '/home/guichen/Documents/the_final_exam/the_final_exam/install/pb_option1_vision' in the environment variable CMAKE_PREFIX_PATH doesn't exist[0m
[0.207s] [34mcolcon.colcon_installed_package_information.package_discovery[0m [1;30mDEBUG[0m [32mFound 0 installed packages in /home/guichen/Documents/the_final_exam/the_final_exam/install[0m
[0.208s] [34mcolcon.colcon_installed_package_information.package_discovery[0m [1;30mDEBUG[0m [32mFound 386 installed packages in /opt/ros/humble[0m
[0.209s] [34mcolcon.colcon_core.package_discovery[0m [1;30mLevel 1[0m discover_packages(prefix_path) using defaults
[0.237s] [34mcolcon.colcon_core.verb[0m [1;30mLevel 5[0m set package 'pb2025_robot_description' build argument 'cmake_args' from command line to 'None'
[0.237s] [34mcolcon.colcon_core.verb[0m [1;30mLevel 5[0m set package 'pb2025_robot_description' build argument 'cmake_target' from command line to 'None'
[0.237s] [34mcolcon.colcon_core.verb[0m [1;30mLevel 5[0m set package 'pb2025_robot_description' build argument 'cmake_target_skip_unavailable' from command line to 'False'
[0.237s] [34mcolcon.colcon_core.verb[0m [1;30mLevel 5[0m set package 'pb2025_robot_description' build argument 'cmake_clean_cache' from command line to 'False'
[0.237s] [34mcolcon.colcon_core.verb[0m [1;30mLevel 5[0m set package 'pb2025_robot_description' build argument 'cmake_clean_first' from command line to 'False'
[0.237s] [34mcolcon.colcon_core.verb[0m [1;30mLevel 5[0m set package 'pb2025_robot_description' build argument 'cmake_force_configure' from command line to 'False'
[0.237s] [34mcolcon.colcon_core.verb[0m [1;30mLevel 5[0m set package 'pb2025_robot_description' build argument 'ament_cmake_args' from command line to 'None'
[0.237s] [34mcolcon.colcon_core.verb[0m [1;30mLevel 5[0m set package 'pb2025_robot_description' build argument 'catkin_cmake_args' from command line to 'None'
[0.237s] [34mcolcon.colcon_core.verb[0m [1;30mLevel 5[0m set package 'pb2025_robot_description' build argument 'catkin_skip_building_tests' from command line to 'False'
[0.237s] [34mcolcon.colcon_core.verb[0m [1;30mDEBUG[0m [32mBuilding package 'pb2025_robot_description' with the following arguments: {'ament_cmake_args': None, 'build_base': '/home/guichen/Documents/the_final_exam/the_final_exam/build/pb2025_robot_description', 'catkin_cmake_args': None, 'catkin_skip_building_tests': False, 'cmake_args': None, 'cmake_clean_cache': False, 'cmake_clean_first': False, 'cmake_force_configure': False, 'cmake_target': None, 'cmake_target_skip_unavailable': False, 'install_base': '/home/guichen/Documents/the_final_exam/the_final_exam/install/pb2025_robot_description', 'merge_install': False, 'path': '/home/guichen/Documents/the_final_exam/the_final_exam/pb_option1_description', 'symlink_install': True, 'test_result_base': None}[0m
[0.238s] [34mcolcon.colcon_core.verb[0m [1;30mLevel 5[0m set package 'pb_option1_vision' build argument 'cmake_args' from command line to 'None'
[0.238s] [34mcolcon.colcon_core.verb[0m [1;30mLevel 5[0m set package 'pb_option1_vision' build argument 'cmake_target' from command line to 'None'
[0.238s] [34mcolcon.colcon_core.verb[0m [1;30mLevel 5[0m set package 'pb_option1_vision' build argument 'cmake_target_skip_unavailable' from command line to 'False'
[0.238s] [34mcolcon.colcon_core.verb[0m [1;30mLevel 5[0m set package 'pb_option1_vision' build argument 'cmake_clean_cache' from command line to 'False'
[0.238s] [34mcolcon.colcon_core.verb[0m [1;30mLevel 5[0m set package 'pb_option1_vision' build argument 'cmake_clean_first' from command line to 'False'
[0.238s] [34mcolcon.colcon_core.verb[0m [1;30mLevel 5[0m set package 'pb_option1_vision' build argument 'cmake_force_configure' from command line to 'False'
[0.238s] [34mcolcon.colcon_core.verb[0m [1;30mLevel 5[0m set package 'pb_option1_vision' build argument 'ament_cmake_args' from command line to 'None'
[0.238s] [34mcolcon.colcon_core.verb[0m [1;30mLevel 5[0m set package 'pb_option1_vision' build argument 'catkin_cmake_args' from command line to 'None'
[0.238s] [34mcolcon.colcon_core.verb[0m [1;30mLevel 5[0m set package 'pb_option1_vision' build argument 'catkin_skip_building_tests' from command line to 'False'
[0.238s] [34mcolcon.colcon_core.verb[0m [1;30mDEBUG[0m [32mBuilding package 'pb_option1_vision' with the following arguments: {'ament_cmake_args': None, 'build_base': '/home/guichen/Documents/the_final_exam/the_final_exam/build/pb_option1_vision', 'catkin_cmake_args': None, 'catkin_skip_building_tests': False, 'cmake_args': None, 'cmake_clean_cache': False, 'cmake_clean_first': False, 'cmake_force_configure': False, 'cmake_target': None, 'cmake_target_skip_unavailable': False, 'install_base': '/home/guichen/Documents/the_final_exam/the_final_exam/install/pb_option1_vision', 'merge_install': False, 'path': '/home/guichen/Documents/the_final_exam/the_final_exam/pb_option1_vision', 'symlink_install': True, 'test_result_base': None}[0m
[0.238s] [34mcolcon.colcon_core.verb[0m [1;30mLevel 5[0m set package 'pb_option1_bringup' build argument 'cmake_args' from command line to 'None'
[0.238s] [34mcolcon.colcon_core.verb[0m [1;30mLevel 5[0m set package 'pb_option1_bringup' build argument 'cmake_target' from command line to 'None'
[0.238s] [34mcolcon.colcon_core.verb[0m [1;30mLevel 5[0m set package 'pb_option1_bringup' build argument 'cmake_target_skip_unavailable' from command line to 'False'
[0.238s] [34mcolcon.colcon_core.verb[0m [1;30mLevel 5[0m set package 'pb_option1_bringup' build argument 'cmake_clean_cache' from command line to 'False'
[0.238s] [34mcolcon.colcon_core.verb[0m [1;30mLevel 5[0m set package 'pb_option1_bringup' build argument 'cmake_clean_first' from command line to 'False'
[0.238s] [34mcolcon.colcon_core.verb[0m [1;30mLevel 5[0m set package 'pb_option1_bringup' build argument 'cmake_force_configure' from command line to 'False'
[0.238s] [34mcolcon.colcon_core.verb[0m [1;30mLevel 5[0m set package 'pb_option1_bringup' build argument 'ament_cmake_args' from command line to 'None'
[0.238s] [34mcolcon.colcon_core.verb[0m [1;30mLevel 5[0m set package 'pb_option1_bringup' build argument 'catkin_cmake_args' from command line to 'None'
[0.238s] [34mcolcon.colcon_core.verb[0m [1;30mLevel 5[0m set package 'pb_option1_bringup' build argument 'catkin_skip_building_tests' from command line to 'False'
[0.238s] [34mcolcon.colcon_core.verb[0m [1;30mDEBUG[0m [32mBuilding package 'pb_option1_bringup' with the following arguments: {'ament_cmake_args': None, 'build_base': '/home/guichen/Documents/the_final_exam/the_final_exam/build/pb_option1_bringup', 'catkin_cmake_args': None, 'catkin_skip_building_tests': False, 'cmake_args': None, 'cmake_clean_cache': False, 'cmake_clean_first': False, 'cmake_force_configure': False, 'cmake_target': None, 'cmake_target_skip_unavailable': False, 'install_base': '/home/guichen/Documents/the_final_exam/the_final_exam/install/pb_option1_bringup', 'merge_install': False, 'path': '/home/guichen/Documents/the_final_exam/the_final_exam/pb_option1_bringup', 'symlink_install': True, 'test_result_base': None}[0m
[0.238s] [34mcolcon.colcon_core.executor[0m [1;30mINFO[0m Executing jobs using 'parallel' executor
[0.239s] [34mcolcon.colcon_parallel_executor.executor.parallel[0m [1;30mDEBUG[0m [32mrun_until_complete[0m
[0.239s] [34mcolcon.colcon_ros.task.ament_cmake.build[0m [1;30mINFO[0m Building ROS package in '/home/guichen/Documents/the_final_exam/the_final_exam/pb_option1_vision' with build type 'ament_cmake'
[0.239s] [34mcolcon.colcon_cmake.task.cmake.build[0m [1;30mINFO[0m Building CMake package in '/home/guichen/Documents/the_final_exam/the_final_exam/pb_option1_vision'
[0.240s] [34mcolcon.colcon_core.plugin_system[0m [1;30mINFO[0m Skipping extension 'colcon_core.shell.bat': Not used on non-Windows systems
[0.240s] [34mcolcon.colcon_core.shell[0m [1;30mINFO[0m Skip shell extension 'powershell' for command environment: Not usable outside of PowerShell
[0.240s] [34mcolcon.colcon_core.shell[0m [1;30mDEBUG[0m [32mSkip shell extension 'dsv' for command environment[0m
[0.243s] [34mcolcon.colcon_ros.task.ament_cmake.build[0m [1;30mINFO[0m Building ROS package in '/home/guichen/Documents/the_final_exam/the_final_exam/pb_option1_description' with build type 'ament_cmake'
[0.243s] [34mcolcon.colcon_cmake.task.cmake.build[0m [1;30mINFO[0m Building CMake package in '/home/guichen/Documents/the_final_exam/the_final_exam/pb_option1_description'
[0.243s] [34mcolcon.colcon_core.shell[0m [1;30mINFO[0m Skip shell extension 'powershell' for command environment: Not usable outside of PowerShell
[0.243s] [34mcolcon.colcon_core.shell[0m [1;30mDEBUG[0m [32mSkip shell extension 'dsv' for command environment[0m
[0.247s] [34mcolcon.colcon_core.event_handler.log_command[0m [1;30mDEBUG[0m [32mInvoking command in '/home/guichen/Documents/the_final_exam/the_final_exam/build/pb_option1_vision': CMAKE_PREFIX_PATH=${CMAKE_PREFIX_PATH}:/opt/ros/humble /usr/bin/cmake /home/guichen/Documents/the_final_exam/the_final_exam/pb_option1_vision -DAMENT_CMAKE_SYMLINK_INSTALL=1 -DCMAKE_INSTALL_PREFIX=/home/guichen/Documents/the_final_exam/the_final_exam/install/pb_option1_vision[0m
[0.249s] [34mcolcon.colcon_core.event_handler.log_command[0m [1;30mDEBUG[0m [32mInvoking command in '/home/guichen/Documents/the_final_exam/the_final_exam/build/pb2025_robot_description': CMAKE_PREFIX_PATH=${CMAKE_PREFIX_PATH}:/opt/ros/humble /usr/bin/cmake /home/guichen/Documents/the_final_exam/the_final_exam/pb_option1_description -DAMENT_CMAKE_SYMLINK_INSTALL=1 -DCMAKE_INSTALL_PREFIX=/home/guichen/Documents/the_final_exam/the_final_exam/install/pb2025_robot_description[0m
[0.629s] [34mcolcon.colcon_core.event_handler.log_command[0m [1;30mDEBUG[0m [32mInvoked command in '/home/guichen/Documents/the_final_exam/the_final_exam/build/pb2025_robot_description' returned '0': CMAKE_PREFIX_PATH=${CMAKE_PREFIX_PATH}:/opt/ros/humble /usr/bin/cmake /home/guichen/Documents/the_final_exam/the_final_exam/pb_option1_description -DAMENT_CMAKE_SYMLINK_INSTALL=1 -DCMAKE_INSTALL_PREFIX=/home/guichen/Documents/the_final_exam/the_final_exam/install/pb2025_robot_description[0m
[0.629s] [34mcolcon.colcon_core.event_handler.log_command[0m [1;30mDEBUG[0m [32mInvoking command in '/home/guichen/Documents/the_final_exam/the_final_exam/build/pb2025_robot_description': CMAKE_PREFIX_PATH=${CMAKE_PREFIX_PATH}:/opt/ros/humble /usr/bin/cmake --build /home/guichen/Documents/the_final_exam/the_final_exam/build/pb2025_robot_description -- -j16 -l16[0m
[0.651s] [34mcolcon.colcon_core.event_handler.log_command[0m [1;30mDEBUG[0m [32mInvoked command in '/home/guichen/Documents/the_final_exam/the_final_exam/build/pb2025_robot_description' returned '0': CMAKE_PREFIX_PATH=${CMAKE_PREFIX_PATH}:/opt/ros/humble /usr/bin/cmake --build /home/guichen/Documents/the_final_exam/the_final_exam/build/pb2025_robot_description -- -j16 -l16[0m
[0.659s] [34mcolcon.colcon_core.event_handler.log_command[0m [1;30mDEBUG[0m [32mInvoking command in '/home/guichen/Documents/the_final_exam/the_final_exam/build/pb2025_robot_description': CMAKE_PREFIX_PATH=${CMAKE_PREFIX_PATH}:/opt/ros/humble /usr/bin/cmake --install /home/guichen/Documents/the_final_exam/the_final_exam/build/pb2025_robot_description[0m
[0.845s] [34mcolcon.colcon_core.environment[0m [1;30mLevel 1[0m create_environment_scripts_only(pb2025_robot_description)
[0.846s] [34mcolcon.colcon_core.event_handler.log_command[0m [1;30mDEBUG[0m [32mInvoked command in '/home/guichen/Documents/the_final_exam/the_final_exam/build/pb2025_robot_description' returned '0': CMAKE_PREFIX_PATH=${CMAKE_PREFIX_PATH}:/opt/ros/humble /usr/bin/cmake --install /home/guichen/Documents/the_final_exam/the_final_exam/build/pb2025_robot_description[0m
[0.847s] [34mcolcon.colcon_core.environment[0m [1;30mLevel 1[0m checking '/home/guichen/Documents/the_final_exam/the_final_exam/install/pb2025_robot_description' for CMake module files
[0.848s] [34mcolcon.colcon_core.environment[0m [1;30mLevel 1[0m checking '/home/guichen/Documents/the_final_exam/the_final_exam/install/pb2025_robot_description' for CMake config files
[0.848s] [34mcolcon.colcon_core.shell[0m [1;30mLevel 1[0m create_environment_hook('pb2025_robot_description', 'cmake_prefix_path')
[0.848s] [34mcolcon.colcon_core.shell[0m [1;30mINFO[0m Creating environment hook '/home/guichen/Documents/the_final_exam/the_final_exam/install/pb2025_robot_description/share/pb2025_robot_description/hook/cmake_prefix_path.ps1'
[0.849s] [34mcolcon.colcon_core.shell[0m [1;30mINFO[0m Creating environment descriptor '/home/guichen/Documents/the_final_exam/the_final_exam/install/pb2025_robot_description/share/pb2025_robot_description/hook/cmake_prefix_path.dsv'
[0.849s] [34mcolcon.colcon_core.shell[0m [1;30mINFO[0m Creating environment hook '/home/guichen/Documents/the_final_exam/the_final_exam/install/pb2025_robot_description/share/pb2025_robot_description/hook/cmake_prefix_path.sh'
[0.850s] [34mcolcon.colcon_core.environment[0m [1;30mLevel 1[0m checking '/home/guichen/Documents/the_final_exam/the_final_exam/install/pb2025_robot_description/bin'
[0.850s] [34mcolcon.colcon_core.environment[0m [1;30mLevel 1[0m checking '/home/guichen/Documents/the_final_exam/the_final_exam/install/pb2025_robot_description/lib/pkgconfig/pb2025_robot_description.pc'
[0.850s] [34mcolcon.colcon_core.environment[0m [1;30mLevel 1[0m checking '/home/guichen/Documents/the_final_exam/the_final_exam/install/pb2025_robot_description/lib/python3.10/site-packages'
[0.850s] [34mcolcon.colcon_core.environment[0m [1;30mLevel 1[0m checking '/home/guichen/Documents/the_final_exam/the_final_exam/install/pb2025_robot_description/bin'
[0.851s] [34mcolcon.colcon_core.shell[0m [1;30mINFO[0m Creating package script '/home/guichen/Documents/the_final_exam/the_final_exam/install/pb2025_robot_description/share/pb2025_robot_description/package.ps1'
[0.851s] [34mcolcon.colcon_core.shell[0m [1;30mINFO[0m Creating package descriptor '/home/guichen/Documents/the_final_exam/the_final_exam/install/pb2025_robot_description/share/pb2025_robot_description/package.dsv'
[0.852s] [34mcolcon.colcon_core.shell[0m [1;30mINFO[0m Creating package script '/home/guichen/Documents/the_final_exam/the_final_exam/install/pb2025_robot_description/share/pb2025_robot_description/package.sh'
[0.852s] [34mcolcon.colcon_core.shell[0m [1;30mINFO[0m Creating package script '/home/guichen/Documents/the_final_exam/the_final_exam/install/pb2025_robot_description/share/pb2025_robot_description/package.bash'
[0.853s] [34mcolcon.colcon_core.shell[0m [1;30mINFO[0m Creating package script '/home/guichen/Documents/the_final_exam/the_final_exam/install/pb2025_robot_description/share/pb2025_robot_description/package.zsh'
[0.853s] [34mcolcon.colcon_core.environment[0m [1;30mLevel 1[0m create_file_with_runtime_dependencies(/home/guichen/Documents/the_final_exam/the_final_exam/install/pb2025_robot_description/share/colcon-core/packages/pb2025_robot_description)
[0.854s] [34mcolcon.colcon_core.environment[0m [1;30mLevel 1[0m create_environment_scripts_only(pb2025_robot_description)
[0.854s] [34mcolcon.colcon_core.environment[0m [1;30mLevel 1[0m checking '/home/guichen/Documents/the_final_exam/the_final_exam/install/pb2025_robot_description' for CMake module files
[0.854s] [34mcolcon.colcon_core.environment[0m [1;30mLevel 1[0m checking '/home/guichen/Documents/the_final_exam/the_final_exam/install/pb2025_robot_description' for CMake config files
[0.854s] [34mcolcon.colcon_core.shell[0m [1;30mLevel 1[0m create_environment_hook('pb2025_robot_description', 'cmake_prefix_path')
[0.854s] [34mcolcon.colcon_core.shell[0m [1;30mINFO[0m Creating environment hook '/home/guichen/Documents/the_final_exam/the_final_exam/install/pb2025_robot_description/share/pb2025_robot_description/hook/cmake_prefix_path.ps1'
[0.855s] [34mcolcon.colcon_core.shell[0m [1;30mINFO[0m Creating environment descriptor '/home/guichen/Documents/the_final_exam/the_final_exam/install/pb2025_robot_description/share/pb2025_robot_description/hook/cmake_prefix_path.dsv'
[0.855s] [34mcolcon.colcon_core.shell[0m [1;30mINFO[0m Creating environment hook '/home/guichen/Documents/the_final_exam/the_final_exam/install/pb2025_robot_description/share/pb2025_robot_description/hook/cmake_prefix_path.sh'
[0.855s] [34mcolcon.colcon_core.environment[0m [1;30mLevel 1[0m checking '/home/guichen/Documents/the_final_exam/the_final_exam/install/pb2025_robot_description/bin'
[0.855s] [34mcolcon.colcon_core.environment[0m [1;30mLevel 1[0m checking '/home/guichen/Documents/the_final_exam/the_final_exam/install/pb2025_robot_description/lib/pkgconfig/pb2025_robot_description.pc'
[0.855s] [34mcolcon.colcon_core.environment[0m [1;30mLevel 1[0m checking '/home/guichen/Documents/the_final_exam/the_final_exam/install/pb2025_robot_description/lib/python3.10/site-packages'
[0.856s] [34mcolcon.colcon_core.environment[0m [1;30mLevel 1[0m checking '/home/guichen/Documents/the_final_exam/the_final_exam/install/pb2025_robot_description/bin'
[0.856s] [34mcolcon.colcon_core.shell[0m [1;30mINFO[0m Creating package script '/home/guichen/Documents/the_final_exam/the_final_exam/install/pb2025_robot_description/share/pb2025_robot_description/package.ps1'
[0.856s] [34mcolcon.colcon_core.shell[0m [1;30mINFO[0m Creating package descriptor '/home/guichen/Documents/the_final_exam/the_final_exam/install/pb2025_robot_description/share/pb2025_robot_description/package.dsv'
[0.856s] [34mcolcon.colcon_core.shell[0m [1;30mINFO[0m Creating package script '/home/guichen/Documents/the_final_exam/the_final_exam/install/pb2025_robot_description/share/pb2025_robot_description/package.sh'
[0.857s] [34mcolcon.colcon_core.shell[0m [1;30mINFO[0m Creating package script '/home/guichen/Documents/the_final_exam/the_final_exam/install/pb2025_robot_description/share/pb2025_robot_description/package.bash'
[0.857s] [34mcolcon.colcon_core.shell[0m [1;30mINFO[0m Creating package script '/home/guichen/Documents/the_final_exam/the_final_exam/install/pb2025_robot_description/share/pb2025_robot_description/package.zsh'
[0.857s] [34mcolcon.colcon_core.environment[0m [1;30mLevel 1[0m create_file_with_runtime_dependencies(/home/guichen/Documents/the_final_exam/the_final_exam/install/pb2025_robot_description/share/colcon-core/packages/pb2025_robot_description)
[1.024s] [34mcolcon.colcon_core.event_handler.log_command[0m [1;30mDEBUG[0m [32mInvoked command in '/home/guichen/Documents/the_final_exam/the_final_exam/build/pb_option1_vision' returned '0': CMAKE_PREFIX_PATH=${CMAKE_PREFIX_PATH}:/opt/ros/humble /usr/bin/cmake /home/guichen/Documents/the_final_exam/the_final_exam/pb_option1_vision -DAMENT_CMAKE_SYMLINK_INSTALL=1 -DCMAKE_INSTALL_PREFIX=/home/guichen/Documents/the_final_exam/the_final_exam/install/pb_option1_vision[0m
[1.024s] [34mcolcon.colcon_core.event_handler.log_command[0m [1;30mDEBUG[0m [32mInvoking command in '/home/guichen/Documents/the_final_exam/the_final_exam/build/pb_option1_vision': CMAKE_PREFIX_PATH=${CMAKE_PREFIX_PATH}:/opt/ros/humble /usr/bin/cmake --build /home/guichen/Documents/the_final_exam/the_final_exam/build/pb_option1_vision -- -j16 -l16[0m
[8.225s] [34mcolcon.colcon_core.event_handler.log_command[0m [1;30mDEBUG[0m [32mInvoked command in '/home/guichen/Documents/the_final_exam/the_final_exam/build/pb_option1_vision' returned '0': CMAKE_PREFIX_PATH=${CMAKE_PREFIX_PATH}:/opt/ros/humble /usr/bin/cmake --build /home/guichen/Documents/the_final_exam/the_final_exam/build/pb_option1_vision -- -j16 -l16[0m
[8.226s] [34mcolcon.colcon_core.event_handler.log_command[0m [1;30mDEBUG[0m [32mInvoking command in '/home/guichen/Documents/the_final_exam/the_final_exam/build/pb_option1_vision': CMAKE_PREFIX_PATH=${CMAKE_PREFIX_PATH}:/opt/ros/humble /usr/bin/cmake --install /home/guichen/Documents/the_final_exam/the_final_exam/build/pb_option1_vision[0m
[8.353s] [34mcolcon.colcon_core.environment[0m [1;30mLevel 1[0m create_environment_scripts_only(pb_option1_vision)
[8.354s] [34mcolcon.colcon_core.environment[0m [1;30mLevel 1[0m checking '/home/guichen/Documents/the_final_exam/the_final_exam/install/pb_option1_vision' for CMake module files
[8.354s] [34mcolcon.colcon_core.event_handler.log_command[0m [1;30mDEBUG[0m [32mInvoked command in '/home/guichen/Documents/the_final_exam/the_final_exam/build/pb_option1_vision' returned '0': CMAKE_PREFIX_PATH=${CMAKE_PREFIX_PATH}:/opt/ros/humble /usr/bin/cmake --install /home/guichen/Documents/the_final_exam/the_final_exam/build/pb_option1_vision[0m
[8.354s] [34mcolcon.colcon_core.environment[0m [1;30mLevel 1[0m checking '/home/guichen/Documents/the_final_exam/the_final_exam/install/pb_option1_vision' for CMake config files
[8.354s] [34mcolcon.colcon_core.shell[0m [1;30mLevel 1[0m create_environment_hook('pb_option1_vision', 'cmake_prefix_path')
[8.354s] [34mcolcon.colcon_core.shell[0m [1;30mINFO[0m Creating environment hook '/home/guichen/Documents/the_final_exam/the_final_exam/install/pb_option1_vision/share/pb_option1_vision/hook/cmake_prefix_path.ps1'
[8.355s] [34mcolcon.colcon_core.shell[0m [1;30mINFO[0m Creating environment descriptor '/home/guichen/Documents/the_final_exam/the_final_exam/install/pb_option1_vision/share/pb_option1_vision/hook/cmake_prefix_path.dsv'
[8.355s] [34mcolcon.colcon_core.shell[0m [1;30mINFO[0m Creating environment hook '/home/guichen/Documents/the_final_exam/the_final_exam/install/pb_option1_vision/share/pb_option1_vision/hook/cmake_prefix_path.sh'
[8.355s] [34mcolcon.colcon_core.environment[0m [1;30mLevel 1[0m checking '/home/guichen/Documents/the_final_exam/the_final_exam/install/pb_option1_vision/lib'
[8.355s] [34mcolcon.colcon_core.environment[0m [1;30mLevel 1[0m checking '/home/guichen/Documents/the_final_exam/the_final_exam/install/pb_option1_vision/bin'
[8.355s] [34mcolcon.colcon_core.environment[0m [1;30mLevel 1[0m checking '/home/guichen/Documents/the_final_exam/the_final_exam/install/pb_option1_vision/lib/pkgconfig/pb_option1_vision.pc'
[8.356s] [34mcolcon.colcon_core.environment[0m [1;30mLevel 1[0m checking '/home/guichen/Documents/the_final_exam/the_final_exam/install/pb_option1_vision/lib/python3.10/site-packages'
[8.356s] [34mcolcon.colcon_core.environment[0m [1;30mLevel 1[0m checking '/home/guichen/Documents/the_final_exam/the_final_exam/install/pb_option1_vision/bin'
[8.356s] [34mcolcon.colcon_core.shell[0m [1;30mINFO[0m Creating package script '/home/guichen/Documents/the_final_exam/the_final_exam/install/pb_option1_vision/share/pb_option1_vision/package.ps1'
[8.356s] [34mcolcon.colcon_core.shell[0m [1;30mINFO[0m Creating package descriptor '/home/guichen/Documents/the_final_exam/the_final_exam/install/pb_option1_vision/share/pb_option1_vision/package.dsv'
[8.356s] [34mcolcon.colcon_core.shell[0m [1;30mINFO[0m Creating package script '/home/guichen/Documents/the_final_exam/the_final_exam/install/pb_option1_vision/share/pb_option1_vision/package.sh'
[8.357s] [34mcolcon.colcon_core.shell[0m [1;30mINFO[0m Creating package script '/home/guichen/Documents/the_final_exam/the_final_exam/install/pb_option1_vision/share/pb_option1_vision/package.bash'
[8.357s] [34mcolcon.colcon_core.shell[0m [1;30mINFO[0m Creating package script '/home/guichen/Documents/the_final_exam/the_final_exam/install/pb_option1_vision/share/pb_option1_vision/package.zsh'
[8.357s] [34mcolcon.colcon_core.environment[0m [1;30mLevel 1[0m create_file_with_runtime_dependencies(/home/guichen/Documents/the_final_exam/the_final_exam/install/pb_option1_vision/share/colcon-core/packages/pb_option1_vision)
[8.357s] [34mcolcon.colcon_core.environment[0m [1;30mLevel 1[0m create_environment_scripts_only(pb_option1_vision)
[8.358s] [34mcolcon.colcon_core.environment[0m [1;30mLevel 1[0m checking '/home/guichen/Documents/the_final_exam/the_final_exam/install/pb_option1_vision' for CMake module files
[8.358s] [34mcolcon.colcon_core.environment[0m [1;30mLevel 1[0m checking '/home/guichen/Documents/the_final_exam/the_final_exam/install/pb_option1_vision' for CMake config files
[8.358s] [34mcolcon.colcon_core.shell[0m [1;30mLevel 1[0m create_environment_hook('pb_option1_vision', 'cmake_prefix_path')
[8.358s] [34mcolcon.colcon_core.shell[0m [1;30mINFO[0m Creating environment hook '/home/guichen/Documents/the_final_exam/the_final_exam/install/pb_option1_vision/share/pb_option1_vision/hook/cmake_prefix_path.ps1'
[8.358s] [34mcolcon.colcon_core.shell[0m [1;30mINFO[0m Creating environment descriptor '/home/guichen/Documents/the_final_exam/the_final_exam/install/pb_option1_vision/share/pb_option1_vision/hook/cmake_prefix_path.dsv'
[8.359s] [34mcolcon.colcon_core.shell[0m [1;30mINFO[0m Creating environment hook '/home/guichen/Documents/the_final_exam/the_final_exam/install/pb_option1_vision/share/pb_option1_vision/hook/cmake_prefix_path.sh'
[8.359s] [34mcolcon.colcon_core.environment[0m [1;30mLevel 1[0m checking '/home/guichen/Documents/the_final_exam/the_final_exam/install/pb_option1_vision/lib'
[8.359s] [34mcolcon.colcon_core.environment[0m [1;30mLevel 1[0m checking '/home/guichen/Documents/the_final_exam/the_final_exam/install/pb_option1_vision/bin'
[8.359s] [34mcolcon.colcon_core.environment[0m [1;30mLevel 1[0m checking '/home/guichen/Documents/the_final_exam/the_final_exam/install/pb_option1_vision/lib/pkgconfig/pb_option1_vision.pc'
[8.359s] [34mcolcon.colcon_core.environment[0m [1;30mLevel 1[0m checking '/home/guichen/Documents/the_final_exam/the_final_exam/install/pb_option1_vision/lib/python3.10/site-packages'
[8.359s] [34mcolcon.colcon_core.environment[0m [1;30mLevel 1[0m checking '/home/guichen/Documents/the_final_exam/the_final_exam/install/pb_option1_vision/bin'
[8.359s] [34mcolcon.colcon_core.shell[0m [1;30mINFO[0m Creating package script '/home/guichen/Documents/the_final_exam/the_final_exam/install/pb_option1_vision/share/pb_option1_vision/package.ps1'
[8.360s] [34mcolcon.colcon_core.shell[0m [1;30mINFO[0m Creating package descriptor '/home/guichen/Documents/the_final_exam/the_final_exam/install/pb_option1_vision/share/pb_option1_vision/package.dsv'
[8.360s] [34mcolcon.colcon_core.shell[0m [1;30mINFO[0m Creating package script '/home/guichen/Documents/the_final_exam/the_final_exam/install/pb_option1_vision/share/pb_option1_vision/package.sh'
[8.360s] [34mcolcon.colcon_core.shell[0m [1;30mINFO[0m Creating package script '/home/guichen/Documents/the_final_exam/the_final_exam/install/pb_option1_vision/share/pb_option1_vision/package.bash'
[8.361s] [34mcolcon.colcon_core.shell[0m [1;30mINFO[0m Creating package script '/home/guichen/Documents/the_final_exam/the_final_exam/install/pb_option1_vision/share/pb_option1_vision/package.zsh'
[8.361s] [34mcolcon.colcon_core.environment[0m [1;30mLevel 1[0m create_file_with_runtime_dependencies(/home/guichen/Documents/the_final_exam/the_final_exam/install/pb_option1_vision/share/colcon-core/packages/pb_option1_vision)
[8.361s] [34mcolcon.colcon_ros.task.ament_python.build[0m [1;30mINFO[0m Building ROS package in '/home/guichen/Documents/the_final_exam/the_final_exam/pb_option1_bringup' with build type 'ament_python'
[8.361s] [34mcolcon.colcon_core.shell[0m [1;30mLevel 1[0m create_environment_hook('pb_option1_bringup', 'ament_prefix_path')
[8.361s] [34mcolcon.colcon_core.shell[0m [1;30mINFO[0m Creating environment hook '/home/guichen/Documents/the_final_exam/the_final_exam/install/pb_option1_bringup/share/pb_option1_bringup/hook/ament_prefix_path.ps1'
[8.362s] [34mcolcon.colcon_core.shell[0m [1;30mINFO[0m Creating environment descriptor '/home/guichen/Documents/the_final_exam/the_final_exam/install/pb_option1_bringup/share/pb_option1_bringup/hook/ament_prefix_path.dsv'
[8.362s] [34mcolcon.colcon_core.shell[0m [1;30mINFO[0m Creating environment hook '/home/guichen/Documents/the_final_exam/the_final_exam/install/pb_option1_bringup/share/pb_option1_bringup/hook/ament_prefix_path.sh'
[8.362s] [34mcolcon.colcon_core.shell[0m [1;30mINFO[0m Skip shell extension 'powershell' for command environment: Not usable outside of PowerShell
[8.362s] [34mcolcon.colcon_core.shell[0m [1;30mDEBUG[0m [32mSkip shell extension 'dsv' for command environment[0m
[8.533s] [34mcolcon.colcon_core.task.python.build[0m [1;30mINFO[0m Building Python package in '/home/guichen/Documents/the_final_exam/the_final_exam/pb_option1_bringup'
[8.533s] [34mcolcon.colcon_core.shell[0m [1;30mINFO[0m Skip shell extension 'powershell' for command environment: Not usable outside of PowerShell
[8.533s] [34mcolcon.colcon_core.shell[0m [1;30mDEBUG[0m [32mSkip shell extension 'dsv' for command environment[0m
[8.776s] [34mcolcon.colcon_core.event_handler.log_command[0m [1;30mDEBUG[0m [32mInvoking command in '/home/guichen/Documents/the_final_exam/the_final_exam/build/pb_option1_bringup': CMAKE_PREFIX_PATH=/home/guichen/Documents/the_final_exam/the_final_exam/install/pb_option1_vision:/home/guichen/Documents/the_final_exam/the_final_exam/install/pb2025_robot_description PYTHONPATH=/home/guichen/Documents/the_final_exam/the_final_exam/build/pb_option1_bringup/prefix_override:/usr/lib/python3/dist-packages/colcon_core/task/python/colcon_distutils_commands:/home/guichen/Documents/the_final_exam/the_final_exam/install/pb_option1_bringup/lib/python3.10/site-packages:${PYTHONPATH} /usr/bin/python3 -W ignore:setup.py install is deprecated -W ignore:easy_install command is deprecated setup.py develop --editable --build-directory /home/guichen/Documents/the_final_exam/the_final_exam/build/pb_option1_bringup/build --no-deps symlink_data[0m
[9.082s] [34mcolcon.colcon_core.event_handler.log_command[0m [1;30mDEBUG[0m [32mInvoked command in '/home/guichen/Documents/the_final_exam/the_final_exam/build/pb_option1_bringup' returned '1': CMAKE_PREFIX_PATH=/home/guichen/Documents/the_final_exam/the_final_exam/install/pb_option1_vision:/home/guichen/Documents/the_final_exam/the_final_exam/install/pb2025_robot_description PYTHONPATH=/home/guichen/Documents/the_final_exam/the_final_exam/build/pb_option1_bringup/prefix_override:/usr/lib/python3/dist-packages/colcon_core/task/python/colcon_distutils_commands:/home/guichen/Documents/the_final_exam/the_final_exam/install/pb_option1_bringup/lib/python3.10/site-packages:${PYTHONPATH} /usr/bin/python3 -W ignore:setup.py install is deprecated -W ignore:easy_install command is deprecated setup.py develop --editable --build-directory /home/guichen/Documents/the_final_exam/the_final_exam/build/pb_option1_bringup/build --no-deps symlink_data[0m
[9.091s] [34mcolcon.colcon_parallel_executor.executor.parallel[0m [1;30mDEBUG[0m [32mclosing loop[0m
[9.092s] [34mcolcon.colcon_parallel_executor.executor.parallel[0m [1;30mDEBUG[0m [32mloop closed[0m
[9.092s] [34mcolcon.colcon_parallel_executor.executor.parallel[0m [1;30mDEBUG[0m [32mrun_until_complete finished with '1'[0m
[9.092s] [34mcolcon.colcon_core.event_reactor[0m [1;30mDEBUG[0m [32mjoining thread[0m
[9.096s] [34mcolcon.colcon_core.plugin_system[0m [1;30mINFO[0m Skipping extension 'colcon_notification.desktop_notification.terminal_notifier': Not used on non-Darwin systems
[9.096s] [34mcolcon.colcon_core.plugin_system[0m [1;30mINFO[0m Skipping extension 'colcon_notification.desktop_notification.win32': Not used on non-Windows systems
[9.096s] [34mcolcon.colcon_notification.desktop_notification[0m [1;30mINFO[0m Sending desktop notification using 'notify2'
[9.106s] [34mcolcon.colcon_core.event_reactor[0m [1;30mDEBUG[0m [32mjoined thread[0m
[9.106s] [34mcolcon.colcon_core.shell[0m [1;30mINFO[0m Creating prefix script '/home/guichen/Documents/the_final_exam/the_final_exam/install/local_setup.ps1'
[9.107s] [34mcolcon.colcon_core.shell[0m [1;30mINFO[0m Creating prefix util module '/home/guichen/Documents/the_final_exam/the_final_exam/install/_local_setup_util_ps1.py'
[9.108s] [34mcolcon.colcon_core.shell[0m [1;30mINFO[0m Creating prefix chain script '/home/guichen/Documents/the_final_exam/the_final_exam/install/setup.ps1'
[9.109s] [34mcolcon.colcon_core.shell[0m [1;30mINFO[0m Creating prefix script '/home/guichen/Documents/the_final_exam/the_final_exam/install/local_setup.sh'
[9.109s] [34mcolcon.colcon_core.shell[0m [1;30mINFO[0m Creating prefix util module '/home/guichen/Documents/the_final_exam/the_final_exam/install/_local_setup_util_sh.py'
[9.109s] [34mcolcon.colcon_core.shell[0m [1;30mINFO[0m Creating prefix chain script '/home/guichen/Documents/the_final_exam/the_final_exam/install/setup.sh'
[9.110s] [34mcolcon.colcon_core.shell[0m [1;30mINFO[0m Creating prefix script '/home/guichen/Documents/the_final_exam/the_final_exam/install/local_setup.bash'
[9.111s] [34mcolcon.colcon_core.shell[0m [1;30mINFO[0m Creating prefix chain script '/home/guichen/Documents/the_final_exam/the_final_exam/install/setup.bash'
[9.111s] [34mcolcon.colcon_core.shell[0m [1;30mINFO[0m Creating prefix script '/home/guichen/Documents/the_final_exam/the_final_exam/install/local_setup.zsh'
[9.112s] [34mcolcon.colcon_core.shell[0m [1;30mINFO[0m Creating prefix chain script '/home/guichen/Documents/the_final_exam/the_final_exam/install/setup.zsh'
