[0.005s] Invoking command in '/home/guichen/Documents/ws/the_final_exam/build/pb_option1_sim': CMAKE_PREFIX_PATH=${CMAKE_PREFIX_PATH}:/home/guichen/Documents/ws/the_final_exam/install/pb_option1_navigation:/opt/ros/humble /usr/bin/cmake /home/guichen/Documents/ws/the_final_exam/pb_option1_sim -DCMAKE_INSTALL_PREFIX=/home/guichen/Documents/ws/the_final_exam/install/pb_option1_sim
[0.043s] -- The C compiler identification is GNU 11.4.0
[0.082s] -- The CXX compiler identification is GNU 11.4.0
[0.086s] -- Detecting C compiler ABI info
[0.127s] -- Detecting C compiler ABI info - done
[0.131s] -- Check for working C compiler: /usr/bin/cc - skipped
[0.131s] -- Detecting C compile features
[0.132s] -- Detecting C compile features - done
[0.134s] -- Detecting CXX compiler ABI info
[0.184s] -- Detecting CXX compiler ABI info - done
[0.188s] -- Check for working CXX compiler: /usr/bin/c++ - skipped
[0.188s] -- Detecting CXX compile features
[0.189s] -- Detecting CXX compile features - done
[0.190s] -- Found ament_cmake: 1.3.12 (/opt/ros/humble/share/ament_cmake/cmake)
[0.293s] -- Found Python3: /usr/bin/python3 (found version "3.10.12") found components: Interpreter 
[0.355s] -- Found gazebo_ros: 3.9.0 (/opt/ros/humble/share/gazebo_ros/cmake)
[0.385s] -- Found rosidl_generator_c: 3.1.7 (/opt/ros/humble/share/rosidl_generator_c/cmake)
[0.388s] -- Found rosidl_adapter: 3.1.7 (/opt/ros/humble/share/rosidl_adapter/cmake)
[0.393s] -- Found rosidl_generator_cpp: 3.1.7 (/opt/ros/humble/share/rosidl_generator_cpp/cmake)
[0.401s] -- Using all available rosidl_typesupport_c: rosidl_typesupport_fastrtps_c;rosidl_typesupport_introspection_c
[0.411s] -- Using all available rosidl_typesupport_cpp: rosidl_typesupport_fastrtps_cpp;rosidl_typesupport_introspection_cpp
[0.439s] -- Found rmw_implementation_cmake: 6.1.2 (/opt/ros/humble/share/rmw_implementation_cmake/cmake)
[0.440s] -- Found rmw_fastrtps_cpp: 6.2.9 (/opt/ros/humble/share/rmw_fastrtps_cpp/cmake)
[0.492s] -- Found OpenSSL: /usr/lib/x86_64-linux-gnu/libcrypto.so (found version "3.0.2")  
[0.512s] -- Found FastRTPS: /opt/ros/humble/include  
[0.541s] -- Using RMW implementation 'rmw_fastrtps_cpp' as default
[0.547s] -- Looking for pthread.h
[0.591s] -- Looking for pthread.h - found
[0.591s] -- Performing Test CMAKE_HAVE_LIBC_PTHREAD
[0.636s] -- Performing Test CMAKE_HAVE_LIBC_PTHREAD - Success
[0.636s] -- Found Threads: TRUE  
[0.675s] -- Found PkgConfig: /usr/bin/pkg-config (found version "0.29.2") 
[0.677s] -- Checking for module 'bullet>=2.82'
[0.684s] --   Found bullet, version 3.05
[0.756s] -- Found fcl: /usr/include (found suitable version "0.7.0", minimum required is "0.5.0") 
[0.790s] -- Found assimp: /usr/include (found version "5.2.0") 
[0.803s] -- Found DART: /usr/include (Required is at least version "6.6") found components: dart 
[0.823s] -- Found Boost: /usr/lib/x86_64-linux-gnu/cmake/Boost-1.74.0/BoostConfig.cmake (found suitable version "1.74.0", minimum required is "1.40.0") found components: thread system filesystem program_options regex iostreams date_time 
[0.834s] -- Found Protobuf: /usr/lib/x86_64-linux-gnu/libprotobuf.so (found version "3.12.4") 
[0.837s] -- Looking for ignition-math6 -- found version 6.15.1
[0.841s] -- Searching for dependencies of ignition-math6
[0.842s] -- Looking for OGRE...
[0.842s] -- OGRE_PREFIX_WATCH changed.
[0.846s] -- Checking for module 'OGRE'
[0.855s] --   Found OGRE, version 1.9.0
[0.875s] -- Found Ogre Ghadamon (1.9.0)
[0.881s] -- Found OGRE: optimized;/usr/lib/x86_64-linux-gnu/libOgreMain.so;debug;/usr/lib/x86_64-linux-gnu/libOgreMain.so
[0.888s] -- Looking for OGRE_Paging...
[0.893s] -- Found OGRE_Paging: optimized;/usr/lib/x86_64-linux-gnu/libOgrePaging.so;debug;/usr/lib/x86_64-linux-gnu/libOgrePaging.so
[0.893s] -- Looking for OGRE_Terrain...
[0.897s] -- Found OGRE_Terrain: optimized;/usr/lib/x86_64-linux-gnu/libOgreTerrain.so;debug;/usr/lib/x86_64-linux-gnu/libOgreTerrain.so
[0.897s] -- Looking for OGRE_Property...
[0.901s] -- Found OGRE_Property: optimized;/usr/lib/x86_64-linux-gnu/libOgreProperty.so;debug;/usr/lib/x86_64-linux-gnu/libOgreProperty.so
[0.901s] -- Looking for OGRE_RTShaderSystem...
[0.905s] -- Found OGRE_RTShaderSystem: optimized;/usr/lib/x86_64-linux-gnu/libOgreRTShaderSystem.so;debug;/usr/lib/x86_64-linux-gnu/libOgreRTShaderSystem.so
[0.905s] -- Looking for OGRE_Volume...
[0.909s] -- Found OGRE_Volume: optimized;/usr/lib/x86_64-linux-gnu/libOgreVolume.so;debug;/usr/lib/x86_64-linux-gnu/libOgreVolume.so
[0.909s] -- Looking for OGRE_Overlay...
[0.913s] -- Found OGRE_Overlay: optimized;/usr/lib/x86_64-linux-gnu/libOgreOverlay.so;debug;/usr/lib/x86_64-linux-gnu/libOgreOverlay.so
[0.997s] -- Looking for ignition-math6 -- found version 6.15.1
[0.999s] -- Looking for ignition-transport8 -- found version 8.2.1
[0.999s] -- Searching for dependencies of ignition-transport8
[1.012s] -- Found Protobuf: /usr/lib/x86_64-linux-gnu/libprotobuf.so (found suitable version "3.12.4", minimum required is "3") 
[1.020s] -- Config-file not installed for ZeroMQ -- checking for pkg-config
[1.025s] -- Checking for module 'libzmq >= 4'
[1.034s] --   Found libzmq , version 4.3.4
[1.059s] -- Found ZeroMQ: TRUE (Required is at least version "4") 
[1.063s] -- Checking for module 'uuid'
[1.073s] --   Found uuid, version 2.37.2
[1.101s] -- Found UUID: TRUE  
[1.104s] -- Looking for ignition-msgs5 -- found version 5.8.1
[1.104s] -- Searching for dependencies of ignition-msgs5
[1.126s] -- Looking for ignition-math6 -- found version 6.15.1
[1.132s] -- Checking for module 'tinyxml2'
[1.145s] --   Found tinyxml2, version 9.0.0
[1.170s] -- Looking for ignition-msgs5 -- found version 5.8.1
[1.172s] -- Looking for ignition-common3 -- found version 3.14.0
[1.173s] -- Searching for dependencies of ignition-common3
[1.173s] -- Looking for dlfcn.h - found
[1.174s] -- Looking for libdl - found
[1.175s] -- Found DL: TRUE  
[1.187s] -- Found tinyobjloader: /usr/lib/x86_64-linux-gnu/cmake/tinyobjloader/tinyobjloader-config.cmake (found version "2.0.0") 
[1.187s] -- Searching for <ignition-common3> component [graphics]
[1.190s] -- Looking for ignition-common3-graphics -- found version 3.14.0
[1.190s] -- Searching for dependencies of ignition-common3-graphics
[1.190s] -- Looking for ignition-math6 -- found version 6.15.1
[1.192s] -- Looking for ignition-fuel_tools4 -- found version 4.4.0
[1.192s] -- Searching for dependencies of ignition-fuel_tools4
[1.240s] -- Found CURL: /usr/lib/x86_64-linux-gnu/libcurl.so (found version "7.81.0")  
[1.247s] -- Checking for module 'jsoncpp'
[1.256s] --   Found jsoncpp, version 1.9.5
[1.275s] -- Found JSONCPP: TRUE  
[1.279s] -- Checking for module 'libzip'
[1.287s] --   Found libzip, version 1.7.3
[1.306s] -- Found ZIP: TRUE  
[1.307s] -- Looking for ignition-common3 -- found version 3.14.0
[1.307s] -- Looking for ignition-math6 -- found version 6.15.1
[1.307s] -- Looking for ignition-msgs5 -- found version 5.8.1
[1.309s] -- Gazebo version: 11.10
[1.309s] -- Checking for module 'tbb'
[1.318s] --   Found tbb, version 2021.5.0
[1.380s] -- Configuring done
[1.383s] -- Generating done
[1.385s] -- Build files have been written to: /home/guichen/Documents/ws/the_final_exam/build/pb_option1_sim
[1.394s] Invoked command in '/home/guichen/Documents/ws/the_final_exam/build/pb_option1_sim' returned '0': CMAKE_PREFIX_PATH=${CMAKE_PREFIX_PATH}:/home/guichen/Documents/ws/the_final_exam/install/pb_option1_navigation:/opt/ros/humble /usr/bin/cmake /home/guichen/Documents/ws/the_final_exam/pb_option1_sim -DCMAKE_INSTALL_PREFIX=/home/guichen/Documents/ws/the_final_exam/install/pb_option1_sim
[1.396s] Invoking command in '/home/guichen/Documents/ws/the_final_exam/build/pb_option1_sim': CMAKE_PREFIX_PATH=${CMAKE_PREFIX_PATH}:/home/guichen/Documents/ws/the_final_exam/install/pb_option1_navigation:/opt/ros/humble /usr/bin/cmake --build /home/guichen/Documents/ws/the_final_exam/build/pb_option1_sim -- -j16 -l16
[1.423s] Invoked command in '/home/guichen/Documents/ws/the_final_exam/build/pb_option1_sim' returned '0': CMAKE_PREFIX_PATH=${CMAKE_PREFIX_PATH}:/home/guichen/Documents/ws/the_final_exam/install/pb_option1_navigation:/opt/ros/humble /usr/bin/cmake --build /home/guichen/Documents/ws/the_final_exam/build/pb_option1_sim -- -j16 -l16
[1.424s] Invoking command in '/home/guichen/Documents/ws/the_final_exam/build/pb_option1_sim': CMAKE_PREFIX_PATH=${CMAKE_PREFIX_PATH}:/home/guichen/Documents/ws/the_final_exam/install/pb_option1_navigation:/opt/ros/humble /usr/bin/cmake --install /home/guichen/Documents/ws/the_final_exam/build/pb_option1_sim
[1.428s] -- Install configuration: ""
[1.429s] -- Installing: /home/guichen/Documents/ws/the_final_exam/install/pb_option1_sim/share/pb_option1_sim/launch
[1.429s] -- Installing: /home/guichen/Documents/ws/the_final_exam/install/pb_option1_sim/share/pb_option1_sim/launch/gazebo_with_objects.launch.py
[1.429s] -- Installing: /home/guichen/Documents/ws/the_final_exam/install/pb_option1_sim/share/ament_index/resource_index/package_run_dependencies/pb_option1_sim
[1.429s] -- Installing: /home/guichen/Documents/ws/the_final_exam/install/pb_option1_sim/share/ament_index/resource_index/parent_prefix_path/pb_option1_sim
[1.429s] -- Installing: /home/guichen/Documents/ws/the_final_exam/install/pb_option1_sim/share/pb_option1_sim/environment/ament_prefix_path.sh
[1.429s] -- Installing: /home/guichen/Documents/ws/the_final_exam/install/pb_option1_sim/share/pb_option1_sim/environment/ament_prefix_path.dsv
[1.429s] -- Installing: /home/guichen/Documents/ws/the_final_exam/install/pb_option1_sim/share/pb_option1_sim/environment/path.sh
[1.429s] -- Installing: /home/guichen/Documents/ws/the_final_exam/install/pb_option1_sim/share/pb_option1_sim/environment/path.dsv
[1.429s] -- Installing: /home/guichen/Documents/ws/the_final_exam/install/pb_option1_sim/share/pb_option1_sim/local_setup.bash
[1.429s] -- Installing: /home/guichen/Documents/ws/the_final_exam/install/pb_option1_sim/share/pb_option1_sim/local_setup.sh
[1.429s] -- Installing: /home/guichen/Documents/ws/the_final_exam/install/pb_option1_sim/share/pb_option1_sim/local_setup.zsh
[1.429s] -- Installing: /home/guichen/Documents/ws/the_final_exam/install/pb_option1_sim/share/pb_option1_sim/local_setup.dsv
[1.429s] -- Installing: /home/guichen/Documents/ws/the_final_exam/install/pb_option1_sim/share/pb_option1_sim/package.dsv
[1.430s] -- Installing: /home/guichen/Documents/ws/the_final_exam/install/pb_option1_sim/share/ament_index/resource_index/packages/pb_option1_sim
[1.430s] -- Installing: /home/guichen/Documents/ws/the_final_exam/install/pb_option1_sim/share/pb_option1_sim/cmake/pb_option1_simConfig.cmake
[1.430s] -- Installing: /home/guichen/Documents/ws/the_final_exam/install/pb_option1_sim/share/pb_option1_sim/cmake/pb_option1_simConfig-version.cmake
[1.430s] -- Installing: /home/guichen/Documents/ws/the_final_exam/install/pb_option1_sim/share/pb_option1_sim/package.xml
[1.431s] Invoked command in '/home/guichen/Documents/ws/the_final_exam/build/pb_option1_sim' returned '0': CMAKE_PREFIX_PATH=${CMAKE_PREFIX_PATH}:/home/guichen/Documents/ws/the_final_exam/install/pb_option1_navigation:/opt/ros/humble /usr/bin/cmake --install /home/guichen/Documents/ws/the_final_exam/build/pb_option1_sim
