[0.097s] [34mcolcon[0m [1;30mDEBUG[0m [32mCommand line arguments: ['/usr/bin/colcon', 'build', '--packages-select', 'pb_option1_vision', '--cmake-clean-cache'][0m
[0.097s] [34mcolcon[0m [1;30mDEBUG[0m [32mParsed command line arguments: Namespace(log_base=None, log_level=None, verb_name='build', build_base='build', install_base='install', merge_install=False, symlink_install=False, test_result_base=None, continue_on_error=False, executor='parallel', parallel_workers=16, event_handlers=None, ignore_user_meta=False, metas=['./colcon.meta'], base_paths=['.'], packages_ignore=None, packages_ignore_regex=None, paths=None, packages_up_to=None, packages_up_to_regex=None, packages_above=None, packages_above_and_dependencies=None, packages_above_depth=None, packages_select_by_dep=None, packages_skip_by_dep=None, packages_skip_up_to=None, packages_select_build_failed=False, packages_skip_build_finished=False, packages_select_test_failures=False, packages_skip_test_passed=False, packages_select=['pb_option1_vision'], packages_skip=None, packages_select_regex=None, packages_skip_regex=None, packages_start=None, packages_end=None, allow_overriding=[], cmake_args=None, cmake_target=None, cmake_target_skip_unavailable=False, cmake_clean_cache=True, cmake_clean_first=False, cmake_force_configure=False, ament_cmake_args=None, catkin_cmake_args=None, catkin_skip_building_tests=False, verb_parser=<colcon_defaults.argument_parser.defaults.DefaultArgumentsDecorator object at 0x747a468f78e0>, verb_extension=<colcon_core.verb.build.BuildVerb object at 0x747a46834df0>, main=<bound method BuildVerb.main of <colcon_core.verb.build.BuildVerb object at 0x747a46834df0>>)[0m
[0.251s] [34mcolcon.colcon_core.package_discovery[0m [1;30mLevel 1[0m discover_packages(colcon_meta) check parameters
[0.251s] [34mcolcon.colcon_core.package_discovery[0m [1;30mLevel 1[0m discover_packages(recursive) check parameters
[0.251s] [34mcolcon.colcon_core.package_discovery[0m [1;30mLevel 1[0m discover_packages(ignore) check parameters
[0.251s] [34mcolcon.colcon_core.package_discovery[0m [1;30mLevel 1[0m discover_packages(path) check parameters
[0.251s] [34mcolcon.colcon_core.package_discovery[0m [1;30mLevel 1[0m discover_packages(colcon_meta) discover
[0.251s] [34mcolcon.colcon_core.package_discovery[0m [1;30mLevel 1[0m discover_packages(recursive) discover
[0.251s] [34mcolcon.colcon_core.package_discovery[0m [1;30mINFO[0m Crawling recursively for packages in '/home/guichen/Documents/the_final_exam/the_final_exam'
[0.251s] [34mcolcon.colcon_core.package_identification[0m [1;30mLevel 1[0m _identify(.) by extensions ['ignore', 'ignore_ament_install']
[0.251s] [34mcolcon.colcon_core.package_identification[0m [1;30mLevel 1[0m _identify(.) by extension 'ignore'
[0.251s] [34mcolcon.colcon_core.package_identification[0m [1;30mLevel 1[0m _identify(.) by extension 'ignore_ament_install'
[0.251s] [34mcolcon.colcon_core.package_identification[0m [1;30mLevel 1[0m _identify(.) by extensions ['colcon_pkg']
[0.251s] [34mcolcon.colcon_core.package_identification[0m [1;30mLevel 1[0m _identify(.) by extension 'colcon_pkg'
[0.251s] [34mcolcon.colcon_core.package_identification[0m [1;30mLevel 1[0m _identify(.) by extensions ['colcon_meta']
[0.251s] [34mcolcon.colcon_core.package_identification[0m [1;30mLevel 1[0m _identify(.) by extension 'colcon_meta'
[0.251s] [34mcolcon.colcon_core.package_identification[0m [1;30mLevel 1[0m _identify(.) by extensions ['ros']
[0.251s] [34mcolcon.colcon_core.package_identification[0m [1;30mLevel 1[0m _identify(.) by extension 'ros'
[0.260s] [34mcolcon.colcon_core.package_identification[0m [1;30mLevel 1[0m _identify(.) by extensions ['cmake', 'python']
[0.260s] [34mcolcon.colcon_core.package_identification[0m [1;30mLevel 1[0m _identify(.) by extension 'cmake'
[0.260s] [34mcolcon.colcon_core.package_identification[0m [1;30mLevel 1[0m _identify(.) by extension 'python'
[0.260s] [34mcolcon.colcon_core.package_identification[0m [1;30mLevel 1[0m _identify(.) by extensions ['python_setup_py']
[0.260s] [34mcolcon.colcon_core.package_identification[0m [1;30mLevel 1[0m _identify(.) by extension 'python_setup_py'
[0.260s] [34mcolcon.colcon_core.package_identification[0m [1;30mLevel 1[0m _identify(build) by extensions ['ignore', 'ignore_ament_install']
[0.260s] [34mcolcon.colcon_core.package_identification[0m [1;30mLevel 1[0m _identify(build) by extension 'ignore'
[0.260s] [34mcolcon.colcon_core.package_identification[0m [1;30mLevel 1[0m _identify(build) ignored
[0.260s] [34mcolcon.colcon_core.package_identification[0m [1;30mLevel 1[0m _identify(install) by extensions ['ignore', 'ignore_ament_install']
[0.260s] [34mcolcon.colcon_core.package_identification[0m [1;30mLevel 1[0m _identify(install) by extension 'ignore'
[0.260s] [34mcolcon.colcon_core.package_identification[0m [1;30mLevel 1[0m _identify(install) ignored
[0.260s] [34mcolcon.colcon_core.package_identification[0m [1;30mLevel 1[0m _identify(log) by extensions ['ignore', 'ignore_ament_install']
[0.260s] [34mcolcon.colcon_core.package_identification[0m [1;30mLevel 1[0m _identify(log) by extension 'ignore'
[0.260s] [34mcolcon.colcon_core.package_identification[0m [1;30mLevel 1[0m _identify(log) ignored
[0.260s] [34mcolcon.colcon_core.package_identification[0m [1;30mLevel 1[0m _identify(pb_option1_bringup) by extensions ['ignore', 'ignore_ament_install']
[0.260s] [34mcolcon.colcon_core.package_identification[0m [1;30mLevel 1[0m _identify(pb_option1_bringup) by extension 'ignore'
[0.260s] [34mcolcon.colcon_core.package_identification[0m [1;30mLevel 1[0m _identify(pb_option1_bringup) by extension 'ignore_ament_install'
[0.261s] [34mcolcon.colcon_core.package_identification[0m [1;30mLevel 1[0m _identify(pb_option1_bringup) by extensions ['colcon_pkg']
[0.261s] [34mcolcon.colcon_core.package_identification[0m [1;30mLevel 1[0m _identify(pb_option1_bringup) by extension 'colcon_pkg'
[0.261s] [34mcolcon.colcon_core.package_identification[0m [1;30mLevel 1[0m _identify(pb_option1_bringup) by extensions ['colcon_meta']
[0.261s] [34mcolcon.colcon_core.package_identification[0m [1;30mLevel 1[0m _identify(pb_option1_bringup) by extension 'colcon_meta'
[0.261s] [34mcolcon.colcon_core.package_identification[0m [1;30mLevel 1[0m _identify(pb_option1_bringup) by extensions ['ros']
[0.261s] [34mcolcon.colcon_core.package_identification[0m [1;30mLevel 1[0m _identify(pb_option1_bringup) by extension 'ros'
[0.261s] [34mcolcon.colcon_core.package_identification[0m [1;30mLevel 1[0m _identify(pb_option1_bringup) by extensions ['cmake', 'python']
[0.261s] [34mcolcon.colcon_core.package_identification[0m [1;30mLevel 1[0m _identify(pb_option1_bringup) by extension 'cmake'
[0.261s] [34mcolcon.colcon_core.package_identification[0m [1;30mLevel 1[0m _identify(pb_option1_bringup) by extension 'python'
[0.261s] [34mcolcon.colcon_core.package_identification[0m [1;30mLevel 1[0m _identify(pb_option1_bringup) by extensions ['python_setup_py']
[0.261s] [34mcolcon.colcon_core.package_identification[0m [1;30mLevel 1[0m _identify(pb_option1_bringup) by extension 'python_setup_py'
[0.261s] [34mcolcon.colcon_core.package_identification[0m [1;30mLevel 1[0m _identify(pb_option1_bringup/launch) by extensions ['ignore', 'ignore_ament_install']
[0.261s] [34mcolcon.colcon_core.package_identification[0m [1;30mLevel 1[0m _identify(pb_option1_bringup/launch) by extension 'ignore'
[0.261s] [34mcolcon.colcon_core.package_identification[0m [1;30mLevel 1[0m _identify(pb_option1_bringup/launch) by extension 'ignore_ament_install'
[0.261s] [34mcolcon.colcon_core.package_identification[0m [1;30mLevel 1[0m _identify(pb_option1_bringup/launch) by extensions ['colcon_pkg']
[0.261s] [34mcolcon.colcon_core.package_identification[0m [1;30mLevel 1[0m _identify(pb_option1_bringup/launch) by extension 'colcon_pkg'
[0.261s] [34mcolcon.colcon_core.package_identification[0m [1;30mLevel 1[0m _identify(pb_option1_bringup/launch) by extensions ['colcon_meta']
[0.261s] [34mcolcon.colcon_core.package_identification[0m [1;30mLevel 1[0m _identify(pb_option1_bringup/launch) by extension 'colcon_meta'
[0.261s] [34mcolcon.colcon_core.package_identification[0m [1;30mLevel 1[0m _identify(pb_option1_bringup/launch) by extensions ['ros']
[0.261s] [34mcolcon.colcon_core.package_identification[0m [1;30mLevel 1[0m _identify(pb_option1_bringup/launch) by extension 'ros'
[0.261s] [34mcolcon.colcon_core.package_identification[0m [1;30mLevel 1[0m _identify(pb_option1_bringup/launch) by extensions ['cmake', 'python']
[0.261s] [34mcolcon.colcon_core.package_identification[0m [1;30mLevel 1[0m _identify(pb_option1_bringup/launch) by extension 'cmake'
[0.261s] [34mcolcon.colcon_core.package_identification[0m [1;30mLevel 1[0m _identify(pb_option1_bringup/launch) by extension 'python'
[0.261s] [34mcolcon.colcon_core.package_identification[0m [1;30mLevel 1[0m _identify(pb_option1_bringup/launch) by extensions ['python_setup_py']
[0.261s] [34mcolcon.colcon_core.package_identification[0m [1;30mLevel 1[0m _identify(pb_option1_bringup/launch) by extension 'python_setup_py'
[0.261s] [34mcolcon.colcon_core.package_identification[0m [1;30mLevel 1[0m _identify(pb_option1_description) by extensions ['ignore', 'ignore_ament_install']
[0.261s] [34mcolcon.colcon_core.package_identification[0m [1;30mLevel 1[0m _identify(pb_option1_description) by extension 'ignore'
[0.261s] [34mcolcon.colcon_core.package_identification[0m [1;30mLevel 1[0m _identify(pb_option1_description) by extension 'ignore_ament_install'
[0.261s] [34mcolcon.colcon_core.package_identification[0m [1;30mLevel 1[0m _identify(pb_option1_description) by extensions ['colcon_pkg']
[0.261s] [34mcolcon.colcon_core.package_identification[0m [1;30mLevel 1[0m _identify(pb_option1_description) by extension 'colcon_pkg'
[0.261s] [34mcolcon.colcon_core.package_identification[0m [1;30mLevel 1[0m _identify(pb_option1_description) by extensions ['colcon_meta']
[0.261s] [34mcolcon.colcon_core.package_identification[0m [1;30mLevel 1[0m _identify(pb_option1_description) by extension 'colcon_meta'
[0.261s] [34mcolcon.colcon_core.package_identification[0m [1;30mLevel 1[0m _identify(pb_option1_description) by extensions ['ros']
[0.261s] [34mcolcon.colcon_core.package_identification[0m [1;30mLevel 1[0m _identify(pb_option1_description) by extension 'ros'
[0.262s] [34mcolcon.colcon_core.package_identification[0m [1;30mLevel 1[0m _identify(pb_option1_description) by extensions ['cmake', 'python']
[0.262s] [34mcolcon.colcon_core.package_identification[0m [1;30mLevel 1[0m _identify(pb_option1_description) by extension 'cmake'
[0.262s] [34mcolcon.colcon_core.package_identification[0m [1;30mLevel 1[0m _identify(pb_option1_description) by extension 'python'
[0.262s] [34mcolcon.colcon_core.package_identification[0m [1;30mLevel 1[0m _identify(pb_option1_description) by extensions ['python_setup_py']
[0.262s] [34mcolcon.colcon_core.package_identification[0m [1;30mLevel 1[0m _identify(pb_option1_description) by extension 'python_setup_py'
[0.262s] [34mcolcon.colcon_core.package_identification[0m [1;30mLevel 1[0m _identify(pb_option1_description/pb2025_robot_description) by extensions ['ignore', 'ignore_ament_install']
[0.262s] [34mcolcon.colcon_core.package_identification[0m [1;30mLevel 1[0m _identify(pb_option1_description/pb2025_robot_description) by extension 'ignore'
[0.262s] [34mcolcon.colcon_core.package_identification[0m [1;30mLevel 1[0m _identify(pb_option1_description/pb2025_robot_description) by extension 'ignore_ament_install'
[0.262s] [34mcolcon.colcon_core.package_identification[0m [1;30mLevel 1[0m _identify(pb_option1_description/pb2025_robot_description) by extensions ['colcon_pkg']
[0.262s] [34mcolcon.colcon_core.package_identification[0m [1;30mLevel 1[0m _identify(pb_option1_description/pb2025_robot_description) by extension 'colcon_pkg'
[0.262s] [34mcolcon.colcon_core.package_identification[0m [1;30mLevel 1[0m _identify(pb_option1_description/pb2025_robot_description) by extensions ['colcon_meta']
[0.262s] [34mcolcon.colcon_core.package_identification[0m [1;30mLevel 1[0m _identify(pb_option1_description/pb2025_robot_description) by extension 'colcon_meta'
[0.262s] [34mcolcon.colcon_core.package_identification[0m [1;30mLevel 1[0m _identify(pb_option1_description/pb2025_robot_description) by extensions ['ros']
[0.262s] [34mcolcon.colcon_core.package_identification[0m [1;30mLevel 1[0m _identify(pb_option1_description/pb2025_robot_description) by extension 'ros'
[0.271s] [34mcolcon.colcon_core.package_identification[0m [1;30mDEBUG[0m [32mPackage 'pb_option1_description/pb2025_robot_description' with type 'ros.ament_cmake' and name 'pb2025_robot_description'[0m
[0.271s] [34mcolcon.colcon_core.package_identification[0m [1;30mLevel 1[0m _identify(pb_option1_navigation) by extensions ['ignore', 'ignore_ament_install']
[0.271s] [34mcolcon.colcon_core.package_identification[0m [1;30mLevel 1[0m _identify(pb_option1_navigation) by extension 'ignore'
[0.271s] [34mcolcon.colcon_core.package_identification[0m [1;30mLevel 1[0m _identify(pb_option1_navigation) by extension 'ignore_ament_install'
[0.271s] [34mcolcon.colcon_core.package_identification[0m [1;30mLevel 1[0m _identify(pb_option1_navigation) by extensions ['colcon_pkg']
[0.271s] [34mcolcon.colcon_core.package_identification[0m [1;30mLevel 1[0m _identify(pb_option1_navigation) by extension 'colcon_pkg'
[0.271s] [34mcolcon.colcon_core.package_identification[0m [1;30mLevel 1[0m _identify(pb_option1_navigation) by extensions ['colcon_meta']
[0.271s] [34mcolcon.colcon_core.package_identification[0m [1;30mLevel 1[0m _identify(pb_option1_navigation) by extension 'colcon_meta'
[0.271s] [34mcolcon.colcon_core.package_identification[0m [1;30mLevel 1[0m _identify(pb_option1_navigation) by extensions ['ros']
[0.271s] [34mcolcon.colcon_core.package_identification[0m [1;30mLevel 1[0m _identify(pb_option1_navigation) by extension 'ros'
[0.271s] [34mcolcon.colcon_core.package_identification[0m [1;30mLevel 1[0m _identify(pb_option1_navigation) by extensions ['cmake', 'python']
[0.271s] [34mcolcon.colcon_core.package_identification[0m [1;30mLevel 1[0m _identify(pb_option1_navigation) by extension 'cmake'
[0.271s] [34mcolcon.colcon_core.package_identification[0m [1;30mLevel 1[0m _identify(pb_option1_navigation) by extension 'python'
[0.271s] [34mcolcon.colcon_core.package_identification[0m [1;30mLevel 1[0m _identify(pb_option1_navigation) by extensions ['python_setup_py']
[0.271s] [34mcolcon.colcon_core.package_identification[0m [1;30mLevel 1[0m _identify(pb_option1_navigation) by extension 'python_setup_py'
[0.271s] [34mcolcon.colcon_core.package_identification[0m [1;30mLevel 1[0m _identify(pb_option1_navigation/config) by extensions ['ignore', 'ignore_ament_install']
[0.271s] [34mcolcon.colcon_core.package_identification[0m [1;30mLevel 1[0m _identify(pb_option1_navigation/config) by extension 'ignore'
[0.271s] [34mcolcon.colcon_core.package_identification[0m [1;30mLevel 1[0m _identify(pb_option1_navigation/config) by extension 'ignore_ament_install'
[0.271s] [34mcolcon.colcon_core.package_identification[0m [1;30mLevel 1[0m _identify(pb_option1_navigation/config) by extensions ['colcon_pkg']
[0.271s] [34mcolcon.colcon_core.package_identification[0m [1;30mLevel 1[0m _identify(pb_option1_navigation/config) by extension 'colcon_pkg'
[0.272s] [34mcolcon.colcon_core.package_identification[0m [1;30mLevel 1[0m _identify(pb_option1_navigation/config) by extensions ['colcon_meta']
[0.272s] [34mcolcon.colcon_core.package_identification[0m [1;30mLevel 1[0m _identify(pb_option1_navigation/config) by extension 'colcon_meta'
[0.272s] [34mcolcon.colcon_core.package_identification[0m [1;30mLevel 1[0m _identify(pb_option1_navigation/config) by extensions ['ros']
[0.272s] [34mcolcon.colcon_core.package_identification[0m [1;30mLevel 1[0m _identify(pb_option1_navigation/config) by extension 'ros'
[0.272s] [34mcolcon.colcon_core.package_identification[0m [1;30mLevel 1[0m _identify(pb_option1_navigation/config) by extensions ['cmake', 'python']
[0.272s] [34mcolcon.colcon_core.package_identification[0m [1;30mLevel 1[0m _identify(pb_option1_navigation/config) by extension 'cmake'
[0.272s] [34mcolcon.colcon_core.package_identification[0m [1;30mLevel 1[0m _identify(pb_option1_navigation/config) by extension 'python'
[0.272s] [34mcolcon.colcon_core.package_identification[0m [1;30mLevel 1[0m _identify(pb_option1_navigation/config) by extensions ['python_setup_py']
[0.272s] [34mcolcon.colcon_core.package_identification[0m [1;30mLevel 1[0m _identify(pb_option1_navigation/config) by extension 'python_setup_py'
[0.272s] [34mcolcon.colcon_core.package_identification[0m [1;30mLevel 1[0m _identify(pb_option1_navigation/launch) by extensions ['ignore', 'ignore_ament_install']
[0.272s] [34mcolcon.colcon_core.package_identification[0m [1;30mLevel 1[0m _identify(pb_option1_navigation/launch) by extension 'ignore'
[0.272s] [34mcolcon.colcon_core.package_identification[0m [1;30mLevel 1[0m _identify(pb_option1_navigation/launch) by extension 'ignore_ament_install'
[0.272s] [34mcolcon.colcon_core.package_identification[0m [1;30mLevel 1[0m _identify(pb_option1_navigation/launch) by extensions ['colcon_pkg']
[0.272s] [34mcolcon.colcon_core.package_identification[0m [1;30mLevel 1[0m _identify(pb_option1_navigation/launch) by extension 'colcon_pkg'
[0.272s] [34mcolcon.colcon_core.package_identification[0m [1;30mLevel 1[0m _identify(pb_option1_navigation/launch) by extensions ['colcon_meta']
[0.272s] [34mcolcon.colcon_core.package_identification[0m [1;30mLevel 1[0m _identify(pb_option1_navigation/launch) by extension 'colcon_meta'
[0.272s] [34mcolcon.colcon_core.package_identification[0m [1;30mLevel 1[0m _identify(pb_option1_navigation/launch) by extensions ['ros']
[0.272s] [34mcolcon.colcon_core.package_identification[0m [1;30mLevel 1[0m _identify(pb_option1_navigation/launch) by extension 'ros'
[0.272s] [34mcolcon.colcon_core.package_identification[0m [1;30mLevel 1[0m _identify(pb_option1_navigation/launch) by extensions ['cmake', 'python']
[0.272s] [34mcolcon.colcon_core.package_identification[0m [1;30mLevel 1[0m _identify(pb_option1_navigation/launch) by extension 'cmake'
[0.272s] [34mcolcon.colcon_core.package_identification[0m [1;30mLevel 1[0m _identify(pb_option1_navigation/launch) by extension 'python'
[0.272s] [34mcolcon.colcon_core.package_identification[0m [1;30mLevel 1[0m _identify(pb_option1_navigation/launch) by extensions ['python_setup_py']
[0.272s] [34mcolcon.colcon_core.package_identification[0m [1;30mLevel 1[0m _identify(pb_option1_navigation/launch) by extension 'python_setup_py'
[0.272s] [34mcolcon.colcon_core.package_identification[0m [1;30mLevel 1[0m _identify(pb_option1_navigation/maps) by extensions ['ignore', 'ignore_ament_install']
[0.272s] [34mcolcon.colcon_core.package_identification[0m [1;30mLevel 1[0m _identify(pb_option1_navigation/maps) by extension 'ignore'
[0.272s] [34mcolcon.colcon_core.package_identification[0m [1;30mLevel 1[0m _identify(pb_option1_navigation/maps) by extension 'ignore_ament_install'
[0.272s] [34mcolcon.colcon_core.package_identification[0m [1;30mLevel 1[0m _identify(pb_option1_navigation/maps) by extensions ['colcon_pkg']
[0.272s] [34mcolcon.colcon_core.package_identification[0m [1;30mLevel 1[0m _identify(pb_option1_navigation/maps) by extension 'colcon_pkg'
[0.272s] [34mcolcon.colcon_core.package_identification[0m [1;30mLevel 1[0m _identify(pb_option1_navigation/maps) by extensions ['colcon_meta']
[0.272s] [34mcolcon.colcon_core.package_identification[0m [1;30mLevel 1[0m _identify(pb_option1_navigation/maps) by extension 'colcon_meta'
[0.272s] [34mcolcon.colcon_core.package_identification[0m [1;30mLevel 1[0m _identify(pb_option1_navigation/maps) by extensions ['ros']
[0.272s] [34mcolcon.colcon_core.package_identification[0m [1;30mLevel 1[0m _identify(pb_option1_navigation/maps) by extension 'ros'
[0.272s] [34mcolcon.colcon_core.package_identification[0m [1;30mLevel 1[0m _identify(pb_option1_navigation/maps) by extensions ['cmake', 'python']
[0.272s] [34mcolcon.colcon_core.package_identification[0m [1;30mLevel 1[0m _identify(pb_option1_navigation/maps) by extension 'cmake'
[0.272s] [34mcolcon.colcon_core.package_identification[0m [1;30mLevel 1[0m _identify(pb_option1_navigation/maps) by extension 'python'
[0.273s] [34mcolcon.colcon_core.package_identification[0m [1;30mLevel 1[0m _identify(pb_option1_navigation/maps) by extensions ['python_setup_py']
[0.273s] [34mcolcon.colcon_core.package_identification[0m [1;30mLevel 1[0m _identify(pb_option1_navigation/maps) by extension 'python_setup_py'
[0.273s] [34mcolcon.colcon_core.package_identification[0m [1;30mLevel 1[0m _identify(pb_option1_sim) by extensions ['ignore', 'ignore_ament_install']
[0.273s] [34mcolcon.colcon_core.package_identification[0m [1;30mLevel 1[0m _identify(pb_option1_sim) by extension 'ignore'
[0.273s] [34mcolcon.colcon_core.package_identification[0m [1;30mLevel 1[0m _identify(pb_option1_sim) by extension 'ignore_ament_install'
[0.273s] [34mcolcon.colcon_core.package_identification[0m [1;30mLevel 1[0m _identify(pb_option1_sim) by extensions ['colcon_pkg']
[0.273s] [34mcolcon.colcon_core.package_identification[0m [1;30mLevel 1[0m _identify(pb_option1_sim) by extension 'colcon_pkg'
[0.273s] [34mcolcon.colcon_core.package_identification[0m [1;30mLevel 1[0m _identify(pb_option1_sim) by extensions ['colcon_meta']
[0.273s] [34mcolcon.colcon_core.package_identification[0m [1;30mLevel 1[0m _identify(pb_option1_sim) by extension 'colcon_meta'
[0.273s] [34mcolcon.colcon_core.package_identification[0m [1;30mLevel 1[0m _identify(pb_option1_sim) by extensions ['ros']
[0.273s] [34mcolcon.colcon_core.package_identification[0m [1;30mLevel 1[0m _identify(pb_option1_sim) by extension 'ros'
[0.273s] [34mcolcon.colcon_core.package_identification[0m [1;30mLevel 1[0m _identify(pb_option1_sim) by extensions ['cmake', 'python']
[0.273s] [34mcolcon.colcon_core.package_identification[0m [1;30mLevel 1[0m _identify(pb_option1_sim) by extension 'cmake'
[0.273s] [34mcolcon.colcon_core.package_identification[0m [1;30mLevel 1[0m _identify(pb_option1_sim) by extension 'python'
[0.273s] [34mcolcon.colcon_core.package_identification[0m [1;30mLevel 1[0m _identify(pb_option1_sim) by extensions ['python_setup_py']
[0.273s] [34mcolcon.colcon_core.package_identification[0m [1;30mLevel 1[0m _identify(pb_option1_sim) by extension 'python_setup_py'
[0.273s] [34mcolcon.colcon_core.package_identification[0m [1;30mLevel 1[0m _identify(pb_option1_sim/launch) by extensions ['ignore', 'ignore_ament_install']
[0.273s] [34mcolcon.colcon_core.package_identification[0m [1;30mLevel 1[0m _identify(pb_option1_sim/launch) by extension 'ignore'
[0.273s] [34mcolcon.colcon_core.package_identification[0m [1;30mLevel 1[0m _identify(pb_option1_sim/launch) by extension 'ignore_ament_install'
[0.273s] [34mcolcon.colcon_core.package_identification[0m [1;30mLevel 1[0m _identify(pb_option1_sim/launch) by extensions ['colcon_pkg']
[0.273s] [34mcolcon.colcon_core.package_identification[0m [1;30mLevel 1[0m _identify(pb_option1_sim/launch) by extension 'colcon_pkg'
[0.273s] [34mcolcon.colcon_core.package_identification[0m [1;30mLevel 1[0m _identify(pb_option1_sim/launch) by extensions ['colcon_meta']
[0.273s] [34mcolcon.colcon_core.package_identification[0m [1;30mLevel 1[0m _identify(pb_option1_sim/launch) by extension 'colcon_meta'
[0.273s] [34mcolcon.colcon_core.package_identification[0m [1;30mLevel 1[0m _identify(pb_option1_sim/launch) by extensions ['ros']
[0.273s] [34mcolcon.colcon_core.package_identification[0m [1;30mLevel 1[0m _identify(pb_option1_sim/launch) by extension 'ros'
[0.273s] [34mcolcon.colcon_core.package_identification[0m [1;30mLevel 1[0m _identify(pb_option1_sim/launch) by extensions ['cmake', 'python']
[0.273s] [34mcolcon.colcon_core.package_identification[0m [1;30mLevel 1[0m _identify(pb_option1_sim/launch) by extension 'cmake'
[0.273s] [34mcolcon.colcon_core.package_identification[0m [1;30mLevel 1[0m _identify(pb_option1_sim/launch) by extension 'python'
[0.274s] [34mcolcon.colcon_core.package_identification[0m [1;30mLevel 1[0m _identify(pb_option1_sim/launch) by extensions ['python_setup_py']
[0.274s] [34mcolcon.colcon_core.package_identification[0m [1;30mLevel 1[0m _identify(pb_option1_sim/launch) by extension 'python_setup_py'
[0.274s] [34mcolcon.colcon_core.package_identification[0m [1;30mLevel 1[0m _identify(pb_option1_sim/worlds) by extensions ['ignore', 'ignore_ament_install']
[0.274s] [34mcolcon.colcon_core.package_identification[0m [1;30mLevel 1[0m _identify(pb_option1_sim/worlds) by extension 'ignore'
[0.274s] [34mcolcon.colcon_core.package_identification[0m [1;30mLevel 1[0m _identify(pb_option1_sim/worlds) by extension 'ignore_ament_install'
[0.274s] [34mcolcon.colcon_core.package_identification[0m [1;30mLevel 1[0m _identify(pb_option1_sim/worlds) by extensions ['colcon_pkg']
[0.274s] [34mcolcon.colcon_core.package_identification[0m [1;30mLevel 1[0m _identify(pb_option1_sim/worlds) by extension 'colcon_pkg'
[0.274s] [34mcolcon.colcon_core.package_identification[0m [1;30mLevel 1[0m _identify(pb_option1_sim/worlds) by extensions ['colcon_meta']
[0.274s] [34mcolcon.colcon_core.package_identification[0m [1;30mLevel 1[0m _identify(pb_option1_sim/worlds) by extension 'colcon_meta'
[0.274s] [34mcolcon.colcon_core.package_identification[0m [1;30mLevel 1[0m _identify(pb_option1_sim/worlds) by extensions ['ros']
[0.274s] [34mcolcon.colcon_core.package_identification[0m [1;30mLevel 1[0m _identify(pb_option1_sim/worlds) by extension 'ros'
[0.274s] [34mcolcon.colcon_core.package_identification[0m [1;30mLevel 1[0m _identify(pb_option1_sim/worlds) by extensions ['cmake', 'python']
[0.274s] [34mcolcon.colcon_core.package_identification[0m [1;30mLevel 1[0m _identify(pb_option1_sim/worlds) by extension 'cmake'
[0.274s] [34mcolcon.colcon_core.package_identification[0m [1;30mLevel 1[0m _identify(pb_option1_sim/worlds) by extension 'python'
[0.274s] [34mcolcon.colcon_core.package_identification[0m [1;30mLevel 1[0m _identify(pb_option1_sim/worlds) by extensions ['python_setup_py']
[0.274s] [34mcolcon.colcon_core.package_identification[0m [1;30mLevel 1[0m _identify(pb_option1_sim/worlds) by extension 'python_setup_py'
[0.274s] [34mcolcon.colcon_core.package_identification[0m [1;30mLevel 1[0m _identify(pb_option1_vision) by extensions ['ignore', 'ignore_ament_install']
[0.274s] [34mcolcon.colcon_core.package_identification[0m [1;30mLevel 1[0m _identify(pb_option1_vision) by extension 'ignore'
[0.274s] [34mcolcon.colcon_core.package_identification[0m [1;30mLevel 1[0m _identify(pb_option1_vision) by extension 'ignore_ament_install'
[0.274s] [34mcolcon.colcon_core.package_identification[0m [1;30mLevel 1[0m _identify(pb_option1_vision) by extensions ['colcon_pkg']
[0.274s] [34mcolcon.colcon_core.package_identification[0m [1;30mLevel 1[0m _identify(pb_option1_vision) by extension 'colcon_pkg'
[0.274s] [34mcolcon.colcon_core.package_identification[0m [1;30mLevel 1[0m _identify(pb_option1_vision) by extensions ['colcon_meta']
[0.274s] [34mcolcon.colcon_core.package_identification[0m [1;30mLevel 1[0m _identify(pb_option1_vision) by extension 'colcon_meta'
[0.274s] [34mcolcon.colcon_core.package_identification[0m [1;30mLevel 1[0m _identify(pb_option1_vision) by extensions ['ros']
[0.274s] [34mcolcon.colcon_core.package_identification[0m [1;30mLevel 1[0m _identify(pb_option1_vision) by extension 'ros'
[0.275s] [34mcolcon.colcon_core.package_identification[0m [1;30mDEBUG[0m [32mPackage 'pb_option1_vision' with type 'ros.ament_cmake' and name 'pb_option1_vision'[0m
[0.275s] [34mcolcon.colcon_core.package_discovery[0m [1;30mLevel 1[0m discover_packages(recursive) using defaults
[0.275s] [34mcolcon.colcon_core.package_discovery[0m [1;30mLevel 1[0m discover_packages(ignore) discover
[0.275s] [34mcolcon.colcon_core.package_discovery[0m [1;30mLevel 1[0m discover_packages(ignore) using defaults
[0.275s] [34mcolcon.colcon_core.package_discovery[0m [1;30mLevel 1[0m discover_packages(path) discover
[0.275s] [34mcolcon.colcon_core.package_discovery[0m [1;30mLevel 1[0m discover_packages(path) using defaults
[0.288s] [34mcolcon.colcon_core.package_selection[0m [1;30mINFO[0m Skipping not selected package 'pb2025_robot_description' in 'pb_option1_description/pb2025_robot_description'
[0.289s] [34mcolcon.colcon_core.package_discovery[0m [1;30mLevel 1[0m discover_packages(prefix_path) check parameters
[0.289s] [34mcolcon.colcon_core.package_discovery[0m [1;30mLevel 1[0m discover_packages(prefix_path) discover
[0.291s] [34mcolcon.colcon_installed_package_information.package_discovery[0m [1;30mDEBUG[0m [32mFound 381 installed packages in /opt/ros/humble[0m
[0.292s] [34mcolcon.colcon_core.package_discovery[0m [1;30mLevel 1[0m discover_packages(prefix_path) using defaults
[0.321s] [34mcolcon.colcon_core.verb[0m [1;30mLevel 5[0m set package 'pb_option1_vision' build argument 'cmake_args' from command line to 'None'
[0.321s] [34mcolcon.colcon_core.verb[0m [1;30mLevel 5[0m set package 'pb_option1_vision' build argument 'cmake_target' from command line to 'None'
[0.321s] [34mcolcon.colcon_core.verb[0m [1;30mLevel 5[0m set package 'pb_option1_vision' build argument 'cmake_target_skip_unavailable' from command line to 'False'
[0.321s] [34mcolcon.colcon_core.verb[0m [1;30mLevel 5[0m set package 'pb_option1_vision' build argument 'cmake_clean_cache' from command line to 'True'
[0.321s] [34mcolcon.colcon_core.verb[0m [1;30mLevel 5[0m set package 'pb_option1_vision' build argument 'cmake_clean_first' from command line to 'False'
[0.321s] [34mcolcon.colcon_core.verb[0m [1;30mLevel 5[0m set package 'pb_option1_vision' build argument 'cmake_force_configure' from command line to 'False'
[0.321s] [34mcolcon.colcon_core.verb[0m [1;30mLevel 5[0m set package 'pb_option1_vision' build argument 'ament_cmake_args' from command line to 'None'
[0.321s] [34mcolcon.colcon_core.verb[0m [1;30mLevel 5[0m set package 'pb_option1_vision' build argument 'catkin_cmake_args' from command line to 'None'
[0.321s] [34mcolcon.colcon_core.verb[0m [1;30mLevel 5[0m set package 'pb_option1_vision' build argument 'catkin_skip_building_tests' from command line to 'False'
[0.321s] [34mcolcon.colcon_core.verb[0m [1;30mDEBUG[0m [32mBuilding package 'pb_option1_vision' with the following arguments: {'ament_cmake_args': None, 'build_base': '/home/guichen/Documents/the_final_exam/the_final_exam/build/pb_option1_vision', 'catkin_cmake_args': None, 'catkin_skip_building_tests': False, 'cmake_args': None, 'cmake_clean_cache': True, 'cmake_clean_first': False, 'cmake_force_configure': False, 'cmake_target': None, 'cmake_target_skip_unavailable': False, 'install_base': '/home/guichen/Documents/the_final_exam/the_final_exam/install/pb_option1_vision', 'merge_install': False, 'path': '/home/guichen/Documents/the_final_exam/the_final_exam/pb_option1_vision', 'symlink_install': False, 'test_result_base': None}[0m
[0.321s] [34mcolcon.colcon_core.executor[0m [1;30mINFO[0m Executing jobs using 'parallel' executor
[0.322s] [34mcolcon.colcon_parallel_executor.executor.parallel[0m [1;30mDEBUG[0m [32mrun_until_complete[0m
[0.323s] [34mcolcon.colcon_ros.task.ament_cmake.build[0m [1;30mINFO[0m Building ROS package in '/home/guichen/Documents/the_final_exam/the_final_exam/pb_option1_vision' with build type 'ament_cmake'
[0.323s] [34mcolcon.colcon_cmake.task.cmake.build[0m [1;30mINFO[0m Building CMake package in '/home/guichen/Documents/the_final_exam/the_final_exam/pb_option1_vision'
[0.326s] [34mcolcon.colcon_core.plugin_system[0m [1;30mINFO[0m Skipping extension 'colcon_core.shell.bat': Not used on non-Windows systems
[0.326s] [34mcolcon.colcon_core.shell[0m [1;30mINFO[0m Skip shell extension 'powershell' for command environment: Not usable outside of PowerShell
[0.326s] [34mcolcon.colcon_core.shell[0m [1;30mDEBUG[0m [32mSkip shell extension 'dsv' for command environment[0m
[0.331s] [34mcolcon.colcon_core.event_handler.log_command[0m [1;30mDEBUG[0m [32mInvoking command in '/home/guichen/Documents/the_final_exam/the_final_exam/build/pb_option1_vision': CMAKE_PREFIX_PATH=/opt/ros/humble /usr/bin/cmake /home/guichen/Documents/the_final_exam/the_final_exam/pb_option1_vision -DCMAKE_INSTALL_PREFIX=/home/guichen/Documents/the_final_exam/the_final_exam/install/pb_option1_vision[0m
[1.272s] [34mcolcon.colcon_core.event_handler.log_command[0m [1;30mDEBUG[0m [32mInvoked command in '/home/guichen/Documents/the_final_exam/the_final_exam/build/pb_option1_vision' returned '0': CMAKE_PREFIX_PATH=/opt/ros/humble /usr/bin/cmake /home/guichen/Documents/the_final_exam/the_final_exam/pb_option1_vision -DCMAKE_INSTALL_PREFIX=/home/guichen/Documents/the_final_exam/the_final_exam/install/pb_option1_vision[0m
[1.273s] [34mcolcon.colcon_core.event_handler.log_command[0m [1;30mDEBUG[0m [32mInvoking command in '/home/guichen/Documents/the_final_exam/the_final_exam/build/pb_option1_vision': CMAKE_PREFIX_PATH=/opt/ros/humble /usr/bin/cmake --build /home/guichen/Documents/the_final_exam/the_final_exam/build/pb_option1_vision -- -j16 -l16[0m
[9.998s] [34mcolcon.colcon_core.event_handler.log_command[0m [1;30mDEBUG[0m [32mInvoked command in '/home/guichen/Documents/the_final_exam/the_final_exam/build/pb_option1_vision' returned '0': CMAKE_PREFIX_PATH=/opt/ros/humble /usr/bin/cmake --build /home/guichen/Documents/the_final_exam/the_final_exam/build/pb_option1_vision -- -j16 -l16[0m
[10.006s] [34mcolcon.colcon_core.event_handler.log_command[0m [1;30mDEBUG[0m [32mInvoking command in '/home/guichen/Documents/the_final_exam/the_final_exam/build/pb_option1_vision': CMAKE_PREFIX_PATH=/opt/ros/humble /usr/bin/cmake --install /home/guichen/Documents/the_final_exam/the_final_exam/build/pb_option1_vision[0m
[10.019s] [34mcolcon.colcon_core.environment[0m [1;30mLevel 1[0m create_environment_scripts_only(pb_option1_vision)
[10.020s] [34mcolcon.colcon_core.event_handler.log_command[0m [1;30mDEBUG[0m [32mInvoked command in '/home/guichen/Documents/the_final_exam/the_final_exam/build/pb_option1_vision' returned '0': CMAKE_PREFIX_PATH=/opt/ros/humble /usr/bin/cmake --install /home/guichen/Documents/the_final_exam/the_final_exam/build/pb_option1_vision[0m
[10.023s] [34mcolcon.colcon_core.environment[0m [1;30mLevel 1[0m checking '/home/guichen/Documents/the_final_exam/the_final_exam/install/pb_option1_vision' for CMake module files
[10.023s] [34mcolcon.colcon_core.environment[0m [1;30mLevel 1[0m checking '/home/guichen/Documents/the_final_exam/the_final_exam/install/pb_option1_vision' for CMake config files
[10.023s] [34mcolcon.colcon_core.shell[0m [1;30mLevel 1[0m create_environment_hook('pb_option1_vision', 'cmake_prefix_path')
[10.024s] [34mcolcon.colcon_core.shell[0m [1;30mINFO[0m Creating environment hook '/home/guichen/Documents/the_final_exam/the_final_exam/install/pb_option1_vision/share/pb_option1_vision/hook/cmake_prefix_path.ps1'
[10.024s] [34mcolcon.colcon_core.shell[0m [1;30mINFO[0m Creating environment descriptor '/home/guichen/Documents/the_final_exam/the_final_exam/install/pb_option1_vision/share/pb_option1_vision/hook/cmake_prefix_path.dsv'
[10.025s] [34mcolcon.colcon_core.shell[0m [1;30mINFO[0m Creating environment hook '/home/guichen/Documents/the_final_exam/the_final_exam/install/pb_option1_vision/share/pb_option1_vision/hook/cmake_prefix_path.sh'
[10.025s] [34mcolcon.colcon_core.environment[0m [1;30mLevel 1[0m checking '/home/guichen/Documents/the_final_exam/the_final_exam/install/pb_option1_vision/lib'
[10.026s] [34mcolcon.colcon_core.environment[0m [1;30mLevel 1[0m checking '/home/guichen/Documents/the_final_exam/the_final_exam/install/pb_option1_vision/bin'
[10.026s] [34mcolcon.colcon_core.environment[0m [1;30mLevel 1[0m checking '/home/guichen/Documents/the_final_exam/the_final_exam/install/pb_option1_vision/lib/pkgconfig/pb_option1_vision.pc'
[10.026s] [34mcolcon.colcon_core.environment[0m [1;30mLevel 1[0m checking '/home/guichen/Documents/the_final_exam/the_final_exam/install/pb_option1_vision/lib/python3.10/site-packages'
[10.026s] [34mcolcon.colcon_core.environment[0m [1;30mLevel 1[0m checking '/home/guichen/Documents/the_final_exam/the_final_exam/install/pb_option1_vision/bin'
[10.026s] [34mcolcon.colcon_core.shell[0m [1;30mINFO[0m Creating package script '/home/guichen/Documents/the_final_exam/the_final_exam/install/pb_option1_vision/share/pb_option1_vision/package.ps1'
[10.027s] [34mcolcon.colcon_core.shell[0m [1;30mINFO[0m Creating package descriptor '/home/guichen/Documents/the_final_exam/the_final_exam/install/pb_option1_vision/share/pb_option1_vision/package.dsv'
[10.027s] [34mcolcon.colcon_core.shell[0m [1;30mINFO[0m Creating package script '/home/guichen/Documents/the_final_exam/the_final_exam/install/pb_option1_vision/share/pb_option1_vision/package.sh'
[10.028s] [34mcolcon.colcon_core.shell[0m [1;30mINFO[0m Creating package script '/home/guichen/Documents/the_final_exam/the_final_exam/install/pb_option1_vision/share/pb_option1_vision/package.bash'
[10.028s] [34mcolcon.colcon_core.shell[0m [1;30mINFO[0m Creating package script '/home/guichen/Documents/the_final_exam/the_final_exam/install/pb_option1_vision/share/pb_option1_vision/package.zsh'
[10.029s] [34mcolcon.colcon_core.environment[0m [1;30mLevel 1[0m create_file_with_runtime_dependencies(/home/guichen/Documents/the_final_exam/the_final_exam/install/pb_option1_vision/share/colcon-core/packages/pb_option1_vision)
[10.029s] [34mcolcon.colcon_core.environment[0m [1;30mLevel 1[0m create_environment_scripts_only(pb_option1_vision)
[10.030s] [34mcolcon.colcon_core.environment[0m [1;30mLevel 1[0m checking '/home/guichen/Documents/the_final_exam/the_final_exam/install/pb_option1_vision' for CMake module files
[10.030s] [34mcolcon.colcon_core.environment[0m [1;30mLevel 1[0m checking '/home/guichen/Documents/the_final_exam/the_final_exam/install/pb_option1_vision' for CMake config files
[10.030s] [34mcolcon.colcon_core.shell[0m [1;30mLevel 1[0m create_environment_hook('pb_option1_vision', 'cmake_prefix_path')
[10.030s] [34mcolcon.colcon_core.shell[0m [1;30mINFO[0m Creating environment hook '/home/guichen/Documents/the_final_exam/the_final_exam/install/pb_option1_vision/share/pb_option1_vision/hook/cmake_prefix_path.ps1'
[10.030s] [34mcolcon.colcon_core.shell[0m [1;30mINFO[0m Creating environment descriptor '/home/guichen/Documents/the_final_exam/the_final_exam/install/pb_option1_vision/share/pb_option1_vision/hook/cmake_prefix_path.dsv'
[10.031s] [34mcolcon.colcon_core.shell[0m [1;30mINFO[0m Creating environment hook '/home/guichen/Documents/the_final_exam/the_final_exam/install/pb_option1_vision/share/pb_option1_vision/hook/cmake_prefix_path.sh'
[10.031s] [34mcolcon.colcon_core.environment[0m [1;30mLevel 1[0m checking '/home/guichen/Documents/the_final_exam/the_final_exam/install/pb_option1_vision/lib'
[10.031s] [34mcolcon.colcon_core.environment[0m [1;30mLevel 1[0m checking '/home/guichen/Documents/the_final_exam/the_final_exam/install/pb_option1_vision/bin'
[10.031s] [34mcolcon.colcon_core.environment[0m [1;30mLevel 1[0m checking '/home/guichen/Documents/the_final_exam/the_final_exam/install/pb_option1_vision/lib/pkgconfig/pb_option1_vision.pc'
[10.031s] [34mcolcon.colcon_core.environment[0m [1;30mLevel 1[0m checking '/home/guichen/Documents/the_final_exam/the_final_exam/install/pb_option1_vision/lib/python3.10/site-packages'
[10.031s] [34mcolcon.colcon_core.environment[0m [1;30mLevel 1[0m checking '/home/guichen/Documents/the_final_exam/the_final_exam/install/pb_option1_vision/bin'
[10.031s] [34mcolcon.colcon_core.shell[0m [1;30mINFO[0m Creating package script '/home/guichen/Documents/the_final_exam/the_final_exam/install/pb_option1_vision/share/pb_option1_vision/package.ps1'
[10.032s] [34mcolcon.colcon_core.shell[0m [1;30mINFO[0m Creating package descriptor '/home/guichen/Documents/the_final_exam/the_final_exam/install/pb_option1_vision/share/pb_option1_vision/package.dsv'
[10.032s] [34mcolcon.colcon_core.shell[0m [1;30mINFO[0m Creating package script '/home/guichen/Documents/the_final_exam/the_final_exam/install/pb_option1_vision/share/pb_option1_vision/package.sh'
[10.032s] [34mcolcon.colcon_core.shell[0m [1;30mINFO[0m Creating package script '/home/guichen/Documents/the_final_exam/the_final_exam/install/pb_option1_vision/share/pb_option1_vision/package.bash'
[10.032s] [34mcolcon.colcon_core.shell[0m [1;30mINFO[0m Creating package script '/home/guichen/Documents/the_final_exam/the_final_exam/install/pb_option1_vision/share/pb_option1_vision/package.zsh'
[10.033s] [34mcolcon.colcon_core.environment[0m [1;30mLevel 1[0m create_file_with_runtime_dependencies(/home/guichen/Documents/the_final_exam/the_final_exam/install/pb_option1_vision/share/colcon-core/packages/pb_option1_vision)
[10.033s] [34mcolcon.colcon_parallel_executor.executor.parallel[0m [1;30mDEBUG[0m [32mclosing loop[0m
[10.033s] [34mcolcon.colcon_parallel_executor.executor.parallel[0m [1;30mDEBUG[0m [32mloop closed[0m
[10.033s] [34mcolcon.colcon_parallel_executor.executor.parallel[0m [1;30mDEBUG[0m [32mrun_until_complete finished with '0'[0m
[10.033s] [34mcolcon.colcon_core.event_reactor[0m [1;30mDEBUG[0m [32mjoining thread[0m
[10.037s] [34mcolcon.colcon_core.plugin_system[0m [1;30mINFO[0m Skipping extension 'colcon_notification.desktop_notification.terminal_notifier': Not used on non-Darwin systems
[10.037s] [34mcolcon.colcon_core.plugin_system[0m [1;30mINFO[0m Skipping extension 'colcon_notification.desktop_notification.win32': Not used on non-Windows systems
[10.037s] [34mcolcon.colcon_notification.desktop_notification[0m [1;30mINFO[0m Sending desktop notification using 'notify2'
[10.048s] [34mcolcon.colcon_core.event_reactor[0m [1;30mDEBUG[0m [32mjoined thread[0m
[10.048s] [34mcolcon.colcon_core.shell[0m [1;30mINFO[0m Creating prefix script '/home/guichen/Documents/the_final_exam/the_final_exam/install/local_setup.ps1'
[10.049s] [34mcolcon.colcon_core.shell[0m [1;30mINFO[0m Creating prefix util module '/home/guichen/Documents/the_final_exam/the_final_exam/install/_local_setup_util_ps1.py'
[10.050s] [34mcolcon.colcon_core.shell[0m [1;30mINFO[0m Creating prefix chain script '/home/guichen/Documents/the_final_exam/the_final_exam/install/setup.ps1'
[10.051s] [34mcolcon.colcon_core.shell[0m [1;30mINFO[0m Creating prefix script '/home/guichen/Documents/the_final_exam/the_final_exam/install/local_setup.sh'
[10.051s] [34mcolcon.colcon_core.shell[0m [1;30mINFO[0m Creating prefix util module '/home/guichen/Documents/the_final_exam/the_final_exam/install/_local_setup_util_sh.py'
[10.052s] [34mcolcon.colcon_core.shell[0m [1;30mINFO[0m Creating prefix chain script '/home/guichen/Documents/the_final_exam/the_final_exam/install/setup.sh'
[10.053s] [34mcolcon.colcon_core.shell[0m [1;30mINFO[0m Creating prefix script '/home/guichen/Documents/the_final_exam/the_final_exam/install/local_setup.bash'
[10.053s] [34mcolcon.colcon_core.shell[0m [1;30mINFO[0m Creating prefix chain script '/home/guichen/Documents/the_final_exam/the_final_exam/install/setup.bash'
[10.054s] [34mcolcon.colcon_core.shell[0m [1;30mINFO[0m Creating prefix script '/home/guichen/Documents/the_final_exam/the_final_exam/install/local_setup.zsh'
[10.054s] [34mcolcon.colcon_core.shell[0m [1;30mINFO[0m Creating prefix chain script '/home/guichen/Documents/the_final_exam/the_final_exam/install/setup.zsh'
