[0.007s] Invoking command in '/home/guichen/Documents/ws/src/build/pb_option1_sim': AMENT_PREFIX_PATH=/home/guichen/Documents/ws/src/install/pb_option1_description:/home/guichen/Documents/ws/src/install/sdformat_tools:/home/guichen/Documents/ws/src/install/rmoss_gz_resources:${AMENT_PREFIX_PATH} CMAKE_PREFIX_PATH=/home/guichen/Documents/ws/src/install/pb_option1_description:/home/guichen/Documents/ws/src/install/rmoss_gz_resources:/home/guichen/Documents/ws/the_final_exam/install/pb_option1_sim:/home/guichen/Documents/ws/the_final_exam/install/pb_option1_description:/home/guichen/Documents/ws/the_final_exam/install/pb_option1_vision:/home/guichen/Documents/ws/the_final_exam/install/pb_option1_bringup:/home/guichen/Documents/ws/the_final_exam/install/pb2025_robot_description:/home/guichen/Documents/ws/the_final_exam/install/pb_option1_navigation:/opt/ros/humble PATH=/home/guichen/Documents/ws/src/install/sdformat_tools/bin:${PATH} PYTHONPATH=/home/guichen/Documents/ws/src/install/sdformat_tools/lib/python3.10/site-packages:${PYTHONPATH} /usr/bin/cmake /home/guichen/Documents/ws/src/pb_option1_sim -DCMAKE_INSTALL_PREFIX=/home/guichen/Documents/ws/src/install/pb_option1_sim
[0.045s] -- The C compiler identification is GNU 11.4.0
[0.084s] -- The CXX compiler identification is GNU 11.4.0
[0.089s] -- Detecting C compiler ABI info
[0.132s] -- Detecting C compiler ABI info - done
[0.137s] -- Check for working C compiler: /usr/bin/cc - skipped
[0.137s] -- Detecting C compile features
[0.137s] -- Detecting C compile features - done
[0.139s] -- Detecting CXX compiler ABI info
[0.193s] -- Detecting CXX compiler ABI info - done
[0.203s] -- Check for working CXX compiler: /usr/bin/c++ - skipped
[0.203s] -- Detecting CXX compile features
[0.203s] -- Detecting CXX compile features - done
[0.206s] -- Found ament_cmake: 1.3.12 (/opt/ros/humble/share/ament_cmake/cmake)
[0.318s] -- Found Python3: /usr/bin/python3 (found version "3.10.12") found components: Interpreter 
[0.380s] -- Found gazebo_ros: 3.9.0 (/opt/ros/humble/share/gazebo_ros/cmake)
[0.410s] -- Found rosidl_generator_c: 3.1.7 (/opt/ros/humble/share/rosidl_generator_c/cmake)
[0.413s] -- Found rosidl_adapter: 3.1.7 (/opt/ros/humble/share/rosidl_adapter/cmake)
[0.418s] -- Found rosidl_generator_cpp: 3.1.7 (/opt/ros/humble/share/rosidl_generator_cpp/cmake)
[0.426s] -- Using all available rosidl_typesupport_c: rosidl_typesupport_fastrtps_c;rosidl_typesupport_introspection_c
[0.437s] -- Using all available rosidl_typesupport_cpp: rosidl_typesupport_fastrtps_cpp;rosidl_typesupport_introspection_cpp
[0.466s] -- Found rmw_implementation_cmake: 6.1.2 (/opt/ros/humble/share/rmw_implementation_cmake/cmake)
[0.468s] -- Found rmw_fastrtps_cpp: 6.2.9 (/opt/ros/humble/share/rmw_fastrtps_cpp/cmake)
[0.522s] -- Found OpenSSL: /usr/lib/x86_64-linux-gnu/libcrypto.so (found version "3.0.2")  
[0.542s] -- Found FastRTPS: /opt/ros/humble/include  
[0.572s] -- Using RMW implementation 'rmw_fastrtps_cpp' as default
[0.578s] -- Looking for pthread.h
[0.624s] -- Looking for pthread.h - found
[0.625s] -- Performing Test CMAKE_HAVE_LIBC_PTHREAD
[0.672s] -- Performing Test CMAKE_HAVE_LIBC_PTHREAD - Success
[0.673s] -- Found Threads: TRUE  
[0.712s] -- Found PkgConfig: /usr/bin/pkg-config (found version "0.29.2") 
[0.713s] -- Checking for module 'bullet>=2.82'
[0.721s] --   Found bullet, version 3.05
[0.786s] -- Found fcl: /usr/include (found suitable version "0.7.0", minimum required is "0.5.0") 
[0.817s] -- Found assimp: /usr/include (found version "5.2.0") 
[0.831s] -- Found DART: /usr/include (Required is at least version "6.6") found components: dart 
[0.851s] -- Found Boost: /usr/lib/x86_64-linux-gnu/cmake/Boost-1.74.0/BoostConfig.cmake (found suitable version "1.74.0", minimum required is "1.40.0") found components: thread system filesystem program_options regex iostreams date_time 
[0.862s] -- Found Protobuf: /usr/lib/x86_64-linux-gnu/libprotobuf.so (found version "3.12.4") 
[0.866s] -- Looking for ignition-math6 -- found version 6.15.1
[0.871s] -- Searching for dependencies of ignition-math6
[0.872s] -- Looking for OGRE...
[0.872s] -- OGRE_PREFIX_WATCH changed.
[0.876s] -- Checking for module 'OGRE'
[0.885s] --   Found OGRE, version 1.9.0
[0.906s] -- Found Ogre Ghadamon (1.9.0)
[0.912s] -- Found OGRE: optimized;/usr/lib/x86_64-linux-gnu/libOgreMain.so;debug;/usr/lib/x86_64-linux-gnu/libOgreMain.so
[0.919s] -- Looking for OGRE_Paging...
[0.924s] -- Found OGRE_Paging: optimized;/usr/lib/x86_64-linux-gnu/libOgrePaging.so;debug;/usr/lib/x86_64-linux-gnu/libOgrePaging.so
[0.924s] -- Looking for OGRE_Terrain...
[0.928s] -- Found OGRE_Terrain: optimized;/usr/lib/x86_64-linux-gnu/libOgreTerrain.so;debug;/usr/lib/x86_64-linux-gnu/libOgreTerrain.so
[0.928s] -- Looking for OGRE_Property...
[0.932s] -- Found OGRE_Property: optimized;/usr/lib/x86_64-linux-gnu/libOgreProperty.so;debug;/usr/lib/x86_64-linux-gnu/libOgreProperty.so
[0.932s] -- Looking for OGRE_RTShaderSystem...
[0.936s] -- Found OGRE_RTShaderSystem: optimized;/usr/lib/x86_64-linux-gnu/libOgreRTShaderSystem.so;debug;/usr/lib/x86_64-linux-gnu/libOgreRTShaderSystem.so
[0.936s] -- Looking for OGRE_Volume...
[0.940s] -- Found OGRE_Volume: optimized;/usr/lib/x86_64-linux-gnu/libOgreVolume.so;debug;/usr/lib/x86_64-linux-gnu/libOgreVolume.so
[0.940s] -- Looking for OGRE_Overlay...
[0.944s] -- Found OGRE_Overlay: optimized;/usr/lib/x86_64-linux-gnu/libOgreOverlay.so;debug;/usr/lib/x86_64-linux-gnu/libOgreOverlay.so
[1.031s] -- Looking for ignition-math6 -- found version 6.15.1
[1.032s] -- Looking for ignition-transport8 -- found version 8.2.1
[1.032s] -- Searching for dependencies of ignition-transport8
[1.045s] -- Found Protobuf: /usr/lib/x86_64-linux-gnu/libprotobuf.so (found suitable version "3.12.4", minimum required is "3") 
[1.053s] -- Config-file not installed for ZeroMQ -- checking for pkg-config
[1.057s] -- Checking for module 'libzmq >= 4'
[1.067s] --   Found libzmq , version 4.3.4
[1.093s] -- Found ZeroMQ: TRUE (Required is at least version "4") 
[1.099s] -- Checking for module 'uuid'
[1.109s] --   Found uuid, version 2.37.2
[1.134s] -- Found UUID: TRUE  
[1.136s] -- Looking for ignition-msgs5 -- found version 5.8.1
[1.136s] -- Searching for dependencies of ignition-msgs5
[1.155s] -- Looking for ignition-math6 -- found version 6.15.1
[1.159s] -- Checking for module 'tinyxml2'
[1.171s] --   Found tinyxml2, version 9.0.0
[1.197s] -- Looking for ignition-msgs5 -- found version 5.8.1
[1.199s] -- Looking for ignition-common3 -- found version 3.14.0
[1.199s] -- Searching for dependencies of ignition-common3
[1.200s] -- Looking for dlfcn.h - found
[1.201s] -- Looking for libdl - found
[1.203s] -- Found DL: TRUE  
[1.216s] -- Found tinyobjloader: /usr/lib/x86_64-linux-gnu/cmake/tinyobjloader/tinyobjloader-config.cmake (found version "2.0.0") 
[1.217s] -- Searching for <ignition-common3> component [graphics]
[1.219s] -- Looking for ignition-common3-graphics -- found version 3.14.0
[1.220s] -- Searching for dependencies of ignition-common3-graphics
[1.220s] -- Looking for ignition-math6 -- found version 6.15.1
[1.223s] -- Looking for ignition-fuel_tools4 -- found version 4.4.0
[1.224s] -- Searching for dependencies of ignition-fuel_tools4
[1.285s] -- Found CURL: /usr/lib/x86_64-linux-gnu/libcurl.so (found version "7.81.0")  
[1.291s] -- Checking for module 'jsoncpp'
[1.300s] --   Found jsoncpp, version 1.9.5
[1.321s] -- Found JSONCPP: TRUE  
[1.325s] -- Checking for module 'libzip'
[1.334s] --   Found libzip, version 1.7.3
[1.355s] -- Found ZIP: TRUE  
[1.356s] -- Looking for ignition-common3 -- found version 3.14.0
[1.356s] -- Looking for ignition-math6 -- found version 6.15.1
[1.356s] -- Looking for ignition-msgs5 -- found version 5.8.1
[1.358s] -- Gazebo version: 11.10
[1.359s] -- Checking for module 'tbb'
[1.369s] --   Found tbb, version 2021.5.0
[1.437s] -- Configuring done
[1.442s] -- Generating done
[1.446s] -- Build files have been written to: /home/guichen/Documents/ws/src/build/pb_option1_sim
[1.457s] Invoked command in '/home/guichen/Documents/ws/src/build/pb_option1_sim' returned '0': AMENT_PREFIX_PATH=/home/guichen/Documents/ws/src/install/pb_option1_description:/home/guichen/Documents/ws/src/install/sdformat_tools:/home/guichen/Documents/ws/src/install/rmoss_gz_resources:${AMENT_PREFIX_PATH} CMAKE_PREFIX_PATH=/home/guichen/Documents/ws/src/install/pb_option1_description:/home/guichen/Documents/ws/src/install/rmoss_gz_resources:/home/guichen/Documents/ws/the_final_exam/install/pb_option1_sim:/home/guichen/Documents/ws/the_final_exam/install/pb_option1_description:/home/guichen/Documents/ws/the_final_exam/install/pb_option1_vision:/home/guichen/Documents/ws/the_final_exam/install/pb_option1_bringup:/home/guichen/Documents/ws/the_final_exam/install/pb2025_robot_description:/home/guichen/Documents/ws/the_final_exam/install/pb_option1_navigation:/opt/ros/humble PATH=/home/guichen/Documents/ws/src/install/sdformat_tools/bin:${PATH} PYTHONPATH=/home/guichen/Documents/ws/src/install/sdformat_tools/lib/python3.10/site-packages:${PYTHONPATH} /usr/bin/cmake /home/guichen/Documents/ws/src/pb_option1_sim -DCMAKE_INSTALL_PREFIX=/home/guichen/Documents/ws/src/install/pb_option1_sim
[1.458s] Invoking command in '/home/guichen/Documents/ws/src/build/pb_option1_sim': AMENT_PREFIX_PATH=/home/guichen/Documents/ws/src/install/pb_option1_description:/home/guichen/Documents/ws/src/install/sdformat_tools:/home/guichen/Documents/ws/src/install/rmoss_gz_resources:${AMENT_PREFIX_PATH} CMAKE_PREFIX_PATH=/home/guichen/Documents/ws/src/install/pb_option1_description:/home/guichen/Documents/ws/src/install/rmoss_gz_resources:/home/guichen/Documents/ws/the_final_exam/install/pb_option1_sim:/home/guichen/Documents/ws/the_final_exam/install/pb_option1_description:/home/guichen/Documents/ws/the_final_exam/install/pb_option1_vision:/home/guichen/Documents/ws/the_final_exam/install/pb_option1_bringup:/home/guichen/Documents/ws/the_final_exam/install/pb2025_robot_description:/home/guichen/Documents/ws/the_final_exam/install/pb_option1_navigation:/opt/ros/humble PATH=/home/guichen/Documents/ws/src/install/sdformat_tools/bin:${PATH} PYTHONPATH=/home/guichen/Documents/ws/src/install/sdformat_tools/lib/python3.10/site-packages:${PYTHONPATH} /usr/bin/cmake --build /home/guichen/Documents/ws/src/build/pb_option1_sim -- -j16 -l16
[1.490s] Invoked command in '/home/guichen/Documents/ws/src/build/pb_option1_sim' returned '0': AMENT_PREFIX_PATH=/home/guichen/Documents/ws/src/install/pb_option1_description:/home/guichen/Documents/ws/src/install/sdformat_tools:/home/guichen/Documents/ws/src/install/rmoss_gz_resources:${AMENT_PREFIX_PATH} CMAKE_PREFIX_PATH=/home/guichen/Documents/ws/src/install/pb_option1_description:/home/guichen/Documents/ws/src/install/rmoss_gz_resources:/home/guichen/Documents/ws/the_final_exam/install/pb_option1_sim:/home/guichen/Documents/ws/the_final_exam/install/pb_option1_description:/home/guichen/Documents/ws/the_final_exam/install/pb_option1_vision:/home/guichen/Documents/ws/the_final_exam/install/pb_option1_bringup:/home/guichen/Documents/ws/the_final_exam/install/pb2025_robot_description:/home/guichen/Documents/ws/the_final_exam/install/pb_option1_navigation:/opt/ros/humble PATH=/home/guichen/Documents/ws/src/install/sdformat_tools/bin:${PATH} PYTHONPATH=/home/guichen/Documents/ws/src/install/sdformat_tools/lib/python3.10/site-packages:${PYTHONPATH} /usr/bin/cmake --build /home/guichen/Documents/ws/src/build/pb_option1_sim -- -j16 -l16
[1.492s] Invoking command in '/home/guichen/Documents/ws/src/build/pb_option1_sim': AMENT_PREFIX_PATH=/home/guichen/Documents/ws/src/install/pb_option1_description:/home/guichen/Documents/ws/src/install/sdformat_tools:/home/guichen/Documents/ws/src/install/rmoss_gz_resources:${AMENT_PREFIX_PATH} CMAKE_PREFIX_PATH=/home/guichen/Documents/ws/src/install/pb_option1_description:/home/guichen/Documents/ws/src/install/rmoss_gz_resources:/home/guichen/Documents/ws/the_final_exam/install/pb_option1_sim:/home/guichen/Documents/ws/the_final_exam/install/pb_option1_description:/home/guichen/Documents/ws/the_final_exam/install/pb_option1_vision:/home/guichen/Documents/ws/the_final_exam/install/pb_option1_bringup:/home/guichen/Documents/ws/the_final_exam/install/pb2025_robot_description:/home/guichen/Documents/ws/the_final_exam/install/pb_option1_navigation:/opt/ros/humble PATH=/home/guichen/Documents/ws/src/install/sdformat_tools/bin:${PATH} PYTHONPATH=/home/guichen/Documents/ws/src/install/sdformat_tools/lib/python3.10/site-packages:${PYTHONPATH} /usr/bin/cmake --install /home/guichen/Documents/ws/src/build/pb_option1_sim
[1.497s] -- Install configuration: ""
[1.497s] -- Installing: /home/guichen/Documents/ws/src/install/pb_option1_sim/share/pb_option1_sim/launch
[1.497s] -- Installing: /home/guichen/Documents/ws/src/install/pb_option1_sim/share/pb_option1_sim/launch/gazebo_with_objects.launch.py
[1.497s] -- Installing: /home/guichen/Documents/ws/src/install/pb_option1_sim/share/ament_index/resource_index/package_run_dependencies/pb_option1_sim
[1.497s] -- Installing: /home/guichen/Documents/ws/src/install/pb_option1_sim/share/ament_index/resource_index/parent_prefix_path/pb_option1_sim
[1.498s] -- Installing: /home/guichen/Documents/ws/src/install/pb_option1_sim/share/pb_option1_sim/environment/ament_prefix_path.sh
[1.498s] -- Installing: /home/guichen/Documents/ws/src/install/pb_option1_sim/share/pb_option1_sim/environment/ament_prefix_path.dsv
[1.498s] -- Installing: /home/guichen/Documents/ws/src/install/pb_option1_sim/share/pb_option1_sim/environment/path.sh
[1.498s] -- Installing: /home/guichen/Documents/ws/src/install/pb_option1_sim/share/pb_option1_sim/environment/path.dsv
[1.498s] -- Installing: /home/guichen/Documents/ws/src/install/pb_option1_sim/share/pb_option1_sim/local_setup.bash
[1.498s] -- Installing: /home/guichen/Documents/ws/src/install/pb_option1_sim/share/pb_option1_sim/local_setup.sh
[1.498s] -- Installing: /home/guichen/Documents/ws/src/install/pb_option1_sim/share/pb_option1_sim/local_setup.zsh
[1.498s] -- Installing: /home/guichen/Documents/ws/src/install/pb_option1_sim/share/pb_option1_sim/local_setup.dsv
[1.498s] -- Installing: /home/guichen/Documents/ws/src/install/pb_option1_sim/share/pb_option1_sim/package.dsv
[1.498s] -- Installing: /home/guichen/Documents/ws/src/install/pb_option1_sim/share/ament_index/resource_index/packages/pb_option1_sim
[1.498s] -- Installing: /home/guichen/Documents/ws/src/install/pb_option1_sim/share/pb_option1_sim/cmake/pb_option1_simConfig.cmake
[1.498s] -- Installing: /home/guichen/Documents/ws/src/install/pb_option1_sim/share/pb_option1_sim/cmake/pb_option1_simConfig-version.cmake
[1.498s] -- Installing: /home/guichen/Documents/ws/src/install/pb_option1_sim/share/pb_option1_sim/package.xml
[1.500s] Invoked command in '/home/guichen/Documents/ws/src/build/pb_option1_sim' returned '0': AMENT_PREFIX_PATH=/home/guichen/Documents/ws/src/install/pb_option1_description:/home/guichen/Documents/ws/src/install/sdformat_tools:/home/guichen/Documents/ws/src/install/rmoss_gz_resources:${AMENT_PREFIX_PATH} CMAKE_PREFIX_PATH=/home/guichen/Documents/ws/src/install/pb_option1_description:/home/guichen/Documents/ws/src/install/rmoss_gz_resources:/home/guichen/Documents/ws/the_final_exam/install/pb_option1_sim:/home/guichen/Documents/ws/the_final_exam/install/pb_option1_description:/home/guichen/Documents/ws/the_final_exam/install/pb_option1_vision:/home/guichen/Documents/ws/the_final_exam/install/pb_option1_bringup:/home/guichen/Documents/ws/the_final_exam/install/pb2025_robot_description:/home/guichen/Documents/ws/the_final_exam/install/pb_option1_navigation:/opt/ros/humble PATH=/home/guichen/Documents/ws/src/install/sdformat_tools/bin:${PATH} PYTHONPATH=/home/guichen/Documents/ws/src/install/sdformat_tools/lib/python3.10/site-packages:${PYTHONPATH} /usr/bin/cmake --install /home/guichen/Documents/ws/src/build/pb_option1_sim
