[0.006s] Invoking command in '/home/guichen/Documents/the_final_exam/the_final_exam/build/pb_option1_vision': CMAKE_PREFIX_PATH=/opt/ros/humble /usr/bin/cmake /home/guichen/Documents/the_final_exam/the_final_exam/pb_option1_vision -DCMAKE_INSTALL_PREFIX=/home/guichen/Documents/the_final_exam/the_final_exam/install/pb_option1_vision
[0.041s] -- The C compiler identification is GNU 11.4.0
[0.079s] -- The CXX compiler identification is GNU 11.4.0
[0.084s] -- Detecting C compiler ABI info
[0.129s] -- Detecting C compiler ABI info - done
[0.134s] -- Check for working C compiler: /usr/bin/cc - skipped
[0.134s] -- Detecting C compile features
[0.134s] -- Detecting C compile features - done
[0.136s] -- Detecting CXX compiler ABI info
[0.189s] -- Detecting CXX compiler ABI info - done
[0.194s] -- Check for working CXX compiler: /usr/bin/c++ - skipped
[0.194s] -- Detecting CXX compile features
[0.194s] -- Detecting CXX compile features - done
[0.196s] -- Found ament_cmake: 1.3.12 (/opt/ros/humble/share/ament_cmake/cmake)
[0.297s] -- Found Python3: /usr/bin/python3 (found version "3.10.12") found components: Interpreter 
[0.357s] -- Found rclcpp: 16.0.16 (/opt/ros/humble/share/rclcpp/cmake)
[0.382s] -- Found rosidl_generator_c: 3.1.7 (/opt/ros/humble/share/rosidl_generator_c/cmake)
[0.385s] -- Found rosidl_adapter: 3.1.7 (/opt/ros/humble/share/rosidl_adapter/cmake)
[0.390s] -- Found rosidl_generator_cpp: 3.1.7 (/opt/ros/humble/share/rosidl_generator_cpp/cmake)
[0.397s] -- Using all available rosidl_typesupport_c: rosidl_typesupport_fastrtps_c;rosidl_typesupport_introspection_c
[0.407s] -- Using all available rosidl_typesupport_cpp: rosidl_typesupport_fastrtps_cpp;rosidl_typesupport_introspection_cpp
[0.435s] -- Found rmw_implementation_cmake: 6.1.2 (/opt/ros/humble/share/rmw_implementation_cmake/cmake)
[0.436s] -- Found rmw_fastrtps_cpp: 6.2.9 (/opt/ros/humble/share/rmw_fastrtps_cpp/cmake)
[0.489s] -- Found OpenSSL: /usr/lib/x86_64-linux-gnu/libcrypto.so (found version "3.0.2")  
[0.508s] -- Found FastRTPS: /opt/ros/humble/include  
[0.538s] -- Using RMW implementation 'rmw_fastrtps_cpp' as default
[0.543s] -- Looking for pthread.h
[0.591s] -- Looking for pthread.h - found
[0.591s] -- Performing Test CMAKE_HAVE_LIBC_PTHREAD
[0.641s] -- Performing Test CMAKE_HAVE_LIBC_PTHREAD - Success
[0.641s] -- Found Threads: TRUE  
[0.675s] -- Found geometry_msgs: 4.9.0 (/opt/ros/humble/share/geometry_msgs/cmake)
[0.684s] -- Found sensor_msgs: 4.9.0 (/opt/ros/humble/share/sensor_msgs/cmake)
[0.695s] -- Found cv_bridge: 3.2.1 (/opt/ros/humble/share/cv_bridge/cmake)
[0.703s] -- Found vision_msgs: 4.1.1 (/opt/ros/humble/share/vision_msgs/cmake)
[0.716s] -- Found OpenCV: /usr (found version "4.5.4") 
[0.765s] -- Configuring done
[0.778s] -- Generating done
[0.783s] -- Build files have been written to: /home/guichen/Documents/the_final_exam/the_final_exam/build/pb_option1_vision
[0.791s] Invoked command in '/home/guichen/Documents/the_final_exam/the_final_exam/build/pb_option1_vision' returned '0': CMAKE_PREFIX_PATH=/opt/ros/humble /usr/bin/cmake /home/guichen/Documents/the_final_exam/the_final_exam/pb_option1_vision -DCMAKE_INSTALL_PREFIX=/home/guichen/Documents/the_final_exam/the_final_exam/install/pb_option1_vision
[0.793s] Invoking command in '/home/guichen/Documents/the_final_exam/the_final_exam/build/pb_option1_vision': CMAKE_PREFIX_PATH=/opt/ros/humble /usr/bin/cmake --build /home/guichen/Documents/the_final_exam/the_final_exam/build/pb_option1_vision -- -j16 -l16
[0.826s] [ 50%] [32mBuilding CXX object CMakeFiles/command_interpreter.dir/src/command_interpreter_node.cpp.o[0m
[0.826s] [ 50%] [32mBuilding CXX object CMakeFiles/object_detector.dir/src/object_detector_node.cpp.o[0m
[0.826s] [ 50%] [32mBuilding CXX object CMakeFiles/follow_behavior.dir/src/follow_behavior_node.cpp.o[0m
[6.637s] [ 66%] [32m[1mLinking CXX executable command_interpreter[0m
[6.941s] [ 66%] Built target command_interpreter
[6.972s] [ 83%] [32m[1mLinking CXX executable follow_behavior[0m
[7.269s] [ 83%] Built target follow_behavior
[7.826s] [100%] [32m[1mLinking CXX executable object_detector[0m
[8.387s] [100%] Built target object_detector
[8.398s] Invoked command in '/home/guichen/Documents/the_final_exam/the_final_exam/build/pb_option1_vision' returned '0': CMAKE_PREFIX_PATH=/opt/ros/humble /usr/bin/cmake --build /home/guichen/Documents/the_final_exam/the_final_exam/build/pb_option1_vision -- -j16 -l16
[8.405s] Invoking command in '/home/guichen/Documents/the_final_exam/the_final_exam/build/pb_option1_vision': CMAKE_PREFIX_PATH=/opt/ros/humble /usr/bin/cmake --install /home/guichen/Documents/the_final_exam/the_final_exam/build/pb_option1_vision
[8.410s] -- Install configuration: ""
[8.410s] -- Installing: /home/guichen/Documents/the_final_exam/the_final_exam/install/pb_option1_vision/lib/pb_option1_vision/object_detector
[8.412s] -- Set runtime path of "/home/guichen/Documents/the_final_exam/the_final_exam/install/pb_option1_vision/lib/pb_option1_vision/object_detector" to ""
[8.412s] -- Installing: /home/guichen/Documents/the_final_exam/the_final_exam/install/pb_option1_vision/lib/pb_option1_vision/follow_behavior
[8.414s] -- Set runtime path of "/home/guichen/Documents/the_final_exam/the_final_exam/install/pb_option1_vision/lib/pb_option1_vision/follow_behavior" to ""
[8.414s] -- Installing: /home/guichen/Documents/the_final_exam/the_final_exam/install/pb_option1_vision/lib/pb_option1_vision/command_interpreter
[8.416s] -- Set runtime path of "/home/guichen/Documents/the_final_exam/the_final_exam/install/pb_option1_vision/lib/pb_option1_vision/command_interpreter" to ""
[8.416s] -- Installing: /home/guichen/Documents/the_final_exam/the_final_exam/install/pb_option1_vision/share/pb_option1_vision/launch
[8.416s] -- Installing: /home/guichen/Documents/the_final_exam/the_final_exam/install/pb_option1_vision/share/pb_option1_vision/launch/vision_and_follow.launch,py
[8.416s] -- Installing: /home/guichen/Documents/the_final_exam/the_final_exam/install/pb_option1_vision/share/pb_option1_vision/config
[8.416s] -- Installing: /home/guichen/Documents/the_final_exam/the_final_exam/install/pb_option1_vision/share/pb_option1_vision/config/detector_params.yaml
[8.416s] -- Installing: /home/guichen/Documents/the_final_exam/the_final_exam/install/pb_option1_vision/share/pb_option1_vision/config/follow_params.yaml
[8.416s] -- Installing: /home/guichen/Documents/the_final_exam/the_final_exam/install/pb_option1_vision/share/ament_index/resource_index/package_run_dependencies/pb_option1_vision
[8.417s] -- Installing: /home/guichen/Documents/the_final_exam/the_final_exam/install/pb_option1_vision/share/ament_index/resource_index/parent_prefix_path/pb_option1_vision
[8.417s] -- Installing: /home/guichen/Documents/the_final_exam/the_final_exam/install/pb_option1_vision/share/pb_option1_vision/environment/ament_prefix_path.sh
[8.417s] -- Installing: /home/guichen/Documents/the_final_exam/the_final_exam/install/pb_option1_vision/share/pb_option1_vision/environment/ament_prefix_path.dsv
[8.417s] -- Installing: /home/guichen/Documents/the_final_exam/the_final_exam/install/pb_option1_vision/share/pb_option1_vision/environment/path.sh
[8.417s] -- Installing: /home/guichen/Documents/the_final_exam/the_final_exam/install/pb_option1_vision/share/pb_option1_vision/environment/path.dsv
[8.417s] -- Installing: /home/guichen/Documents/the_final_exam/the_final_exam/install/pb_option1_vision/share/pb_option1_vision/local_setup.bash
[8.417s] -- Installing: /home/guichen/Documents/the_final_exam/the_final_exam/install/pb_option1_vision/share/pb_option1_vision/local_setup.sh
[8.417s] -- Installing: /home/guichen/Documents/the_final_exam/the_final_exam/install/pb_option1_vision/share/pb_option1_vision/local_setup.zsh
[8.417s] -- Installing: /home/guichen/Documents/the_final_exam/the_final_exam/install/pb_option1_vision/share/pb_option1_vision/local_setup.dsv
[8.417s] -- Installing: /home/guichen/Documents/the_final_exam/the_final_exam/install/pb_option1_vision/share/pb_option1_vision/package.dsv
[8.417s] -- Installing: /home/guichen/Documents/the_final_exam/the_final_exam/install/pb_option1_vision/share/ament_index/resource_index/packages/pb_option1_vision
[8.417s] -- Installing: /home/guichen/Documents/the_final_exam/the_final_exam/install/pb_option1_vision/share/pb_option1_vision/cmake/pb_option1_visionConfig.cmake
[8.417s] -- Installing: /home/guichen/Documents/the_final_exam/the_final_exam/install/pb_option1_vision/share/pb_option1_vision/cmake/pb_option1_visionConfig-version.cmake
[8.417s] -- Installing: /home/guichen/Documents/the_final_exam/the_final_exam/install/pb_option1_vision/share/pb_option1_vision/package.xml
[8.419s] Invoked command in '/home/guichen/Documents/the_final_exam/the_final_exam/build/pb_option1_vision' returned '0': CMAKE_PREFIX_PATH=/opt/ros/humble /usr/bin/cmake --install /home/guichen/Documents/the_final_exam/the_final_exam/build/pb_option1_vision
