[0.013s] Invoking command in '/home/guichen/Documents/ws/the_final_exam/build/pb_option1_description': CMAKE_PREFIX_PATH=${CMAKE_PREFIX_PATH}:/home/guichen/Documents/ws/the_final_exam/install/pb_option1_navigation:/opt/ros/humble /usr/bin/cmake /home/guichen/Documents/ws/the_final_exam/pb_option1_description -DCMAKE_INSTALL_PREFIX=/home/guichen/Documents/ws/the_final_exam/install/pb_option1_description
[0.193s] -- The C compiler identification is GNU 11.4.0
[0.193s] -- The CXX compiler identification is GNU 11.4.0
[0.193s] -- Detecting C compiler ABI info
[0.193s] -- Detecting C compiler ABI info - done
[0.193s] -- Check for working C compiler: /usr/bin/cc - skipped
[0.193s] -- Detecting C compile features
[0.193s] -- Detecting C compile features - done
[0.193s] -- Detecting CXX compiler ABI info
[0.194s] -- Detecting CXX compiler ABI info - done
[0.194s] -- Check for working CXX compiler: /usr/bin/c++ - skipped
[0.194s] -- Detecting CXX compile features
[0.194s] -- Detecting CXX compile features - done
[0.194s] -- Found ament_cmake: 1.3.12 (/opt/ros/humble/share/ament_cmake/cmake)
[0.294s] -- Found Python3: /usr/bin/python3 (found version "3.10.12") found components: Interpreter 
[0.409s] -- Configuring done
[0.410s] -- Generating done
[0.411s] -- Build files have been written to: /home/guichen/Documents/ws/the_final_exam/build/pb_option1_description
[0.414s] Invoked command in '/home/guichen/Documents/ws/the_final_exam/build/pb_option1_description' returned '0': CMAKE_PREFIX_PATH=${CMAKE_PREFIX_PATH}:/home/guichen/Documents/ws/the_final_exam/install/pb_option1_navigation:/opt/ros/humble /usr/bin/cmake /home/guichen/Documents/ws/the_final_exam/pb_option1_description -DCMAKE_INSTALL_PREFIX=/home/guichen/Documents/ws/the_final_exam/install/pb_option1_description
[0.416s] Invoking command in '/home/guichen/Documents/ws/the_final_exam/build/pb_option1_description': CMAKE_PREFIX_PATH=${CMAKE_PREFIX_PATH}:/home/guichen/Documents/ws/the_final_exam/install/pb_option1_navigation:/opt/ros/humble /usr/bin/cmake --build /home/guichen/Documents/ws/the_final_exam/build/pb_option1_description -- -j16 -l16
[0.443s] Invoked command in '/home/guichen/Documents/ws/the_final_exam/build/pb_option1_description' returned '0': CMAKE_PREFIX_PATH=${CMAKE_PREFIX_PATH}:/home/guichen/Documents/ws/the_final_exam/install/pb_option1_navigation:/opt/ros/humble /usr/bin/cmake --build /home/guichen/Documents/ws/the_final_exam/build/pb_option1_description -- -j16 -l16
[0.449s] Invoking command in '/home/guichen/Documents/ws/the_final_exam/build/pb_option1_description': CMAKE_PREFIX_PATH=${CMAKE_PREFIX_PATH}:/home/guichen/Documents/ws/the_final_exam/install/pb_option1_navigation:/opt/ros/humble /usr/bin/cmake --install /home/guichen/Documents/ws/the_final_exam/build/pb_option1_description
[0.453s] -- Install configuration: ""
[0.453s] -- Installing: /home/guichen/Documents/ws/the_final_exam/install/pb_option1_description/share/pb_option1_description//launch
[0.453s] -- Installing: /home/guichen/Documents/ws/the_final_exam/install/pb_option1_description/share/pb_option1_description//launch/robot_description_launch.py
[0.453s] -- Installing: /home/guichen/Documents/ws/the_final_exam/install/pb_option1_description/share/pb_option1_description//params
[0.453s] -- Installing: /home/guichen/Documents/ws/the_final_exam/install/pb_option1_description/share/pb_option1_description//params/robot_description.yaml
[0.454s] -- Installing: /home/guichen/Documents/ws/the_final_exam/install/pb_option1_description/share/pb_option1_description//resource
[0.454s] -- Installing: /home/guichen/Documents/ws/the_final_exam/install/pb_option1_description/share/pb_option1_description//resource/models
[0.454s] -- Installing: /home/guichen/Documents/ws/the_final_exam/install/pb_option1_description/share/pb_option1_description//resource/models/industrial_camera
[0.454s] -- Installing: /home/guichen/Documents/ws/the_final_exam/install/pb_option1_description/share/pb_option1_description//resource/models/industrial_camera/model.sdf.xmacro
[0.454s] -- Installing: /home/guichen/Documents/ws/the_final_exam/install/pb_option1_description/share/pb_option1_description//resource/models/industrial_camera/model.config
[0.454s] -- Installing: /home/guichen/Documents/ws/the_final_exam/install/pb_option1_description/share/pb_option1_description//resource/models/industrial_camera/meshes
[0.454s] -- Installing: /home/guichen/Documents/ws/the_final_exam/install/pb_option1_description/share/pb_option1_description//resource/models/industrial_camera/meshes/industrial_camera.dae
[0.454s] -- Installing: /home/guichen/Documents/ws/the_final_exam/install/pb_option1_description/share/pb_option1_description//resource/models/industrial_camera/model.sdf
[0.454s] -- Installing: /home/guichen/Documents/ws/the_final_exam/install/pb_option1_description/share/pb_option1_description//resource/models/rplidar_a2
[0.454s] -- Installing: /home/guichen/Documents/ws/the_final_exam/install/pb_option1_description/share/pb_option1_description//resource/models/rplidar_a2/model.sdf.xmacro
[0.454s] -- Installing: /home/guichen/Documents/ws/the_final_exam/install/pb_option1_description/share/pb_option1_description//resource/models/rplidar_a2/model.config
[0.454s] -- Installing: /home/guichen/Documents/ws/the_final_exam/install/pb_option1_description/share/pb_option1_description//resource/models/rplidar_a2/meshes
[0.454s] -- Installing: /home/guichen/Documents/ws/the_final_exam/install/pb_option1_description/share/pb_option1_description//resource/models/rplidar_a2/meshes/rplidar_a2.dae
[0.455s] -- Installing: /home/guichen/Documents/ws/the_final_exam/install/pb_option1_description/share/pb_option1_description//resource/models/rplidar_a2/model.sdf
[0.455s] -- Installing: /home/guichen/Documents/ws/the_final_exam/install/pb_option1_description/share/pb_option1_description//resource/models/mid360
[0.455s] -- Installing: /home/guichen/Documents/ws/the_final_exam/install/pb_option1_description/share/pb_option1_description//resource/models/mid360/model.sdf.xmacro
[0.455s] -- Installing: /home/guichen/Documents/ws/the_final_exam/install/pb_option1_description/share/pb_option1_description//resource/models/mid360/model.config
[0.455s] -- Installing: /home/guichen/Documents/ws/the_final_exam/install/pb_option1_description/share/pb_option1_description//resource/models/mid360/meshes
[0.455s] -- Installing: /home/guichen/Documents/ws/the_final_exam/install/pb_option1_description/share/pb_option1_description//resource/models/mid360/meshes/mid360.dae
[0.457s] -- Installing: /home/guichen/Documents/ws/the_final_exam/install/pb_option1_description/share/pb_option1_description//resource/models/mid360/model.sdf
[0.457s] -- Installing: /home/guichen/Documents/ws/the_final_exam/install/pb_option1_description/share/pb_option1_description//resource/xmacro
[0.457s] -- Installing: /home/guichen/Documents/ws/the_final_exam/install/pb_option1_description/share/pb_option1_description//resource/xmacro/pb2025_sentry_robot.sdf.xmacro
[0.457s] -- Installing: /home/guichen/Documents/ws/the_final_exam/install/pb_option1_description/share/pb_option1_description//resource/xmacro/simulation_robot.sdf.xmacro
[0.457s] -- Installing: /home/guichen/Documents/ws/the_final_exam/install/pb_option1_description/share/pb_option1_description//resource/xmacro/pb2025_infantry_robot.sdf.xmacro
[0.457s] -- Installing: /home/guichen/Documents/ws/the_final_exam/install/pb_option1_description/share/pb_option1_description//rviz
[0.457s] -- Installing: /home/guichen/Documents/ws/the_final_exam/install/pb_option1_description/share/pb_option1_description//rviz/visualize_robot.rviz
[0.457s] -- Installing: /home/guichen/Documents/ws/the_final_exam/install/pb_option1_description/share/pb_option1_description/environment/gazebo.dsv
[0.457s] -- Installing: /home/guichen/Documents/ws/the_final_exam/install/pb_option1_description/share/ament_index/resource_index/package_run_dependencies/pb_option1_description
[0.457s] -- Installing: /home/guichen/Documents/ws/the_final_exam/install/pb_option1_description/share/ament_index/resource_index/parent_prefix_path/pb_option1_description
[0.457s] -- Installing: /home/guichen/Documents/ws/the_final_exam/install/pb_option1_description/share/pb_option1_description/environment/ament_prefix_path.sh
[0.458s] -- Installing: /home/guichen/Documents/ws/the_final_exam/install/pb_option1_description/share/pb_option1_description/environment/ament_prefix_path.dsv
[0.458s] -- Installing: /home/guichen/Documents/ws/the_final_exam/install/pb_option1_description/share/pb_option1_description/environment/path.sh
[0.458s] -- Installing: /home/guichen/Documents/ws/the_final_exam/install/pb_option1_description/share/pb_option1_description/environment/path.dsv
[0.458s] -- Installing: /home/guichen/Documents/ws/the_final_exam/install/pb_option1_description/share/pb_option1_description/local_setup.bash
[0.458s] -- Installing: /home/guichen/Documents/ws/the_final_exam/install/pb_option1_description/share/pb_option1_description/local_setup.sh
[0.458s] -- Installing: /home/guichen/Documents/ws/the_final_exam/install/pb_option1_description/share/pb_option1_description/local_setup.zsh
[0.458s] -- Installing: /home/guichen/Documents/ws/the_final_exam/install/pb_option1_description/share/pb_option1_description/local_setup.dsv
[0.458s] -- Installing: /home/guichen/Documents/ws/the_final_exam/install/pb_option1_description/share/pb_option1_description/package.dsv
[0.458s] -- Installing: /home/guichen/Documents/ws/the_final_exam/install/pb_option1_description/share/ament_index/resource_index/packages/pb_option1_description
[0.458s] -- Installing: /home/guichen/Documents/ws/the_final_exam/install/pb_option1_description/share/pb_option1_description/cmake/pb_option1_descriptionConfig.cmake
[0.458s] -- Installing: /home/guichen/Documents/ws/the_final_exam/install/pb_option1_description/share/pb_option1_description/cmake/pb_option1_descriptionConfig-version.cmake
[0.458s] -- Installing: /home/guichen/Documents/ws/the_final_exam/install/pb_option1_description/share/pb_option1_description/package.xml
[0.460s] Invoked command in '/home/guichen/Documents/ws/the_final_exam/build/pb_option1_description' returned '0': CMAKE_PREFIX_PATH=${CMAKE_PREFIX_PATH}:/home/guichen/Documents/ws/the_final_exam/install/pb_option1_navigation:/opt/ros/humble /usr/bin/cmake --install /home/guichen/Documents/ws/the_final_exam/build/pb_option1_description
