[0.005s] Invoking command in '/home/guichen/Documents/the_final_exam/the_final_exam/build/pb_option1_vision': CMAKE_PREFIX_PATH=/opt/ros/humble /usr/bin/cmake /home/guichen/Documents/the_final_exam/the_final_exam/pb_option1_vision -DCMAKE_INSTALL_PREFIX=/home/guichen/Documents/the_final_exam/the_final_exam/install/pb_option1_vision
[0.040s] -- The C compiler identification is GNU 11.4.0
[0.074s] -- The CXX compiler identification is GNU 11.4.0
[0.078s] -- Detecting C compiler ABI info
[0.129s] -- Detecting C compiler ABI info - done
[0.134s] -- Check for working C compiler: /usr/bin/cc - skipped
[0.134s] -- Detecting C compile features
[0.135s] -- Detecting C compile features - done
[0.136s] -- Detecting CXX compiler ABI info
[0.197s] -- Detecting CXX compiler ABI info - done
[0.202s] -- Check for working CXX compiler: /usr/bin/c++ - skipped
[0.202s] -- Detecting CXX compile features
[0.202s] -- Detecting CXX compile features - done
[0.204s] -- Found ament_cmake: 1.3.12 (/opt/ros/humble/share/ament_cmake/cmake)
[0.299s] -- Found Python3: /usr/bin/python3 (found version "3.10.12") found components: Interpreter 
[0.357s] -- Found rclcpp: 16.0.16 (/opt/ros/humble/share/rclcpp/cmake)
[0.382s] -- Found rosidl_generator_c: 3.1.7 (/opt/ros/humble/share/rosidl_generator_c/cmake)
[0.384s] -- Found rosidl_adapter: 3.1.7 (/opt/ros/humble/share/rosidl_adapter/cmake)
[0.389s] -- Found rosidl_generator_cpp: 3.1.7 (/opt/ros/humble/share/rosidl_generator_cpp/cmake)
[0.396s] -- Using all available rosidl_typesupport_c: rosidl_typesupport_fastrtps_c;rosidl_typesupport_introspection_c
[0.405s] -- Using all available rosidl_typesupport_cpp: rosidl_typesupport_fastrtps_cpp;rosidl_typesupport_introspection_cpp
[0.436s] -- Found rmw_implementation_cmake: 6.1.2 (/opt/ros/humble/share/rmw_implementation_cmake/cmake)
[0.437s] -- Found rmw_fastrtps_cpp: 6.2.9 (/opt/ros/humble/share/rmw_fastrtps_cpp/cmake)
[0.487s] -- Found OpenSSL: /usr/lib/x86_64-linux-gnu/libcrypto.so (found version "3.0.2")  
[0.505s] -- Found FastRTPS: /opt/ros/humble/include  
[0.534s] -- Using RMW implementation 'rmw_fastrtps_cpp' as default
[0.539s] -- Looking for pthread.h
[0.584s] -- Looking for pthread.h - found
[0.585s] -- Performing Test CMAKE_HAVE_LIBC_PTHREAD
[0.632s] -- Performing Test CMAKE_HAVE_LIBC_PTHREAD - Success
[0.633s] -- Found Threads: TRUE  
[0.665s] -- Found geometry_msgs: 4.9.0 (/opt/ros/humble/share/geometry_msgs/cmake)
[0.673s] -- Found sensor_msgs: 4.9.0 (/opt/ros/humble/share/sensor_msgs/cmake)
[0.684s] -- Found cv_bridge: 3.2.1 (/opt/ros/humble/share/cv_bridge/cmake)
[0.691s] -- Found vision_msgs: 4.1.1 (/opt/ros/humble/share/vision_msgs/cmake)
[0.702s] -- Found OpenCV: /usr (found version "4.5.4") 
[0.751s] -- Configuring done
[0.765s] -- Generating done
[0.770s] -- Build files have been written to: /home/guichen/Documents/the_final_exam/the_final_exam/build/pb_option1_vision
[0.777s] Invoked command in '/home/guichen/Documents/the_final_exam/the_final_exam/build/pb_option1_vision' returned '0': CMAKE_PREFIX_PATH=/opt/ros/humble /usr/bin/cmake /home/guichen/Documents/the_final_exam/the_final_exam/pb_option1_vision -DCMAKE_INSTALL_PREFIX=/home/guichen/Documents/the_final_exam/the_final_exam/install/pb_option1_vision
[0.778s] Invoking command in '/home/guichen/Documents/the_final_exam/the_final_exam/build/pb_option1_vision': CMAKE_PREFIX_PATH=/opt/ros/humble /usr/bin/cmake --build /home/guichen/Documents/the_final_exam/the_final_exam/build/pb_option1_vision -- -j16 -l16
[0.809s] [ 12%] [32mBuilding CXX object CMakeFiles/object_detector.dir/src/object_detector_node.cpp.o[0m
[0.809s] [ 25%] [32mBuilding CXX object CMakeFiles/command_interpreter.dir/src/command_interpreter_node.cpp.o[0m
[0.809s] [ 37%] [32mBuilding CXX object CMakeFiles/follow_behavior.dir/src/follow_behavior_node.cpp.o[0m
[0.809s] [ 50%] [32mBuilding CXX object CMakeFiles/test_hsv_with_morph.dir/src/test_hsv_with_morph.cpp.o[0m
[1.993s] [ 62%] [32m[1mLinking CXX executable test_hsv_with_morph[0m
[2.286s] [ 62%] Built target test_hsv_with_morph
[6.692s] [ 75%] [32m[1mLinking CXX executable command_interpreter[0m
[6.870s] [ 87%] [32m[1mLinking CXX executable follow_behavior[0m
[6.965s] [ 87%] Built target command_interpreter
[7.141s] [ 87%] Built target follow_behavior
[7.773s] [100%] [32m[1mLinking CXX executable object_detector[0m
[8.267s] [100%] Built target object_detector
[8.277s] Invoked command in '/home/guichen/Documents/the_final_exam/the_final_exam/build/pb_option1_vision' returned '0': CMAKE_PREFIX_PATH=/opt/ros/humble /usr/bin/cmake --build /home/guichen/Documents/the_final_exam/the_final_exam/build/pb_option1_vision -- -j16 -l16
[8.283s] Invoking command in '/home/guichen/Documents/the_final_exam/the_final_exam/build/pb_option1_vision': CMAKE_PREFIX_PATH=/opt/ros/humble /usr/bin/cmake --install /home/guichen/Documents/the_final_exam/the_final_exam/build/pb_option1_vision
[8.287s] -- Install configuration: ""
[8.287s] -- Installing: /home/guichen/Documents/the_final_exam/the_final_exam/install/pb_option1_vision/lib/pb_option1_vision/object_detector
[8.289s] -- Set runtime path of "/home/guichen/Documents/the_final_exam/the_final_exam/install/pb_option1_vision/lib/pb_option1_vision/object_detector" to ""
[8.289s] -- Installing: /home/guichen/Documents/the_final_exam/the_final_exam/install/pb_option1_vision/lib/pb_option1_vision/follow_behavior
[8.291s] -- Set runtime path of "/home/guichen/Documents/the_final_exam/the_final_exam/install/pb_option1_vision/lib/pb_option1_vision/follow_behavior" to ""
[8.291s] -- Installing: /home/guichen/Documents/the_final_exam/the_final_exam/install/pb_option1_vision/lib/pb_option1_vision/command_interpreter
[8.293s] -- Set runtime path of "/home/guichen/Documents/the_final_exam/the_final_exam/install/pb_option1_vision/lib/pb_option1_vision/command_interpreter" to ""
[8.293s] -- Installing: /home/guichen/Documents/the_final_exam/the_final_exam/install/pb_option1_vision/share/pb_option1_vision/launch
[8.293s] -- Installing: /home/guichen/Documents/the_final_exam/the_final_exam/install/pb_option1_vision/share/pb_option1_vision/launch/vision_and_follow.launch.py
[8.293s] -- Installing: /home/guichen/Documents/the_final_exam/the_final_exam/install/pb_option1_vision/share/pb_option1_vision/config
[8.293s] -- Installing: /home/guichen/Documents/the_final_exam/the_final_exam/install/pb_option1_vision/share/pb_option1_vision/config/detector_params.yaml
[8.293s] -- Installing: /home/guichen/Documents/the_final_exam/the_final_exam/install/pb_option1_vision/share/pb_option1_vision/config/follow_params.yaml
[8.293s] -- Installing: /home/guichen/Documents/the_final_exam/the_final_exam/install/pb_option1_vision/share/ament_index/resource_index/package_run_dependencies/pb_option1_vision
[8.294s] -- Installing: /home/guichen/Documents/the_final_exam/the_final_exam/install/pb_option1_vision/share/ament_index/resource_index/parent_prefix_path/pb_option1_vision
[8.294s] -- Installing: /home/guichen/Documents/the_final_exam/the_final_exam/install/pb_option1_vision/share/pb_option1_vision/environment/ament_prefix_path.sh
[8.294s] -- Installing: /home/guichen/Documents/the_final_exam/the_final_exam/install/pb_option1_vision/share/pb_option1_vision/environment/ament_prefix_path.dsv
[8.294s] -- Installing: /home/guichen/Documents/the_final_exam/the_final_exam/install/pb_option1_vision/share/pb_option1_vision/environment/path.sh
[8.294s] -- Installing: /home/guichen/Documents/the_final_exam/the_final_exam/install/pb_option1_vision/share/pb_option1_vision/environment/path.dsv
[8.294s] -- Installing: /home/guichen/Documents/the_final_exam/the_final_exam/install/pb_option1_vision/share/pb_option1_vision/local_setup.bash
[8.294s] -- Installing: /home/guichen/Documents/the_final_exam/the_final_exam/install/pb_option1_vision/share/pb_option1_vision/local_setup.sh
[8.294s] -- Installing: /home/guichen/Documents/the_final_exam/the_final_exam/install/pb_option1_vision/share/pb_option1_vision/local_setup.zsh
[8.294s] -- Installing: /home/guichen/Documents/the_final_exam/the_final_exam/install/pb_option1_vision/share/pb_option1_vision/local_setup.dsv
[8.294s] -- Installing: /home/guichen/Documents/the_final_exam/the_final_exam/install/pb_option1_vision/share/pb_option1_vision/package.dsv
[8.294s] -- Installing: /home/guichen/Documents/the_final_exam/the_final_exam/install/pb_option1_vision/share/ament_index/resource_index/packages/pb_option1_vision
[8.294s] -- Installing: /home/guichen/Documents/the_final_exam/the_final_exam/install/pb_option1_vision/share/pb_option1_vision/cmake/pb_option1_visionConfig.cmake
[8.294s] -- Installing: /home/guichen/Documents/the_final_exam/the_final_exam/install/pb_option1_vision/share/pb_option1_vision/cmake/pb_option1_visionConfig-version.cmake
[8.294s] -- Installing: /home/guichen/Documents/the_final_exam/the_final_exam/install/pb_option1_vision/share/pb_option1_vision/package.xml
[8.296s] Invoked command in '/home/guichen/Documents/the_final_exam/the_final_exam/build/pb_option1_vision' returned '0': CMAKE_PREFIX_PATH=/opt/ros/humble /usr/bin/cmake --install /home/guichen/Documents/the_final_exam/the_final_exam/build/pb_option1_vision
