[0.196s] Invoking command in '/home/guichen/Documents/ws/src/build/pb_option1_description': AMENT_PREFIX_PATH=/home/guichen/Documents/ws/src/install/sdformat_tools:/home/guichen/Documents/ws/src/install/rmoss_gz_resources:${AMENT_PREFIX_PATH} CMAKE_PREFIX_PATH=/home/guichen/Documents/ws/src/install/rmoss_gz_resources:/home/guichen/Documents/ws/the_final_exam/install/pb_option1_sim:/home/guichen/Documents/ws/the_final_exam/install/pb_option1_description:/home/guichen/Documents/ws/the_final_exam/install/pb_option1_vision:/home/guichen/Documents/ws/the_final_exam/install/pb_option1_bringup:/home/guichen/Documents/ws/the_final_exam/install/pb2025_robot_description:/home/guichen/Documents/ws/the_final_exam/install/pb_option1_navigation:/opt/ros/humble PATH=/home/guichen/Documents/ws/src/install/sdformat_tools/bin:${PATH} PYTHONPATH=/home/guichen/Documents/ws/src/install/sdformat_tools/lib/python3.10/site-packages:${PYTHONPATH} /usr/bin/cmake /home/guichen/Documents/ws/src/pb_option1_description -DCMAKE_INSTALL_PREFIX=/home/guichen/Documents/ws/src/install/pb_option1_description
[0.228s] -- The C compiler identification is GNU 11.4.0
[0.263s] -- The CXX compiler identification is GNU 11.4.0
[0.268s] -- Detecting C compiler ABI info
[0.315s] -- Detecting C compiler ABI info - done
[0.325s] -- Check for working C compiler: /usr/bin/cc - skipped
[0.325s] -- Detecting C compile features
[0.325s] -- Detecting C compile features - done
[0.328s] -- Detecting CXX compiler ABI info
[0.388s] -- Detecting CXX compiler ABI info - done
[0.395s] -- Check for working CXX compiler: /usr/bin/c++ - skipped
[0.395s] -- Detecting CXX compile features
[0.395s] -- Detecting CXX compile features - done
[0.397s] -- Found ament_cmake: 1.3.12 (/opt/ros/humble/share/ament_cmake/cmake)
[0.504s] -- Found Python3: /usr/bin/python3 (found version "3.10.12") found components: Interpreter 
[0.625s] -- Configuring done
[0.628s] -- Generating done
[0.630s] -- Build files have been written to: /home/guichen/Documents/ws/src/build/pb_option1_description
[0.635s] Invoked command in '/home/guichen/Documents/ws/src/build/pb_option1_description' returned '0': AMENT_PREFIX_PATH=/home/guichen/Documents/ws/src/install/sdformat_tools:/home/guichen/Documents/ws/src/install/rmoss_gz_resources:${AMENT_PREFIX_PATH} CMAKE_PREFIX_PATH=/home/guichen/Documents/ws/src/install/rmoss_gz_resources:/home/guichen/Documents/ws/the_final_exam/install/pb_option1_sim:/home/guichen/Documents/ws/the_final_exam/install/pb_option1_description:/home/guichen/Documents/ws/the_final_exam/install/pb_option1_vision:/home/guichen/Documents/ws/the_final_exam/install/pb_option1_bringup:/home/guichen/Documents/ws/the_final_exam/install/pb2025_robot_description:/home/guichen/Documents/ws/the_final_exam/install/pb_option1_navigation:/opt/ros/humble PATH=/home/guichen/Documents/ws/src/install/sdformat_tools/bin:${PATH} PYTHONPATH=/home/guichen/Documents/ws/src/install/sdformat_tools/lib/python3.10/site-packages:${PYTHONPATH} /usr/bin/cmake /home/guichen/Documents/ws/src/pb_option1_description -DCMAKE_INSTALL_PREFIX=/home/guichen/Documents/ws/src/install/pb_option1_description
[0.637s] Invoking command in '/home/guichen/Documents/ws/src/build/pb_option1_description': AMENT_PREFIX_PATH=/home/guichen/Documents/ws/src/install/sdformat_tools:/home/guichen/Documents/ws/src/install/rmoss_gz_resources:${AMENT_PREFIX_PATH} CMAKE_PREFIX_PATH=/home/guichen/Documents/ws/src/install/rmoss_gz_resources:/home/guichen/Documents/ws/the_final_exam/install/pb_option1_sim:/home/guichen/Documents/ws/the_final_exam/install/pb_option1_description:/home/guichen/Documents/ws/the_final_exam/install/pb_option1_vision:/home/guichen/Documents/ws/the_final_exam/install/pb_option1_bringup:/home/guichen/Documents/ws/the_final_exam/install/pb2025_robot_description:/home/guichen/Documents/ws/the_final_exam/install/pb_option1_navigation:/opt/ros/humble PATH=/home/guichen/Documents/ws/src/install/sdformat_tools/bin:${PATH} PYTHONPATH=/home/guichen/Documents/ws/src/install/sdformat_tools/lib/python3.10/site-packages:${PYTHONPATH} /usr/bin/cmake --build /home/guichen/Documents/ws/src/build/pb_option1_description -- -j16 -l16
[0.665s] Invoked command in '/home/guichen/Documents/ws/src/build/pb_option1_description' returned '0': AMENT_PREFIX_PATH=/home/guichen/Documents/ws/src/install/sdformat_tools:/home/guichen/Documents/ws/src/install/rmoss_gz_resources:${AMENT_PREFIX_PATH} CMAKE_PREFIX_PATH=/home/guichen/Documents/ws/src/install/rmoss_gz_resources:/home/guichen/Documents/ws/the_final_exam/install/pb_option1_sim:/home/guichen/Documents/ws/the_final_exam/install/pb_option1_description:/home/guichen/Documents/ws/the_final_exam/install/pb_option1_vision:/home/guichen/Documents/ws/the_final_exam/install/pb_option1_bringup:/home/guichen/Documents/ws/the_final_exam/install/pb2025_robot_description:/home/guichen/Documents/ws/the_final_exam/install/pb_option1_navigation:/opt/ros/humble PATH=/home/guichen/Documents/ws/src/install/sdformat_tools/bin:${PATH} PYTHONPATH=/home/guichen/Documents/ws/src/install/sdformat_tools/lib/python3.10/site-packages:${PYTHONPATH} /usr/bin/cmake --build /home/guichen/Documents/ws/src/build/pb_option1_description -- -j16 -l16
[0.666s] Invoking command in '/home/guichen/Documents/ws/src/build/pb_option1_description': AMENT_PREFIX_PATH=/home/guichen/Documents/ws/src/install/sdformat_tools:/home/guichen/Documents/ws/src/install/rmoss_gz_resources:${AMENT_PREFIX_PATH} CMAKE_PREFIX_PATH=/home/guichen/Documents/ws/src/install/rmoss_gz_resources:/home/guichen/Documents/ws/the_final_exam/install/pb_option1_sim:/home/guichen/Documents/ws/the_final_exam/install/pb_option1_description:/home/guichen/Documents/ws/the_final_exam/install/pb_option1_vision:/home/guichen/Documents/ws/the_final_exam/install/pb_option1_bringup:/home/guichen/Documents/ws/the_final_exam/install/pb2025_robot_description:/home/guichen/Documents/ws/the_final_exam/install/pb_option1_navigation:/opt/ros/humble PATH=/home/guichen/Documents/ws/src/install/sdformat_tools/bin:${PATH} PYTHONPATH=/home/guichen/Documents/ws/src/install/sdformat_tools/lib/python3.10/site-packages:${PYTHONPATH} /usr/bin/cmake --install /home/guichen/Documents/ws/src/build/pb_option1_description
[0.672s] -- Install configuration: ""
[0.672s] -- Installing: /home/guichen/Documents/ws/src/install/pb_option1_description/share/pb_option1_description//launch
[0.672s] -- Installing: /home/guichen/Documents/ws/src/install/pb_option1_description/share/pb_option1_description//launch/robot_description_launch.py
[0.673s] -- Installing: /home/guichen/Documents/ws/src/install/pb_option1_description/share/pb_option1_description//params
[0.673s] -- Installing: /home/guichen/Documents/ws/src/install/pb_option1_description/share/pb_option1_description//params/robot_description.yaml
[0.673s] -- Installing: /home/guichen/Documents/ws/src/install/pb_option1_description/share/pb_option1_description//resource
[0.673s] -- Installing: /home/guichen/Documents/ws/src/install/pb_option1_description/share/pb_option1_description//resource/models
[0.673s] -- Installing: /home/guichen/Documents/ws/src/install/pb_option1_description/share/pb_option1_description//resource/models/industrial_camera
[0.673s] -- Installing: /home/guichen/Documents/ws/src/install/pb_option1_description/share/pb_option1_description//resource/models/industrial_camera/model.sdf.xmacro
[0.673s] -- Installing: /home/guichen/Documents/ws/src/install/pb_option1_description/share/pb_option1_description//resource/models/industrial_camera/model.config
[0.673s] -- Installing: /home/guichen/Documents/ws/src/install/pb_option1_description/share/pb_option1_description//resource/models/industrial_camera/meshes
[0.674s] -- Installing: /home/guichen/Documents/ws/src/install/pb_option1_description/share/pb_option1_description//resource/models/industrial_camera/meshes/industrial_camera.dae
[0.674s] -- Installing: /home/guichen/Documents/ws/src/install/pb_option1_description/share/pb_option1_description//resource/models/industrial_camera/model.sdf
[0.674s] -- Installing: /home/guichen/Documents/ws/src/install/pb_option1_description/share/pb_option1_description//resource/models/rplidar_a2
[0.674s] -- Installing: /home/guichen/Documents/ws/src/install/pb_option1_description/share/pb_option1_description//resource/models/rplidar_a2/model.sdf.xmacro
[0.674s] -- Installing: /home/guichen/Documents/ws/src/install/pb_option1_description/share/pb_option1_description//resource/models/rplidar_a2/model.config
[0.674s] -- Installing: /home/guichen/Documents/ws/src/install/pb_option1_description/share/pb_option1_description//resource/models/rplidar_a2/meshes
[0.674s] -- Installing: /home/guichen/Documents/ws/src/install/pb_option1_description/share/pb_option1_description//resource/models/rplidar_a2/meshes/rplidar_a2.dae
[0.675s] -- Installing: /home/guichen/Documents/ws/src/install/pb_option1_description/share/pb_option1_description//resource/models/rplidar_a2/model.sdf
[0.675s] -- Installing: /home/guichen/Documents/ws/src/install/pb_option1_description/share/pb_option1_description//resource/models/mid360
[0.675s] -- Installing: /home/guichen/Documents/ws/src/install/pb_option1_description/share/pb_option1_description//resource/models/mid360/model.sdf.xmacro
[0.675s] -- Installing: /home/guichen/Documents/ws/src/install/pb_option1_description/share/pb_option1_description//resource/models/mid360/model.config
[0.675s] -- Installing: /home/guichen/Documents/ws/src/install/pb_option1_description/share/pb_option1_description//resource/models/mid360/meshes
[0.675s] -- Installing: /home/guichen/Documents/ws/src/install/pb_option1_description/share/pb_option1_description//resource/models/mid360/meshes/mid360.dae
[0.677s] -- Installing: /home/guichen/Documents/ws/src/install/pb_option1_description/share/pb_option1_description//resource/models/mid360/model.sdf
[0.677s] -- Installing: /home/guichen/Documents/ws/src/install/pb_option1_description/share/pb_option1_description//resource/xmacro
[0.677s] -- Installing: /home/guichen/Documents/ws/src/install/pb_option1_description/share/pb_option1_description//resource/xmacro/pb2025_sentry_robot.sdf.xmacro
[0.677s] -- Installing: /home/guichen/Documents/ws/src/install/pb_option1_description/share/pb_option1_description//resource/xmacro/simulation_robot.sdf.xmacro
[0.677s] -- Installing: /home/guichen/Documents/ws/src/install/pb_option1_description/share/pb_option1_description//resource/xmacro/pb2025_infantry_robot.sdf.xmacro
[0.677s] -- Installing: /home/guichen/Documents/ws/src/install/pb_option1_description/share/pb_option1_description//rviz
[0.677s] -- Installing: /home/guichen/Documents/ws/src/install/pb_option1_description/share/pb_option1_description//rviz/visualize_robot.rviz
[0.678s] -- Installing: /home/guichen/Documents/ws/src/install/pb_option1_description/share/pb_option1_description/environment/gazebo.dsv
[0.678s] -- Installing: /home/guichen/Documents/ws/src/install/pb_option1_description/share/ament_index/resource_index/package_run_dependencies/pb_option1_description
[0.678s] -- Installing: /home/guichen/Documents/ws/src/install/pb_option1_description/share/ament_index/resource_index/parent_prefix_path/pb_option1_description
[0.678s] -- Installing: /home/guichen/Documents/ws/src/install/pb_option1_description/share/pb_option1_description/environment/ament_prefix_path.sh
[0.678s] -- Installing: /home/guichen/Documents/ws/src/install/pb_option1_description/share/pb_option1_description/environment/ament_prefix_path.dsv
[0.678s] -- Installing: /home/guichen/Documents/ws/src/install/pb_option1_description/share/pb_option1_description/environment/path.sh
[0.678s] -- Installing: /home/guichen/Documents/ws/src/install/pb_option1_description/share/pb_option1_description/environment/path.dsv
[0.678s] -- Installing: /home/guichen/Documents/ws/src/install/pb_option1_description/share/pb_option1_description/local_setup.bash
[0.678s] -- Installing: /home/guichen/Documents/ws/src/install/pb_option1_description/share/pb_option1_description/local_setup.sh
[0.678s] -- Installing: /home/guichen/Documents/ws/src/install/pb_option1_description/share/pb_option1_description/local_setup.zsh
[0.678s] -- Installing: /home/guichen/Documents/ws/src/install/pb_option1_description/share/pb_option1_description/local_setup.dsv
[0.678s] -- Installing: /home/guichen/Documents/ws/src/install/pb_option1_description/share/pb_option1_description/package.dsv
[0.678s] -- Installing: /home/guichen/Documents/ws/src/install/pb_option1_description/share/ament_index/resource_index/packages/pb_option1_description
[0.678s] -- Installing: /home/guichen/Documents/ws/src/install/pb_option1_description/share/pb_option1_description/cmake/pb_option1_descriptionConfig.cmake
[0.678s] -- Installing: /home/guichen/Documents/ws/src/install/pb_option1_description/share/pb_option1_description/cmake/pb_option1_descriptionConfig-version.cmake
[0.679s] -- Installing: /home/guichen/Documents/ws/src/install/pb_option1_description/share/pb_option1_description/package.xml
[0.680s] Invoked command in '/home/guichen/Documents/ws/src/build/pb_option1_description' returned '0': AMENT_PREFIX_PATH=/home/guichen/Documents/ws/src/install/sdformat_tools:/home/guichen/Documents/ws/src/install/rmoss_gz_resources:${AMENT_PREFIX_PATH} CMAKE_PREFIX_PATH=/home/guichen/Documents/ws/src/install/rmoss_gz_resources:/home/guichen/Documents/ws/the_final_exam/install/pb_option1_sim:/home/guichen/Documents/ws/the_final_exam/install/pb_option1_description:/home/guichen/Documents/ws/the_final_exam/install/pb_option1_vision:/home/guichen/Documents/ws/the_final_exam/install/pb_option1_bringup:/home/guichen/Documents/ws/the_final_exam/install/pb2025_robot_description:/home/guichen/Documents/ws/the_final_exam/install/pb_option1_navigation:/opt/ros/humble PATH=/home/guichen/Documents/ws/src/install/sdformat_tools/bin:${PATH} PYTHONPATH=/home/guichen/Documents/ws/src/install/sdformat_tools/lib/python3.10/site-packages:${PYTHONPATH} /usr/bin/cmake --install /home/guichen/Documents/ws/src/build/pb_option1_description
