running egg_info
creating ../build/sdformat_tools/sdformat_tools.egg-info
writing ../build/sdformat_tools/sdformat_tools.egg-info/PKG-INFO
writing dependency_links to ../build/sdformat_tools/sdformat_tools.egg-info/dependency_links.txt
writing entry points to ../build/sdformat_tools/sdformat_tools.egg-info/entry_points.txt
writing requirements to ../build/sdformat_tools/sdformat_tools.egg-info/requires.txt
writing top-level names to ../build/sdformat_tools/sdformat_tools.egg-info/top_level.txt
writing manifest file '../build/sdformat_tools/sdformat_tools.egg-info/SOURCES.txt'
reading manifest file '../build/sdformat_tools/sdformat_tools.egg-info/SOURCES.txt'
reading manifest template 'MANIFEST.in'
adding license file 'LICENSE'
writing manifest file '../build/sdformat_tools/sdformat_tools.egg-info/SOURCES.txt'
running build
running build_py
creating /home/guichen/Documents/ws/src/build/sdformat_tools/build
creating /home/guichen/Documents/ws/src/build/sdformat_tools/build/lib
creating /home/guichen/Documents/ws/src/build/sdformat_tools/build/lib/sdformat_tools
copying sdformat_tools/urdf_generator.py -> /home/guichen/Documents/ws/src/build/sdformat_tools/build/lib/sdformat_tools
copying sdformat_tools/xmacro4sdf.py -> /home/guichen/Documents/ws/src/build/sdformat_tools/build/lib/sdformat_tools
copying sdformat_tools/sdf2urdf.py -> /home/guichen/Documents/ws/src/build/sdformat_tools/build/lib/sdformat_tools
copying sdformat_tools/sdf_util.py -> /home/guichen/Documents/ws/src/build/sdformat_tools/build/lib/sdformat_tools
copying sdformat_tools/__init__.py -> /home/guichen/Documents/ws/src/build/sdformat_tools/build/lib/sdformat_tools
running install
running install_lib
creating /home/guichen/Documents/ws/src/install/sdformat_tools/lib/python3.10/site-packages/sdformat_tools
copying /home/guichen/Documents/ws/src/build/sdformat_tools/build/lib/sdformat_tools/urdf_generator.py -> /home/guichen/Documents/ws/src/install/sdformat_tools/lib/python3.10/site-packages/sdformat_tools
copying /home/guichen/Documents/ws/src/build/sdformat_tools/build/lib/sdformat_tools/xmacro4sdf.py -> /home/guichen/Documents/ws/src/install/sdformat_tools/lib/python3.10/site-packages/sdformat_tools
copying /home/guichen/Documents/ws/src/build/sdformat_tools/build/lib/sdformat_tools/sdf2urdf.py -> /home/guichen/Documents/ws/src/install/sdformat_tools/lib/python3.10/site-packages/sdformat_tools
copying /home/guichen/Documents/ws/src/build/sdformat_tools/build/lib/sdformat_tools/sdf_util.py -> /home/guichen/Documents/ws/src/install/sdformat_tools/lib/python3.10/site-packages/sdformat_tools
copying /home/guichen/Documents/ws/src/build/sdformat_tools/build/lib/sdformat_tools/__init__.py -> /home/guichen/Documents/ws/src/install/sdformat_tools/lib/python3.10/site-packages/sdformat_tools
byte-compiling /home/guichen/Documents/ws/src/install/sdformat_tools/lib/python3.10/site-packages/sdformat_tools/urdf_generator.py to urdf_generator.cpython-310.pyc
byte-compiling /home/guichen/Documents/ws/src/install/sdformat_tools/lib/python3.10/site-packages/sdformat_tools/xmacro4sdf.py to xmacro4sdf.cpython-310.pyc
byte-compiling /home/guichen/Documents/ws/src/install/sdformat_tools/lib/python3.10/site-packages/sdformat_tools/sdf2urdf.py to sdf2urdf.cpython-310.pyc
byte-compiling /home/guichen/Documents/ws/src/install/sdformat_tools/lib/python3.10/site-packages/sdformat_tools/sdf_util.py to sdf_util.cpython-310.pyc
byte-compiling /home/guichen/Documents/ws/src/install/sdformat_tools/lib/python3.10/site-packages/sdformat_tools/__init__.py to __init__.cpython-310.pyc
running install_data
creating /home/guichen/Documents/ws/src/install/sdformat_tools/share/ament_index
creating /home/guichen/Documents/ws/src/install/sdformat_tools/share/ament_index/resource_index
creating /home/guichen/Documents/ws/src/install/sdformat_tools/share/ament_index/resource_index/packages
copying resource/sdformat_tools -> /home/guichen/Documents/ws/src/install/sdformat_tools/share/ament_index/resource_index/packages
copying package.xml -> /home/guichen/Documents/ws/src/install/sdformat_tools/share/sdformat_tools
running install_egg_info
Copying ../build/sdformat_tools/sdformat_tools.egg-info to /home/guichen/Documents/ws/src/install/sdformat_tools/lib/python3.10/site-packages/sdformat_tools-0.0.1-py3.10.egg-info
running install_scripts
Installing sdf2urdf script to /home/guichen/Documents/ws/src/install/sdformat_tools/bin
Installing xmacro4sdf script to /home/guichen/Documents/ws/src/install/sdformat_tools/bin
writing list of installed files to '/home/guichen/Documents/ws/src/build/sdformat_tools/install.log'
