[0.437s] Invoking command in '/home/guichen/Documents/ws/the_final_exam/pb_option1_navigation': PYTHONPATH=/home/guichen/Documents/ws/the_final_exam/build/pb_option1_navigation/prefix_override:/usr/lib/python3/dist-packages/colcon_core/task/python/colcon_distutils_commands:/home/guichen/Documents/ws/the_final_exam/install/pb_option1_navigation/lib/python3.10/site-packages:${PYTHONPATH} /usr/bin/python3 -W ignore:setup.py install is deprecated -W ignore:easy_install command is deprecated setup.py egg_info --egg-base ../build/pb_option1_navigation build --build-base /home/guichen/Documents/ws/the_final_exam/build/pb_option1_navigation/build install --record /home/guichen/Documents/ws/the_final_exam/build/pb_option1_navigation/install.log --single-version-externally-managed install_data
[0.610s] running egg_info
[0.610s] creating ../build/pb_option1_navigation/pb_option1_navigation.egg-info
[0.611s] writing ../build/pb_option1_navigation/pb_option1_navigation.egg-info/PKG-INFO
[0.611s] writing dependency_links to ../build/pb_option1_navigation/pb_option1_navigation.egg-info/dependency_links.txt
[0.611s] writing entry points to ../build/pb_option1_navigation/pb_option1_navigation.egg-info/entry_points.txt
[0.611s] writing requirements to ../build/pb_option1_navigation/pb_option1_navigation.egg-info/requires.txt
[0.611s] writing top-level names to ../build/pb_option1_navigation/pb_option1_navigation.egg-info/top_level.txt
[0.611s] writing manifest file '../build/pb_option1_navigation/pb_option1_navigation.egg-info/SOURCES.txt'
[0.612s] reading manifest file '../build/pb_option1_navigation/pb_option1_navigation.egg-info/SOURCES.txt'
[0.613s] writing manifest file '../build/pb_option1_navigation/pb_option1_navigation.egg-info/SOURCES.txt'
[0.613s] running build
[0.613s] running build_py
[0.613s] creating /home/guichen/Documents/ws/the_final_exam/build/pb_option1_navigation/build
[0.613s] creating /home/guichen/Documents/ws/the_final_exam/build/pb_option1_navigation/build/lib
[0.613s] creating /home/guichen/Documents/ws/the_final_exam/build/pb_option1_navigation/build/lib/pb_option1_navigation
[0.613s] copying pb_option1_navigation/__init__.py -> /home/guichen/Documents/ws/the_final_exam/build/pb_option1_navigation/build/lib/pb_option1_navigation
[0.613s] running install
[0.613s] running install_lib
[0.614s] creating /home/guichen/Documents/ws/the_final_exam/install/pb_option1_navigation/lib/python3.10/site-packages/pb_option1_navigation
[0.614s] copying /home/guichen/Documents/ws/the_final_exam/build/pb_option1_navigation/build/lib/pb_option1_navigation/__init__.py -> /home/guichen/Documents/ws/the_final_exam/install/pb_option1_navigation/lib/python3.10/site-packages/pb_option1_navigation
[0.614s] byte-compiling /home/guichen/Documents/ws/the_final_exam/install/pb_option1_navigation/lib/python3.10/site-packages/pb_option1_navigation/__init__.py to __init__.cpython-310.pyc
[0.614s] running install_data
[0.614s] creating /home/guichen/Documents/ws/the_final_exam/install/pb_option1_navigation/share/ament_index
[0.614s] creating /home/guichen/Documents/ws/the_final_exam/install/pb_option1_navigation/share/ament_index/resource_index
[0.614s] creating /home/guichen/Documents/ws/the_final_exam/install/pb_option1_navigation/share/ament_index/resource_index/packages
[0.614s] copying resource/pb_option1_navigation -> /home/guichen/Documents/ws/the_final_exam/install/pb_option1_navigation/share/ament_index/resource_index/packages
[0.614s] copying package.xml -> /home/guichen/Documents/ws/the_final_exam/install/pb_option1_navigation/share/pb_option1_navigation
[0.614s] creating /home/guichen/Documents/ws/the_final_exam/install/pb_option1_navigation/share/pb_option1_navigation/launch
[0.614s] copying launch/nav2_bringup.launch.py -> /home/guichen/Documents/ws/the_final_exam/install/pb_option1_navigation/share/pb_option1_navigation/launch
[0.615s] copying launch/localization.launch.py -> /home/guichen/Documents/ws/the_final_exam/install/pb_option1_navigation/share/pb_option1_navigation/launch
[0.615s] copying launch/slam.launch.py -> /home/guichen/Documents/ws/the_final_exam/install/pb_option1_navigation/share/pb_option1_navigation/launch
[0.615s] creating /home/guichen/Documents/ws/the_final_exam/install/pb_option1_navigation/share/pb_option1_navigation/config
[0.615s] copying config/slam_params.yaml -> /home/guichen/Documents/ws/the_final_exam/install/pb_option1_navigation/share/pb_option1_navigation/config
[0.615s] copying config/amcl_params.yaml -> /home/guichen/Documents/ws/the_final_exam/install/pb_option1_navigation/share/pb_option1_navigation/config
[0.615s] copying config/nav2_params.yaml -> /home/guichen/Documents/ws/the_final_exam/install/pb_option1_navigation/share/pb_option1_navigation/config
[0.615s] creating /home/guichen/Documents/ws/the_final_exam/install/pb_option1_navigation/share/pb_option1_navigation/maps
[0.615s] copying maps/map.pgm -> /home/guichen/Documents/ws/the_final_exam/install/pb_option1_navigation/share/pb_option1_navigation/maps
[0.615s] copying maps/map.yaml -> /home/guichen/Documents/ws/the_final_exam/install/pb_option1_navigation/share/pb_option1_navigation/maps
[0.615s] running install_egg_info
[0.616s] Copying ../build/pb_option1_navigation/pb_option1_navigation.egg-info to /home/guichen/Documents/ws/the_final_exam/install/pb_option1_navigation/lib/python3.10/site-packages/pb_option1_navigation-0.1.0-py3.10.egg-info
[0.617s] running install_scripts
[0.631s] writing list of installed files to '/home/guichen/Documents/ws/the_final_exam/build/pb_option1_navigation/install.log'
[0.646s] Invoked command in '/home/guichen/Documents/ws/the_final_exam/pb_option1_navigation' returned '0': PYTHONPATH=/home/guichen/Documents/ws/the_final_exam/build/pb_option1_navigation/prefix_override:/usr/lib/python3/dist-packages/colcon_core/task/python/colcon_distutils_commands:/home/guichen/Documents/ws/the_final_exam/install/pb_option1_navigation/lib/python3.10/site-packages:${PYTHONPATH} /usr/bin/python3 -W ignore:setup.py install is deprecated -W ignore:easy_install command is deprecated setup.py egg_info --egg-base ../build/pb_option1_navigation build --build-base /home/guichen/Documents/ws/the_final_exam/build/pb_option1_navigation/build install --record /home/guichen/Documents/ws/the_final_exam/build/pb_option1_navigation/install.log --single-version-externally-managed install_data
