[0.077s] [34mcolcon[0m [1;30mDEBUG[0m [32mCommand line arguments: ['/usr/bin/colcon', 'build'][0m
[0.077s] [34mcolcon[0m [1;30mDEBUG[0m [32mParsed command line arguments: Namespace(log_base=None, log_level=None, verb_name='build', build_base='build', install_base='install', merge_install=False, symlink_install=False, test_result_base=None, continue_on_error=False, executor='parallel', parallel_workers=16, event_handlers=None, ignore_user_meta=False, metas=['./colcon.meta'], base_paths=['.'], packages_ignore=None, packages_ignore_regex=None, paths=None, packages_up_to=None, packages_up_to_regex=None, packages_above=None, packages_above_and_dependencies=None, packages_above_depth=None, packages_select_by_dep=None, packages_skip_by_dep=None, packages_skip_up_to=None, packages_select_build_failed=False, packages_skip_build_finished=False, packages_select_test_failures=False, packages_skip_test_passed=False, packages_select=None, packages_skip=None, packages_select_regex=None, packages_skip_regex=None, packages_start=None, packages_end=None, allow_overriding=[], cmake_args=None, cmake_target=None, cmake_target_skip_unavailable=False, cmake_clean_cache=False, cmake_clean_first=False, cmake_force_configure=False, ament_cmake_args=None, catkin_cmake_args=None, catkin_skip_building_tests=False, verb_parser=<colcon_defaults.argument_parser.defaults.DefaultArgumentsDecorator object at 0x77efd53f7b50>, verb_extension=<colcon_core.verb.build.BuildVerb object at 0x77efd533d060>, main=<bound method BuildVerb.main of <colcon_core.verb.build.BuildVerb object at 0x77efd533d060>>)[0m
[0.186s] [34mcolcon.colcon_core.package_discovery[0m [1;30mLevel 1[0m discover_packages(colcon_meta) check parameters
[0.186s] [34mcolcon.colcon_core.package_discovery[0m [1;30mLevel 1[0m discover_packages(recursive) check parameters
[0.186s] [34mcolcon.colcon_core.package_discovery[0m [1;30mLevel 1[0m discover_packages(ignore) check parameters
[0.186s] [34mcolcon.colcon_core.package_discovery[0m [1;30mLevel 1[0m discover_packages(path) check parameters
[0.186s] [34mcolcon.colcon_core.package_discovery[0m [1;30mLevel 1[0m discover_packages(colcon_meta) discover
[0.186s] [34mcolcon.colcon_core.package_discovery[0m [1;30mLevel 1[0m discover_packages(recursive) discover
[0.186s] [34mcolcon.colcon_core.package_discovery[0m [1;30mINFO[0m Crawling recursively for packages in '/home/guichen/Documents/ws/the_final_exam'
[0.186s] [34mcolcon.colcon_core.package_identification[0m [1;30mLevel 1[0m _identify(.) by extensions ['ignore', 'ignore_ament_install']
[0.186s] [34mcolcon.colcon_core.package_identification[0m [1;30mLevel 1[0m _identify(.) by extension 'ignore'
[0.186s] [34mcolcon.colcon_core.package_identification[0m [1;30mLevel 1[0m _identify(.) by extension 'ignore_ament_install'
[0.186s] [34mcolcon.colcon_core.package_identification[0m [1;30mLevel 1[0m _identify(.) by extensions ['colcon_pkg']
[0.186s] [34mcolcon.colcon_core.package_identification[0m [1;30mLevel 1[0m _identify(.) by extension 'colcon_pkg'
[0.186s] [34mcolcon.colcon_core.package_identification[0m [1;30mLevel 1[0m _identify(.) by extensions ['colcon_meta']
[0.186s] [34mcolcon.colcon_core.package_identification[0m [1;30mLevel 1[0m _identify(.) by extension 'colcon_meta'
[0.186s] [34mcolcon.colcon_core.package_identification[0m [1;30mLevel 1[0m _identify(.) by extensions ['ros']
[0.186s] [34mcolcon.colcon_core.package_identification[0m [1;30mLevel 1[0m _identify(.) by extension 'ros'
[0.193s] [34mcolcon.colcon_core.package_identification[0m [1;30mLevel 1[0m _identify(.) by extensions ['cmake', 'python']
[0.193s] [34mcolcon.colcon_core.package_identification[0m [1;30mLevel 1[0m _identify(.) by extension 'cmake'
[0.193s] [34mcolcon.colcon_core.package_identification[0m [1;30mLevel 1[0m _identify(.) by extension 'python'
[0.193s] [34mcolcon.colcon_core.package_identification[0m [1;30mLevel 1[0m _identify(.) by extensions ['python_setup_py']
[0.193s] [34mcolcon.colcon_core.package_identification[0m [1;30mLevel 1[0m _identify(.) by extension 'python_setup_py'
[0.193s] [34mcolcon.colcon_core.package_identification[0m [1;30mLevel 1[0m _identify(build) by extensions ['ignore', 'ignore_ament_install']
[0.193s] [34mcolcon.colcon_core.package_identification[0m [1;30mLevel 1[0m _identify(build) by extension 'ignore'
[0.193s] [34mcolcon.colcon_core.package_identification[0m [1;30mLevel 1[0m _identify(build) ignored
[0.194s] [34mcolcon.colcon_core.package_identification[0m [1;30mLevel 1[0m _identify(install) by extensions ['ignore', 'ignore_ament_install']
[0.194s] [34mcolcon.colcon_core.package_identification[0m [1;30mLevel 1[0m _identify(install) by extension 'ignore'
[0.194s] [34mcolcon.colcon_core.package_identification[0m [1;30mLevel 1[0m _identify(install) ignored
[0.194s] [34mcolcon.colcon_core.package_identification[0m [1;30mLevel 1[0m _identify(log) by extensions ['ignore', 'ignore_ament_install']
[0.194s] [34mcolcon.colcon_core.package_identification[0m [1;30mLevel 1[0m _identify(log) by extension 'ignore'
[0.194s] [34mcolcon.colcon_core.package_identification[0m [1;30mLevel 1[0m _identify(log) ignored
[0.194s] [34mcolcon.colcon_core.package_identification[0m [1;30mLevel 1[0m _identify(pb_option1_bringup) by extensions ['ignore', 'ignore_ament_install']
[0.194s] [34mcolcon.colcon_core.package_identification[0m [1;30mLevel 1[0m _identify(pb_option1_bringup) by extension 'ignore'
[0.194s] [34mcolcon.colcon_core.package_identification[0m [1;30mLevel 1[0m _identify(pb_option1_bringup) by extension 'ignore_ament_install'
[0.194s] [34mcolcon.colcon_core.package_identification[0m [1;30mLevel 1[0m _identify(pb_option1_bringup) by extensions ['colcon_pkg']
[0.194s] [34mcolcon.colcon_core.package_identification[0m [1;30mLevel 1[0m _identify(pb_option1_bringup) by extension 'colcon_pkg'
[0.194s] [34mcolcon.colcon_core.package_identification[0m [1;30mLevel 1[0m _identify(pb_option1_bringup) by extensions ['colcon_meta']
[0.194s] [34mcolcon.colcon_core.package_identification[0m [1;30mLevel 1[0m _identify(pb_option1_bringup) by extension 'colcon_meta'
[0.194s] [34mcolcon.colcon_core.package_identification[0m [1;30mLevel 1[0m _identify(pb_option1_bringup) by extensions ['ros']
[0.194s] [34mcolcon.colcon_core.package_identification[0m [1;30mLevel 1[0m _identify(pb_option1_bringup) by extension 'ros'
[0.200s] [34mcolcon.colcon_core.package_identification[0m [1;30mDEBUG[0m [32mPackage 'pb_option1_bringup' with type 'ros.ament_cmake' and name 'pb_option1_bringup'[0m
[0.201s] [34mcolcon.colcon_core.package_identification[0m [1;30mLevel 1[0m _identify(pb_option1_description) by extensions ['ignore', 'ignore_ament_install']
[0.201s] [34mcolcon.colcon_core.package_identification[0m [1;30mLevel 1[0m _identify(pb_option1_description) by extension 'ignore'
[0.201s] [34mcolcon.colcon_core.package_identification[0m [1;30mLevel 1[0m _identify(pb_option1_description) by extension 'ignore_ament_install'
[0.201s] [34mcolcon.colcon_core.package_identification[0m [1;30mLevel 1[0m _identify(pb_option1_description) by extensions ['colcon_pkg']
[0.201s] [34mcolcon.colcon_core.package_identification[0m [1;30mLevel 1[0m _identify(pb_option1_description) by extension 'colcon_pkg'
[0.201s] [34mcolcon.colcon_core.package_identification[0m [1;30mLevel 1[0m _identify(pb_option1_description) by extensions ['colcon_meta']
[0.201s] [34mcolcon.colcon_core.package_identification[0m [1;30mLevel 1[0m _identify(pb_option1_description) by extension 'colcon_meta'
[0.201s] [34mcolcon.colcon_core.package_identification[0m [1;30mLevel 1[0m _identify(pb_option1_description) by extensions ['ros']
[0.201s] [34mcolcon.colcon_core.package_identification[0m [1;30mLevel 1[0m _identify(pb_option1_description) by extension 'ros'
[0.201s] [34mcolcon.colcon_core.package_identification[0m [1;30mDEBUG[0m [32mPackage 'pb_option1_description' with type 'ros.ament_cmake' and name 'pb_option1_description'[0m
[0.201s] [34mcolcon.colcon_core.package_identification[0m [1;30mLevel 1[0m _identify(pb_option1_navigation) by extensions ['ignore', 'ignore_ament_install']
[0.201s] [34mcolcon.colcon_core.package_identification[0m [1;30mLevel 1[0m _identify(pb_option1_navigation) by extension 'ignore'
[0.201s] [34mcolcon.colcon_core.package_identification[0m [1;30mLevel 1[0m _identify(pb_option1_navigation) by extension 'ignore_ament_install'
[0.201s] [34mcolcon.colcon_core.package_identification[0m [1;30mLevel 1[0m _identify(pb_option1_navigation) by extensions ['colcon_pkg']
[0.201s] [34mcolcon.colcon_core.package_identification[0m [1;30mLevel 1[0m _identify(pb_option1_navigation) by extension 'colcon_pkg'
[0.201s] [34mcolcon.colcon_core.package_identification[0m [1;30mLevel 1[0m _identify(pb_option1_navigation) by extensions ['colcon_meta']
[0.201s] [34mcolcon.colcon_core.package_identification[0m [1;30mLevel 1[0m _identify(pb_option1_navigation) by extension 'colcon_meta'
[0.201s] [34mcolcon.colcon_core.package_identification[0m [1;30mLevel 1[0m _identify(pb_option1_navigation) by extensions ['ros']
[0.201s] [34mcolcon.colcon_core.package_identification[0m [1;30mLevel 1[0m _identify(pb_option1_navigation) by extension 'ros'
[0.202s] [34mcolcon.colcon_core.package_identification[0m [1;30mDEBUG[0m [32mPackage 'pb_option1_navigation' with type 'ros.ament_python' and name 'pb_option1_navigation'[0m
[0.202s] [34mcolcon.colcon_core.package_identification[0m [1;30mLevel 1[0m _identify(pb_option1_sim) by extensions ['ignore', 'ignore_ament_install']
[0.202s] [34mcolcon.colcon_core.package_identification[0m [1;30mLevel 1[0m _identify(pb_option1_sim) by extension 'ignore'
[0.202s] [34mcolcon.colcon_core.package_identification[0m [1;30mLevel 1[0m _identify(pb_option1_sim) by extension 'ignore_ament_install'
[0.202s] [34mcolcon.colcon_core.package_identification[0m [1;30mLevel 1[0m _identify(pb_option1_sim) by extensions ['colcon_pkg']
[0.202s] [34mcolcon.colcon_core.package_identification[0m [1;30mLevel 1[0m _identify(pb_option1_sim) by extension 'colcon_pkg'
[0.202s] [34mcolcon.colcon_core.package_identification[0m [1;30mLevel 1[0m _identify(pb_option1_sim) by extensions ['colcon_meta']
[0.202s] [34mcolcon.colcon_core.package_identification[0m [1;30mLevel 1[0m _identify(pb_option1_sim) by extension 'colcon_meta'
[0.202s] [34mcolcon.colcon_core.package_identification[0m [1;30mLevel 1[0m _identify(pb_option1_sim) by extensions ['ros']
[0.202s] [34mcolcon.colcon_core.package_identification[0m [1;30mLevel 1[0m _identify(pb_option1_sim) by extension 'ros'
[0.203s] [34mcolcon.colcon_core.package_identification[0m [1;30mDEBUG[0m [32mPackage 'pb_option1_sim' with type 'ros.ament_cmake' and name 'pb_option1_sim'[0m
[0.203s] [34mcolcon.colcon_core.package_identification[0m [1;30mLevel 1[0m _identify(pb_option1_vision) by extensions ['ignore', 'ignore_ament_install']
[0.203s] [34mcolcon.colcon_core.package_identification[0m [1;30mLevel 1[0m _identify(pb_option1_vision) by extension 'ignore'
[0.203s] [34mcolcon.colcon_core.package_identification[0m [1;30mLevel 1[0m _identify(pb_option1_vision) by extension 'ignore_ament_install'
[0.203s] [34mcolcon.colcon_core.package_identification[0m [1;30mLevel 1[0m _identify(pb_option1_vision) by extensions ['colcon_pkg']
[0.203s] [34mcolcon.colcon_core.package_identification[0m [1;30mLevel 1[0m _identify(pb_option1_vision) by extension 'colcon_pkg'
[0.203s] [34mcolcon.colcon_core.package_identification[0m [1;30mLevel 1[0m _identify(pb_option1_vision) by extensions ['colcon_meta']
[0.203s] [34mcolcon.colcon_core.package_identification[0m [1;30mLevel 1[0m _identify(pb_option1_vision) by extension 'colcon_meta'
[0.203s] [34mcolcon.colcon_core.package_identification[0m [1;30mLevel 1[0m _identify(pb_option1_vision) by extensions ['ros']
[0.203s] [34mcolcon.colcon_core.package_identification[0m [1;30mLevel 1[0m _identify(pb_option1_vision) by extension 'ros'
[0.204s] [34mcolcon.colcon_core.package_identification[0m [1;30mDEBUG[0m [32mPackage 'pb_option1_vision' with type 'ros.ament_cmake' and name 'pb_option1_vision'[0m
[0.204s] [34mcolcon.colcon_core.package_discovery[0m [1;30mLevel 1[0m discover_packages(recursive) using defaults
[0.204s] [34mcolcon.colcon_core.package_discovery[0m [1;30mLevel 1[0m discover_packages(ignore) discover
[0.204s] [34mcolcon.colcon_core.package_discovery[0m [1;30mLevel 1[0m discover_packages(ignore) using defaults
[0.204s] [34mcolcon.colcon_core.package_discovery[0m [1;30mLevel 1[0m discover_packages(path) discover
[0.204s] [34mcolcon.colcon_core.package_discovery[0m [1;30mLevel 1[0m discover_packages(path) using defaults
[0.213s] [34mcolcon.colcon_core.package_discovery[0m [1;30mLevel 1[0m discover_packages(prefix_path) check parameters
[0.214s] [34mcolcon.colcon_core.package_discovery[0m [1;30mLevel 1[0m discover_packages(prefix_path) discover
[0.214s] [34mcolcon.colcon_ros.prefix_path.ament[0m [1;30mWARNING[0m [33mThe path '/home/guichen/Documents/ws/the_final_exam/install/pb_option1_description' in the environment variable AMENT_PREFIX_PATH doesn't exist[0m
[0.214s] [34mcolcon.colcon_ros.prefix_path.ament[0m [1;30mWARNING[0m [33mThe path '/home/guichen/Documents/ws/the_final_exam/install/pb_option1_vision' in the environment variable AMENT_PREFIX_PATH doesn't exist[0m
[0.214s] [34mcolcon.colcon_ros.prefix_path.ament[0m [1;30mWARNING[0m [33mThe path '/home/guichen/Documents/ws/the_final_exam/install/pb_option1_navigation' in the environment variable AMENT_PREFIX_PATH doesn't exist[0m
[0.214s] [34mcolcon.colcon_ros.prefix_path.ament[0m [1;30mWARNING[0m [33mThe path '/home/guichen/Documents/ws/the_final_exam/install/pb_option1_bringup' in the environment variable AMENT_PREFIX_PATH doesn't exist[0m
[0.214s] [34mcolcon.colcon_ros.prefix_path.ament[0m [1;30mWARNING[0m [33mThe path '/home/guichen/Documents/ws/the_final_exam/install/pb2025_robot_description' in the environment variable AMENT_PREFIX_PATH doesn't exist[0m
[0.214s] [34mcolcon.colcon_ros.prefix_path.catkin[0m [1;30mWARNING[0m [33mThe path '/home/guichen/Documents/ws/the_final_exam/install/pb_option1_description' in the environment variable CMAKE_PREFIX_PATH doesn't exist[0m
[0.214s] [34mcolcon.colcon_ros.prefix_path.catkin[0m [1;30mWARNING[0m [33mThe path '/home/guichen/Documents/ws/the_final_exam/install/pb_option1_vision' in the environment variable CMAKE_PREFIX_PATH doesn't exist[0m
[0.214s] [34mcolcon.colcon_ros.prefix_path.catkin[0m [1;30mWARNING[0m [33mThe path '/home/guichen/Documents/ws/the_final_exam/install/pb_option1_bringup' in the environment variable CMAKE_PREFIX_PATH doesn't exist[0m
[0.214s] [34mcolcon.colcon_ros.prefix_path.catkin[0m [1;30mWARNING[0m [33mThe path '/home/guichen/Documents/ws/the_final_exam/install/pb2025_robot_description' in the environment variable CMAKE_PREFIX_PATH doesn't exist[0m
[0.215s] [34mcolcon.colcon_installed_package_information.package_discovery[0m [1;30mDEBUG[0m [32mFound 0 installed packages in /home/guichen/Documents/ws/the_final_exam/install[0m
[0.216s] [34mcolcon.colcon_installed_package_information.package_discovery[0m [1;30mDEBUG[0m [32mFound 386 installed packages in /opt/ros/humble[0m
[0.217s] [34mcolcon.colcon_core.package_discovery[0m [1;30mLevel 1[0m discover_packages(prefix_path) using defaults
[0.245s] [34mcolcon.colcon_core.verb[0m [1;30mLevel 5[0m set package 'pb_option1_bringup' build argument 'cmake_args' from command line to 'None'
[0.245s] [34mcolcon.colcon_core.verb[0m [1;30mLevel 5[0m set package 'pb_option1_bringup' build argument 'cmake_target' from command line to 'None'
[0.245s] [34mcolcon.colcon_core.verb[0m [1;30mLevel 5[0m set package 'pb_option1_bringup' build argument 'cmake_target_skip_unavailable' from command line to 'False'
[0.245s] [34mcolcon.colcon_core.verb[0m [1;30mLevel 5[0m set package 'pb_option1_bringup' build argument 'cmake_clean_cache' from command line to 'False'
[0.245s] [34mcolcon.colcon_core.verb[0m [1;30mLevel 5[0m set package 'pb_option1_bringup' build argument 'cmake_clean_first' from command line to 'False'
[0.245s] [34mcolcon.colcon_core.verb[0m [1;30mLevel 5[0m set package 'pb_option1_bringup' build argument 'cmake_force_configure' from command line to 'False'
[0.245s] [34mcolcon.colcon_core.verb[0m [1;30mLevel 5[0m set package 'pb_option1_bringup' build argument 'ament_cmake_args' from command line to 'None'
[0.245s] [34mcolcon.colcon_core.verb[0m [1;30mLevel 5[0m set package 'pb_option1_bringup' build argument 'catkin_cmake_args' from command line to 'None'
[0.245s] [34mcolcon.colcon_core.verb[0m [1;30mLevel 5[0m set package 'pb_option1_bringup' build argument 'catkin_skip_building_tests' from command line to 'False'
[0.245s] [34mcolcon.colcon_core.verb[0m [1;30mDEBUG[0m [32mBuilding package 'pb_option1_bringup' with the following arguments: {'ament_cmake_args': None, 'build_base': '/home/guichen/Documents/ws/the_final_exam/build/pb_option1_bringup', 'catkin_cmake_args': None, 'catkin_skip_building_tests': False, 'cmake_args': None, 'cmake_clean_cache': False, 'cmake_clean_first': False, 'cmake_force_configure': False, 'cmake_target': None, 'cmake_target_skip_unavailable': False, 'install_base': '/home/guichen/Documents/ws/the_final_exam/install/pb_option1_bringup', 'merge_install': False, 'path': '/home/guichen/Documents/ws/the_final_exam/pb_option1_bringup', 'symlink_install': False, 'test_result_base': None}[0m
[0.246s] [34mcolcon.colcon_core.verb[0m [1;30mLevel 5[0m set package 'pb_option1_description' build argument 'cmake_args' from command line to 'None'
[0.246s] [34mcolcon.colcon_core.verb[0m [1;30mLevel 5[0m set package 'pb_option1_description' build argument 'cmake_target' from command line to 'None'
[0.246s] [34mcolcon.colcon_core.verb[0m [1;30mLevel 5[0m set package 'pb_option1_description' build argument 'cmake_target_skip_unavailable' from command line to 'False'
[0.246s] [34mcolcon.colcon_core.verb[0m [1;30mLevel 5[0m set package 'pb_option1_description' build argument 'cmake_clean_cache' from command line to 'False'
[0.246s] [34mcolcon.colcon_core.verb[0m [1;30mLevel 5[0m set package 'pb_option1_description' build argument 'cmake_clean_first' from command line to 'False'
[0.246s] [34mcolcon.colcon_core.verb[0m [1;30mLevel 5[0m set package 'pb_option1_description' build argument 'cmake_force_configure' from command line to 'False'
[0.246s] [34mcolcon.colcon_core.verb[0m [1;30mLevel 5[0m set package 'pb_option1_description' build argument 'ament_cmake_args' from command line to 'None'
[0.246s] [34mcolcon.colcon_core.verb[0m [1;30mLevel 5[0m set package 'pb_option1_description' build argument 'catkin_cmake_args' from command line to 'None'
[0.246s] [34mcolcon.colcon_core.verb[0m [1;30mLevel 5[0m set package 'pb_option1_description' build argument 'catkin_skip_building_tests' from command line to 'False'
[0.246s] [34mcolcon.colcon_core.verb[0m [1;30mDEBUG[0m [32mBuilding package 'pb_option1_description' with the following arguments: {'ament_cmake_args': None, 'build_base': '/home/guichen/Documents/ws/the_final_exam/build/pb_option1_description', 'catkin_cmake_args': None, 'catkin_skip_building_tests': False, 'cmake_args': None, 'cmake_clean_cache': False, 'cmake_clean_first': False, 'cmake_force_configure': False, 'cmake_target': None, 'cmake_target_skip_unavailable': False, 'install_base': '/home/guichen/Documents/ws/the_final_exam/install/pb_option1_description', 'merge_install': False, 'path': '/home/guichen/Documents/ws/the_final_exam/pb_option1_description', 'symlink_install': False, 'test_result_base': None}[0m
[0.246s] [34mcolcon.colcon_core.verb[0m [1;30mLevel 5[0m set package 'pb_option1_navigation' build argument 'cmake_args' from command line to 'None'
[0.246s] [34mcolcon.colcon_core.verb[0m [1;30mLevel 5[0m set package 'pb_option1_navigation' build argument 'cmake_target' from command line to 'None'
[0.246s] [34mcolcon.colcon_core.verb[0m [1;30mLevel 5[0m set package 'pb_option1_navigation' build argument 'cmake_target_skip_unavailable' from command line to 'False'
[0.246s] [34mcolcon.colcon_core.verb[0m [1;30mLevel 5[0m set package 'pb_option1_navigation' build argument 'cmake_clean_cache' from command line to 'False'
[0.246s] [34mcolcon.colcon_core.verb[0m [1;30mLevel 5[0m set package 'pb_option1_navigation' build argument 'cmake_clean_first' from command line to 'False'
[0.246s] [34mcolcon.colcon_core.verb[0m [1;30mLevel 5[0m set package 'pb_option1_navigation' build argument 'cmake_force_configure' from command line to 'False'
[0.246s] [34mcolcon.colcon_core.verb[0m [1;30mLevel 5[0m set package 'pb_option1_navigation' build argument 'ament_cmake_args' from command line to 'None'
[0.246s] [34mcolcon.colcon_core.verb[0m [1;30mLevel 5[0m set package 'pb_option1_navigation' build argument 'catkin_cmake_args' from command line to 'None'
[0.246s] [34mcolcon.colcon_core.verb[0m [1;30mLevel 5[0m set package 'pb_option1_navigation' build argument 'catkin_skip_building_tests' from command line to 'False'
[0.246s] [34mcolcon.colcon_core.verb[0m [1;30mDEBUG[0m [32mBuilding package 'pb_option1_navigation' with the following arguments: {'ament_cmake_args': None, 'build_base': '/home/guichen/Documents/ws/the_final_exam/build/pb_option1_navigation', 'catkin_cmake_args': None, 'catkin_skip_building_tests': False, 'cmake_args': None, 'cmake_clean_cache': False, 'cmake_clean_first': False, 'cmake_force_configure': False, 'cmake_target': None, 'cmake_target_skip_unavailable': False, 'install_base': '/home/guichen/Documents/ws/the_final_exam/install/pb_option1_navigation', 'merge_install': False, 'path': '/home/guichen/Documents/ws/the_final_exam/pb_option1_navigation', 'symlink_install': False, 'test_result_base': None}[0m
[0.246s] [34mcolcon.colcon_core.verb[0m [1;30mLevel 5[0m set package 'pb_option1_vision' build argument 'cmake_args' from command line to 'None'
[0.246s] [34mcolcon.colcon_core.verb[0m [1;30mLevel 5[0m set package 'pb_option1_vision' build argument 'cmake_target' from command line to 'None'
[0.246s] [34mcolcon.colcon_core.verb[0m [1;30mLevel 5[0m set package 'pb_option1_vision' build argument 'cmake_target_skip_unavailable' from command line to 'False'
[0.246s] [34mcolcon.colcon_core.verb[0m [1;30mLevel 5[0m set package 'pb_option1_vision' build argument 'cmake_clean_cache' from command line to 'False'
[0.246s] [34mcolcon.colcon_core.verb[0m [1;30mLevel 5[0m set package 'pb_option1_vision' build argument 'cmake_clean_first' from command line to 'False'
[0.246s] [34mcolcon.colcon_core.verb[0m [1;30mLevel 5[0m set package 'pb_option1_vision' build argument 'cmake_force_configure' from command line to 'False'
[0.246s] [34mcolcon.colcon_core.verb[0m [1;30mLevel 5[0m set package 'pb_option1_vision' build argument 'ament_cmake_args' from command line to 'None'
[0.246s] [34mcolcon.colcon_core.verb[0m [1;30mLevel 5[0m set package 'pb_option1_vision' build argument 'catkin_cmake_args' from command line to 'None'
[0.246s] [34mcolcon.colcon_core.verb[0m [1;30mLevel 5[0m set package 'pb_option1_vision' build argument 'catkin_skip_building_tests' from command line to 'False'
[0.246s] [34mcolcon.colcon_core.verb[0m [1;30mDEBUG[0m [32mBuilding package 'pb_option1_vision' with the following arguments: {'ament_cmake_args': None, 'build_base': '/home/guichen/Documents/ws/the_final_exam/build/pb_option1_vision', 'catkin_cmake_args': None, 'catkin_skip_building_tests': False, 'cmake_args': None, 'cmake_clean_cache': False, 'cmake_clean_first': False, 'cmake_force_configure': False, 'cmake_target': None, 'cmake_target_skip_unavailable': False, 'install_base': '/home/guichen/Documents/ws/the_final_exam/install/pb_option1_vision', 'merge_install': False, 'path': '/home/guichen/Documents/ws/the_final_exam/pb_option1_vision', 'symlink_install': False, 'test_result_base': None}[0m
[0.247s] [34mcolcon.colcon_core.verb[0m [1;30mLevel 5[0m set package 'pb_option1_sim' build argument 'cmake_args' from command line to 'None'
[0.247s] [34mcolcon.colcon_core.verb[0m [1;30mLevel 5[0m set package 'pb_option1_sim' build argument 'cmake_target' from command line to 'None'
[0.247s] [34mcolcon.colcon_core.verb[0m [1;30mLevel 5[0m set package 'pb_option1_sim' build argument 'cmake_target_skip_unavailable' from command line to 'False'
[0.247s] [34mcolcon.colcon_core.verb[0m [1;30mLevel 5[0m set package 'pb_option1_sim' build argument 'cmake_clean_cache' from command line to 'False'
[0.247s] [34mcolcon.colcon_core.verb[0m [1;30mLevel 5[0m set package 'pb_option1_sim' build argument 'cmake_clean_first' from command line to 'False'
[0.247s] [34mcolcon.colcon_core.verb[0m [1;30mLevel 5[0m set package 'pb_option1_sim' build argument 'cmake_force_configure' from command line to 'False'
[0.247s] [34mcolcon.colcon_core.verb[0m [1;30mLevel 5[0m set package 'pb_option1_sim' build argument 'ament_cmake_args' from command line to 'None'
[0.247s] [34mcolcon.colcon_core.verb[0m [1;30mLevel 5[0m set package 'pb_option1_sim' build argument 'catkin_cmake_args' from command line to 'None'
[0.247s] [34mcolcon.colcon_core.verb[0m [1;30mLevel 5[0m set package 'pb_option1_sim' build argument 'catkin_skip_building_tests' from command line to 'False'
[0.247s] [34mcolcon.colcon_core.verb[0m [1;30mDEBUG[0m [32mBuilding package 'pb_option1_sim' with the following arguments: {'ament_cmake_args': None, 'build_base': '/home/guichen/Documents/ws/the_final_exam/build/pb_option1_sim', 'catkin_cmake_args': None, 'catkin_skip_building_tests': False, 'cmake_args': None, 'cmake_clean_cache': False, 'cmake_clean_first': False, 'cmake_force_configure': False, 'cmake_target': None, 'cmake_target_skip_unavailable': False, 'install_base': '/home/guichen/Documents/ws/the_final_exam/install/pb_option1_sim', 'merge_install': False, 'path': '/home/guichen/Documents/ws/the_final_exam/pb_option1_sim', 'symlink_install': False, 'test_result_base': None}[0m
[0.247s] [34mcolcon.colcon_core.executor[0m [1;30mINFO[0m Executing jobs using 'parallel' executor
[0.248s] [34mcolcon.colcon_parallel_executor.executor.parallel[0m [1;30mDEBUG[0m [32mrun_until_complete[0m
[0.248s] [34mcolcon.colcon_ros.task.ament_cmake.build[0m [1;30mINFO[0m Building ROS package in '/home/guichen/Documents/ws/the_final_exam/pb_option1_description' with build type 'ament_cmake'
[0.248s] [34mcolcon.colcon_cmake.task.cmake.build[0m [1;30mINFO[0m Building CMake package in '/home/guichen/Documents/ws/the_final_exam/pb_option1_description'
[0.249s] [34mcolcon.colcon_core.plugin_system[0m [1;30mINFO[0m Skipping extension 'colcon_core.shell.bat': Not used on non-Windows systems
[0.249s] [34mcolcon.colcon_core.shell[0m [1;30mINFO[0m Skip shell extension 'powershell' for command environment: Not usable outside of PowerShell
[0.249s] [34mcolcon.colcon_core.shell[0m [1;30mDEBUG[0m [32mSkip shell extension 'dsv' for command environment[0m
[0.251s] [34mcolcon.colcon_ros.task.ament_cmake.build[0m [1;30mINFO[0m Building ROS package in '/home/guichen/Documents/ws/the_final_exam/pb_option1_bringup' with build type 'ament_cmake'
[0.251s] [34mcolcon.colcon_cmake.task.cmake.build[0m [1;30mINFO[0m Building CMake package in '/home/guichen/Documents/ws/the_final_exam/pb_option1_bringup'
[0.252s] [34mcolcon.colcon_core.shell[0m [1;30mINFO[0m Skip shell extension 'powershell' for command environment: Not usable outside of PowerShell
[0.252s] [34mcolcon.colcon_core.shell[0m [1;30mDEBUG[0m [32mSkip shell extension 'dsv' for command environment[0m
[0.253s] [34mcolcon.colcon_ros.task.ament_python.build[0m [1;30mINFO[0m Building ROS package in '/home/guichen/Documents/ws/the_final_exam/pb_option1_navigation' with build type 'ament_python'
[0.253s] [34mcolcon.colcon_core.shell[0m [1;30mLevel 1[0m create_environment_hook('pb_option1_navigation', 'ament_prefix_path')
[0.254s] [34mcolcon.colcon_core.shell[0m [1;30mINFO[0m Creating environment hook '/home/guichen/Documents/ws/the_final_exam/install/pb_option1_navigation/share/pb_option1_navigation/hook/ament_prefix_path.ps1'
[0.254s] [34mcolcon.colcon_core.shell[0m [1;30mINFO[0m Creating environment descriptor '/home/guichen/Documents/ws/the_final_exam/install/pb_option1_navigation/share/pb_option1_navigation/hook/ament_prefix_path.dsv'
[0.254s] [34mcolcon.colcon_core.shell[0m [1;30mINFO[0m Creating environment hook '/home/guichen/Documents/ws/the_final_exam/install/pb_option1_navigation/share/pb_option1_navigation/hook/ament_prefix_path.sh'
[0.255s] [34mcolcon.colcon_core.shell[0m [1;30mINFO[0m Skip shell extension 'powershell' for command environment: Not usable outside of PowerShell
[0.255s] [34mcolcon.colcon_core.shell[0m [1;30mDEBUG[0m [32mSkip shell extension 'dsv' for command environment[0m
[0.256s] [34mcolcon.colcon_ros.task.ament_cmake.build[0m [1;30mINFO[0m Building ROS package in '/home/guichen/Documents/ws/the_final_exam/pb_option1_vision' with build type 'ament_cmake'
[0.257s] [34mcolcon.colcon_cmake.task.cmake.build[0m [1;30mINFO[0m Building CMake package in '/home/guichen/Documents/ws/the_final_exam/pb_option1_vision'
[0.257s] [34mcolcon.colcon_core.shell[0m [1;30mINFO[0m Skip shell extension 'powershell' for command environment: Not usable outside of PowerShell
[0.257s] [34mcolcon.colcon_core.shell[0m [1;30mDEBUG[0m [32mSkip shell extension 'dsv' for command environment[0m
[0.261s] [34mcolcon.colcon_core.event_handler.log_command[0m [1;30mDEBUG[0m [32mInvoking command in '/home/guichen/Documents/ws/the_final_exam/build/pb_option1_description': CMAKE_PREFIX_PATH=${CMAKE_PREFIX_PATH}:/home/guichen/Documents/ws/the_final_exam/install/pb_option1_navigation:/opt/ros/humble /usr/bin/cmake /home/guichen/Documents/ws/the_final_exam/pb_option1_description -DCMAKE_INSTALL_PREFIX=/home/guichen/Documents/ws/the_final_exam/install/pb_option1_description[0m
[0.263s] [34mcolcon.colcon_core.event_handler.log_command[0m [1;30mDEBUG[0m [32mInvoking command in '/home/guichen/Documents/ws/the_final_exam/build/pb_option1_bringup': CMAKE_PREFIX_PATH=${CMAKE_PREFIX_PATH}:/home/guichen/Documents/ws/the_final_exam/install/pb_option1_navigation:/opt/ros/humble /usr/bin/cmake /home/guichen/Documents/ws/the_final_exam/pb_option1_bringup -DCMAKE_INSTALL_PREFIX=/home/guichen/Documents/ws/the_final_exam/install/pb_option1_bringup[0m
[0.437s] [34mcolcon.colcon_core.task.python.build[0m [1;30mINFO[0m Building Python package in '/home/guichen/Documents/ws/the_final_exam/pb_option1_navigation'
[0.438s] [34mcolcon.colcon_core.shell[0m [1;30mINFO[0m Skip shell extension 'powershell' for command environment: Not usable outside of PowerShell
[0.438s] [34mcolcon.colcon_core.shell[0m [1;30mDEBUG[0m [32mSkip shell extension 'dsv' for command environment[0m
[0.444s] [34mcolcon.colcon_core.event_handler.log_command[0m [1;30mDEBUG[0m [32mInvoking command in '/home/guichen/Documents/ws/the_final_exam/build/pb_option1_vision': CMAKE_PREFIX_PATH=${CMAKE_PREFIX_PATH}:/home/guichen/Documents/ws/the_final_exam/install/pb_option1_navigation:/opt/ros/humble /usr/bin/cmake /home/guichen/Documents/ws/the_final_exam/pb_option1_vision -DCMAKE_INSTALL_PREFIX=/home/guichen/Documents/ws/the_final_exam/install/pb_option1_vision[0m
[0.662s] [34mcolcon.colcon_core.event_handler.log_command[0m [1;30mDEBUG[0m [32mInvoked command in '/home/guichen/Documents/ws/the_final_exam/build/pb_option1_description' returned '0': CMAKE_PREFIX_PATH=${CMAKE_PREFIX_PATH}:/home/guichen/Documents/ws/the_final_exam/install/pb_option1_navigation:/opt/ros/humble /usr/bin/cmake /home/guichen/Documents/ws/the_final_exam/pb_option1_description -DCMAKE_INSTALL_PREFIX=/home/guichen/Documents/ws/the_final_exam/install/pb_option1_description[0m
[0.664s] [34mcolcon.colcon_core.event_handler.log_command[0m [1;30mDEBUG[0m [32mInvoking command in '/home/guichen/Documents/ws/the_final_exam/build/pb_option1_description': CMAKE_PREFIX_PATH=${CMAKE_PREFIX_PATH}:/home/guichen/Documents/ws/the_final_exam/install/pb_option1_navigation:/opt/ros/humble /usr/bin/cmake --build /home/guichen/Documents/ws/the_final_exam/build/pb_option1_description -- -j16 -l16[0m
[0.691s] [34mcolcon.colcon_core.event_handler.log_command[0m [1;30mDEBUG[0m [32mInvoking command in '/home/guichen/Documents/ws/the_final_exam/pb_option1_navigation': PYTHONPATH=/home/guichen/Documents/ws/the_final_exam/build/pb_option1_navigation/prefix_override:/usr/lib/python3/dist-packages/colcon_core/task/python/colcon_distutils_commands:/home/guichen/Documents/ws/the_final_exam/install/pb_option1_navigation/lib/python3.10/site-packages:${PYTHONPATH} /usr/bin/python3 -W ignore:setup.py install is deprecated -W ignore:easy_install command is deprecated setup.py egg_info --egg-base ../build/pb_option1_navigation build --build-base /home/guichen/Documents/ws/the_final_exam/build/pb_option1_navigation/build install --record /home/guichen/Documents/ws/the_final_exam/build/pb_option1_navigation/install.log --single-version-externally-managed install_data[0m
[0.691s] [34mcolcon.colcon_core.event_handler.log_command[0m [1;30mDEBUG[0m [32mInvoked command in '/home/guichen/Documents/ws/the_final_exam/build/pb_option1_description' returned '0': CMAKE_PREFIX_PATH=${CMAKE_PREFIX_PATH}:/home/guichen/Documents/ws/the_final_exam/install/pb_option1_navigation:/opt/ros/humble /usr/bin/cmake --build /home/guichen/Documents/ws/the_final_exam/build/pb_option1_description -- -j16 -l16[0m
[0.697s] [34mcolcon.colcon_core.event_handler.log_command[0m [1;30mDEBUG[0m [32mInvoking command in '/home/guichen/Documents/ws/the_final_exam/build/pb_option1_description': CMAKE_PREFIX_PATH=${CMAKE_PREFIX_PATH}:/home/guichen/Documents/ws/the_final_exam/install/pb_option1_navigation:/opt/ros/humble /usr/bin/cmake --install /home/guichen/Documents/ws/the_final_exam/build/pb_option1_description[0m
[0.707s] [34mcolcon.colcon_core.environment[0m [1;30mLevel 1[0m create_environment_scripts_only(pb_option1_description)
[0.708s] [34mcolcon.colcon_core.event_handler.log_command[0m [1;30mDEBUG[0m [32mInvoked command in '/home/guichen/Documents/ws/the_final_exam/build/pb_option1_description' returned '0': CMAKE_PREFIX_PATH=${CMAKE_PREFIX_PATH}:/home/guichen/Documents/ws/the_final_exam/install/pb_option1_navigation:/opt/ros/humble /usr/bin/cmake --install /home/guichen/Documents/ws/the_final_exam/build/pb_option1_description[0m
[0.709s] [34mcolcon.colcon_core.environment[0m [1;30mLevel 1[0m checking '/home/guichen/Documents/ws/the_final_exam/install/pb_option1_description' for CMake module files
[0.710s] [34mcolcon.colcon_core.environment[0m [1;30mLevel 1[0m checking '/home/guichen/Documents/ws/the_final_exam/install/pb_option1_description' for CMake config files
[0.710s] [34mcolcon.colcon_core.shell[0m [1;30mLevel 1[0m create_environment_hook('pb_option1_description', 'cmake_prefix_path')
[0.710s] [34mcolcon.colcon_core.shell[0m [1;30mINFO[0m Creating environment hook '/home/guichen/Documents/ws/the_final_exam/install/pb_option1_description/share/pb_option1_description/hook/cmake_prefix_path.ps1'
[0.710s] [34mcolcon.colcon_core.shell[0m [1;30mINFO[0m Creating environment descriptor '/home/guichen/Documents/ws/the_final_exam/install/pb_option1_description/share/pb_option1_description/hook/cmake_prefix_path.dsv'
[0.710s] [34mcolcon.colcon_core.shell[0m [1;30mINFO[0m Creating environment hook '/home/guichen/Documents/ws/the_final_exam/install/pb_option1_description/share/pb_option1_description/hook/cmake_prefix_path.sh'
[0.711s] [34mcolcon.colcon_core.environment[0m [1;30mLevel 1[0m checking '/home/guichen/Documents/ws/the_final_exam/install/pb_option1_description/bin'
[0.711s] [34mcolcon.colcon_core.environment[0m [1;30mLevel 1[0m checking '/home/guichen/Documents/ws/the_final_exam/install/pb_option1_description/lib/pkgconfig/pb_option1_description.pc'
[0.711s] [34mcolcon.colcon_core.environment[0m [1;30mLevel 1[0m checking '/home/guichen/Documents/ws/the_final_exam/install/pb_option1_description/lib/python3.10/site-packages'
[0.711s] [34mcolcon.colcon_core.environment[0m [1;30mLevel 1[0m checking '/home/guichen/Documents/ws/the_final_exam/install/pb_option1_description/bin'
[0.711s] [34mcolcon.colcon_core.shell[0m [1;30mINFO[0m Creating package script '/home/guichen/Documents/ws/the_final_exam/install/pb_option1_description/share/pb_option1_description/package.ps1'
[0.712s] [34mcolcon.colcon_core.shell[0m [1;30mINFO[0m Creating package descriptor '/home/guichen/Documents/ws/the_final_exam/install/pb_option1_description/share/pb_option1_description/package.dsv'
[0.712s] [34mcolcon.colcon_core.shell[0m [1;30mINFO[0m Creating package script '/home/guichen/Documents/ws/the_final_exam/install/pb_option1_description/share/pb_option1_description/package.sh'
[0.713s] [34mcolcon.colcon_core.shell[0m [1;30mINFO[0m Creating package script '/home/guichen/Documents/ws/the_final_exam/install/pb_option1_description/share/pb_option1_description/package.bash'
[0.714s] [34mcolcon.colcon_core.shell[0m [1;30mINFO[0m Creating package script '/home/guichen/Documents/ws/the_final_exam/install/pb_option1_description/share/pb_option1_description/package.zsh'
[0.714s] [34mcolcon.colcon_core.environment[0m [1;30mLevel 1[0m create_file_with_runtime_dependencies(/home/guichen/Documents/ws/the_final_exam/install/pb_option1_description/share/colcon-core/packages/pb_option1_description)
[0.714s] [34mcolcon.colcon_core.environment[0m [1;30mLevel 1[0m create_environment_scripts_only(pb_option1_description)
[0.715s] [34mcolcon.colcon_core.environment[0m [1;30mLevel 1[0m checking '/home/guichen/Documents/ws/the_final_exam/install/pb_option1_description' for CMake module files
[0.715s] [34mcolcon.colcon_core.environment[0m [1;30mLevel 1[0m checking '/home/guichen/Documents/ws/the_final_exam/install/pb_option1_description' for CMake config files
[0.715s] [34mcolcon.colcon_core.shell[0m [1;30mLevel 1[0m create_environment_hook('pb_option1_description', 'cmake_prefix_path')
[0.715s] [34mcolcon.colcon_core.shell[0m [1;30mINFO[0m Creating environment hook '/home/guichen/Documents/ws/the_final_exam/install/pb_option1_description/share/pb_option1_description/hook/cmake_prefix_path.ps1'
[0.715s] [34mcolcon.colcon_core.shell[0m [1;30mINFO[0m Creating environment descriptor '/home/guichen/Documents/ws/the_final_exam/install/pb_option1_description/share/pb_option1_description/hook/cmake_prefix_path.dsv'
[0.715s] [34mcolcon.colcon_core.shell[0m [1;30mINFO[0m Creating environment hook '/home/guichen/Documents/ws/the_final_exam/install/pb_option1_description/share/pb_option1_description/hook/cmake_prefix_path.sh'
[0.716s] [34mcolcon.colcon_core.environment[0m [1;30mLevel 1[0m checking '/home/guichen/Documents/ws/the_final_exam/install/pb_option1_description/bin'
[0.716s] [34mcolcon.colcon_core.environment[0m [1;30mLevel 1[0m checking '/home/guichen/Documents/ws/the_final_exam/install/pb_option1_description/lib/pkgconfig/pb_option1_description.pc'
[0.716s] [34mcolcon.colcon_core.environment[0m [1;30mLevel 1[0m checking '/home/guichen/Documents/ws/the_final_exam/install/pb_option1_description/lib/python3.10/site-packages'
[0.716s] [34mcolcon.colcon_core.environment[0m [1;30mLevel 1[0m checking '/home/guichen/Documents/ws/the_final_exam/install/pb_option1_description/bin'
[0.716s] [34mcolcon.colcon_core.shell[0m [1;30mINFO[0m Creating package script '/home/guichen/Documents/ws/the_final_exam/install/pb_option1_description/share/pb_option1_description/package.ps1'
[0.717s] [34mcolcon.colcon_core.shell[0m [1;30mINFO[0m Creating package descriptor '/home/guichen/Documents/ws/the_final_exam/install/pb_option1_description/share/pb_option1_description/package.dsv'
[0.717s] [34mcolcon.colcon_core.shell[0m [1;30mINFO[0m Creating package script '/home/guichen/Documents/ws/the_final_exam/install/pb_option1_description/share/pb_option1_description/package.sh'
[0.717s] [34mcolcon.colcon_core.shell[0m [1;30mINFO[0m Creating package script '/home/guichen/Documents/ws/the_final_exam/install/pb_option1_description/share/pb_option1_description/package.bash'
[0.717s] [34mcolcon.colcon_core.shell[0m [1;30mINFO[0m Creating package script '/home/guichen/Documents/ws/the_final_exam/install/pb_option1_description/share/pb_option1_description/package.zsh'
[0.718s] [34mcolcon.colcon_core.environment[0m [1;30mLevel 1[0m create_file_with_runtime_dependencies(/home/guichen/Documents/ws/the_final_exam/install/pb_option1_description/share/colcon-core/packages/pb_option1_description)
[0.718s] [34mcolcon.colcon_ros.task.ament_cmake.build[0m [1;30mINFO[0m Building ROS package in '/home/guichen/Documents/ws/the_final_exam/pb_option1_sim' with build type 'ament_cmake'
[0.718s] [34mcolcon.colcon_cmake.task.cmake.build[0m [1;30mINFO[0m Building CMake package in '/home/guichen/Documents/ws/the_final_exam/pb_option1_sim'
[0.718s] [34mcolcon.colcon_core.shell[0m [1;30mINFO[0m Skip shell extension 'powershell' for command environment: Not usable outside of PowerShell
[0.718s] [34mcolcon.colcon_core.shell[0m [1;30mDEBUG[0m [32mSkip shell extension 'dsv' for command environment[0m
[0.724s] [34mcolcon.colcon_core.event_handler.log_command[0m [1;30mDEBUG[0m [32mInvoking command in '/home/guichen/Documents/ws/the_final_exam/build/pb_option1_sim': CMAKE_PREFIX_PATH=${CMAKE_PREFIX_PATH}:/home/guichen/Documents/ws/the_final_exam/install/pb_option1_navigation:/opt/ros/humble /usr/bin/cmake /home/guichen/Documents/ws/the_final_exam/pb_option1_sim -DCMAKE_INSTALL_PREFIX=/home/guichen/Documents/ws/the_final_exam/install/pb_option1_sim[0m
[0.899s] [34mcolcon.colcon_core.environment[0m [1;30mLevel 1[0m checking '/home/guichen/Documents/ws/the_final_exam/install/pb_option1_navigation' for CMake module files
[0.900s] [34mcolcon.colcon_core.event_handler.log_command[0m [1;30mDEBUG[0m [32mInvoked command in '/home/guichen/Documents/ws/the_final_exam/pb_option1_navigation' returned '0': PYTHONPATH=/home/guichen/Documents/ws/the_final_exam/build/pb_option1_navigation/prefix_override:/usr/lib/python3/dist-packages/colcon_core/task/python/colcon_distutils_commands:/home/guichen/Documents/ws/the_final_exam/install/pb_option1_navigation/lib/python3.10/site-packages:${PYTHONPATH} /usr/bin/python3 -W ignore:setup.py install is deprecated -W ignore:easy_install command is deprecated setup.py egg_info --egg-base ../build/pb_option1_navigation build --build-base /home/guichen/Documents/ws/the_final_exam/build/pb_option1_navigation/build install --record /home/guichen/Documents/ws/the_final_exam/build/pb_option1_navigation/install.log --single-version-externally-managed install_data[0m
[0.900s] [34mcolcon.colcon_core.environment[0m [1;30mLevel 1[0m checking '/home/guichen/Documents/ws/the_final_exam/install/pb_option1_navigation' for CMake config files
[0.901s] [34mcolcon.colcon_core.environment[0m [1;30mLevel 1[0m checking '/home/guichen/Documents/ws/the_final_exam/install/pb_option1_navigation/lib'
[0.901s] [34mcolcon.colcon_core.environment[0m [1;30mLevel 1[0m checking '/home/guichen/Documents/ws/the_final_exam/install/pb_option1_navigation/bin'
[0.901s] [34mcolcon.colcon_core.environment[0m [1;30mLevel 1[0m checking '/home/guichen/Documents/ws/the_final_exam/install/pb_option1_navigation/lib/pkgconfig/pb_option1_navigation.pc'
[0.901s] [34mcolcon.colcon_core.environment[0m [1;30mLevel 1[0m checking '/home/guichen/Documents/ws/the_final_exam/install/pb_option1_navigation/lib/python3.10/site-packages'
[0.901s] [34mcolcon.colcon_core.shell[0m [1;30mLevel 1[0m create_environment_hook('pb_option1_navigation', 'pythonpath')
[0.902s] [34mcolcon.colcon_core.shell[0m [1;30mINFO[0m Creating environment hook '/home/guichen/Documents/ws/the_final_exam/install/pb_option1_navigation/share/pb_option1_navigation/hook/pythonpath.ps1'
[0.902s] [34mcolcon.colcon_core.shell[0m [1;30mINFO[0m Creating environment descriptor '/home/guichen/Documents/ws/the_final_exam/install/pb_option1_navigation/share/pb_option1_navigation/hook/pythonpath.dsv'
[0.903s] [34mcolcon.colcon_core.shell[0m [1;30mINFO[0m Creating environment hook '/home/guichen/Documents/ws/the_final_exam/install/pb_option1_navigation/share/pb_option1_navigation/hook/pythonpath.sh'
[0.903s] [34mcolcon.colcon_core.environment[0m [1;30mLevel 1[0m checking '/home/guichen/Documents/ws/the_final_exam/install/pb_option1_navigation/bin'
[0.903s] [34mcolcon.colcon_core.environment[0m [1;30mLevel 1[0m create_environment_scripts_only(pb_option1_navigation)
[0.904s] [34mcolcon.colcon_core.shell[0m [1;30mINFO[0m Creating package script '/home/guichen/Documents/ws/the_final_exam/install/pb_option1_navigation/share/pb_option1_navigation/package.ps1'
[0.904s] [34mcolcon.colcon_core.shell[0m [1;30mINFO[0m Creating package descriptor '/home/guichen/Documents/ws/the_final_exam/install/pb_option1_navigation/share/pb_option1_navigation/package.dsv'
[0.904s] [34mcolcon.colcon_core.shell[0m [1;30mINFO[0m Creating package script '/home/guichen/Documents/ws/the_final_exam/install/pb_option1_navigation/share/pb_option1_navigation/package.sh'
[0.905s] [34mcolcon.colcon_core.shell[0m [1;30mINFO[0m Creating package script '/home/guichen/Documents/ws/the_final_exam/install/pb_option1_navigation/share/pb_option1_navigation/package.bash'
[0.905s] [34mcolcon.colcon_core.shell[0m [1;30mINFO[0m Creating package script '/home/guichen/Documents/ws/the_final_exam/install/pb_option1_navigation/share/pb_option1_navigation/package.zsh'
[0.905s] [34mcolcon.colcon_core.environment[0m [1;30mLevel 1[0m create_file_with_runtime_dependencies(/home/guichen/Documents/ws/the_final_exam/install/pb_option1_navigation/share/colcon-core/packages/pb_option1_navigation)
[1.250s] [34mcolcon.colcon_core.event_handler.log_command[0m [1;30mDEBUG[0m [32mInvoked command in '/home/guichen/Documents/ws/the_final_exam/build/pb_option1_vision' returned '0': CMAKE_PREFIX_PATH=${CMAKE_PREFIX_PATH}:/home/guichen/Documents/ws/the_final_exam/install/pb_option1_navigation:/opt/ros/humble /usr/bin/cmake /home/guichen/Documents/ws/the_final_exam/pb_option1_vision -DCMAKE_INSTALL_PREFIX=/home/guichen/Documents/ws/the_final_exam/install/pb_option1_vision[0m
[1.251s] [34mcolcon.colcon_core.event_handler.log_command[0m [1;30mDEBUG[0m [32mInvoking command in '/home/guichen/Documents/ws/the_final_exam/build/pb_option1_vision': CMAKE_PREFIX_PATH=${CMAKE_PREFIX_PATH}:/home/guichen/Documents/ws/the_final_exam/install/pb_option1_navigation:/opt/ros/humble /usr/bin/cmake --build /home/guichen/Documents/ws/the_final_exam/build/pb_option1_vision -- -j16 -l16[0m
[1.745s] [34mcolcon.colcon_core.event_handler.log_command[0m [1;30mDEBUG[0m [32mInvoked command in '/home/guichen/Documents/ws/the_final_exam/build/pb_option1_bringup' returned '0': CMAKE_PREFIX_PATH=${CMAKE_PREFIX_PATH}:/home/guichen/Documents/ws/the_final_exam/install/pb_option1_navigation:/opt/ros/humble /usr/bin/cmake /home/guichen/Documents/ws/the_final_exam/pb_option1_bringup -DCMAKE_INSTALL_PREFIX=/home/guichen/Documents/ws/the_final_exam/install/pb_option1_bringup[0m
[1.746s] [34mcolcon.colcon_core.event_handler.log_command[0m [1;30mDEBUG[0m [32mInvoking command in '/home/guichen/Documents/ws/the_final_exam/build/pb_option1_bringup': CMAKE_PREFIX_PATH=${CMAKE_PREFIX_PATH}:/home/guichen/Documents/ws/the_final_exam/install/pb_option1_navigation:/opt/ros/humble /usr/bin/cmake --build /home/guichen/Documents/ws/the_final_exam/build/pb_option1_bringup -- -j16 -l16[0m
[1.778s] [34mcolcon.colcon_core.event_handler.log_command[0m [1;30mDEBUG[0m [32mInvoked command in '/home/guichen/Documents/ws/the_final_exam/build/pb_option1_bringup' returned '0': CMAKE_PREFIX_PATH=${CMAKE_PREFIX_PATH}:/home/guichen/Documents/ws/the_final_exam/install/pb_option1_navigation:/opt/ros/humble /usr/bin/cmake --build /home/guichen/Documents/ws/the_final_exam/build/pb_option1_bringup -- -j16 -l16[0m
[1.780s] [34mcolcon.colcon_core.event_handler.log_command[0m [1;30mDEBUG[0m [32mInvoking command in '/home/guichen/Documents/ws/the_final_exam/build/pb_option1_bringup': CMAKE_PREFIX_PATH=${CMAKE_PREFIX_PATH}:/home/guichen/Documents/ws/the_final_exam/install/pb_option1_navigation:/opt/ros/humble /usr/bin/cmake --install /home/guichen/Documents/ws/the_final_exam/build/pb_option1_bringup[0m
[1.787s] [34mcolcon.colcon_core.environment[0m [1;30mLevel 1[0m create_environment_scripts_only(pb_option1_bringup)
[1.788s] [34mcolcon.colcon_core.environment[0m [1;30mLevel 1[0m checking '/home/guichen/Documents/ws/the_final_exam/install/pb_option1_bringup' for CMake module files
[1.788s] [34mcolcon.colcon_core.event_handler.log_command[0m [1;30mDEBUG[0m [32mInvoked command in '/home/guichen/Documents/ws/the_final_exam/build/pb_option1_bringup' returned '0': CMAKE_PREFIX_PATH=${CMAKE_PREFIX_PATH}:/home/guichen/Documents/ws/the_final_exam/install/pb_option1_navigation:/opt/ros/humble /usr/bin/cmake --install /home/guichen/Documents/ws/the_final_exam/build/pb_option1_bringup[0m
[1.788s] [34mcolcon.colcon_core.environment[0m [1;30mLevel 1[0m checking '/home/guichen/Documents/ws/the_final_exam/install/pb_option1_bringup' for CMake config files
[1.788s] [34mcolcon.colcon_core.shell[0m [1;30mLevel 1[0m create_environment_hook('pb_option1_bringup', 'cmake_prefix_path')
[1.789s] [34mcolcon.colcon_core.shell[0m [1;30mINFO[0m Creating environment hook '/home/guichen/Documents/ws/the_final_exam/install/pb_option1_bringup/share/pb_option1_bringup/hook/cmake_prefix_path.ps1'
[1.789s] [34mcolcon.colcon_core.shell[0m [1;30mINFO[0m Creating environment descriptor '/home/guichen/Documents/ws/the_final_exam/install/pb_option1_bringup/share/pb_option1_bringup/hook/cmake_prefix_path.dsv'
[1.790s] [34mcolcon.colcon_core.shell[0m [1;30mINFO[0m Creating environment hook '/home/guichen/Documents/ws/the_final_exam/install/pb_option1_bringup/share/pb_option1_bringup/hook/cmake_prefix_path.sh'
[1.790s] [34mcolcon.colcon_core.environment[0m [1;30mLevel 1[0m checking '/home/guichen/Documents/ws/the_final_exam/install/pb_option1_bringup/bin'
[1.790s] [34mcolcon.colcon_core.environment[0m [1;30mLevel 1[0m checking '/home/guichen/Documents/ws/the_final_exam/install/pb_option1_bringup/lib/pkgconfig/pb_option1_bringup.pc'
[1.790s] [34mcolcon.colcon_core.environment[0m [1;30mLevel 1[0m checking '/home/guichen/Documents/ws/the_final_exam/install/pb_option1_bringup/lib/python3.10/site-packages'
[1.790s] [34mcolcon.colcon_core.environment[0m [1;30mLevel 1[0m checking '/home/guichen/Documents/ws/the_final_exam/install/pb_option1_bringup/bin'
[1.791s] [34mcolcon.colcon_core.shell[0m [1;30mINFO[0m Creating package script '/home/guichen/Documents/ws/the_final_exam/install/pb_option1_bringup/share/pb_option1_bringup/package.ps1'
[1.791s] [34mcolcon.colcon_core.shell[0m [1;30mINFO[0m Creating package descriptor '/home/guichen/Documents/ws/the_final_exam/install/pb_option1_bringup/share/pb_option1_bringup/package.dsv'
[1.792s] [34mcolcon.colcon_core.shell[0m [1;30mINFO[0m Creating package script '/home/guichen/Documents/ws/the_final_exam/install/pb_option1_bringup/share/pb_option1_bringup/package.sh'
[1.792s] [34mcolcon.colcon_core.shell[0m [1;30mINFO[0m Creating package script '/home/guichen/Documents/ws/the_final_exam/install/pb_option1_bringup/share/pb_option1_bringup/package.bash'
[1.792s] [34mcolcon.colcon_core.shell[0m [1;30mINFO[0m Creating package script '/home/guichen/Documents/ws/the_final_exam/install/pb_option1_bringup/share/pb_option1_bringup/package.zsh'
[1.792s] [34mcolcon.colcon_core.environment[0m [1;30mLevel 1[0m create_file_with_runtime_dependencies(/home/guichen/Documents/ws/the_final_exam/install/pb_option1_bringup/share/colcon-core/packages/pb_option1_bringup)
[1.793s] [34mcolcon.colcon_core.environment[0m [1;30mLevel 1[0m create_environment_scripts_only(pb_option1_bringup)
[1.793s] [34mcolcon.colcon_core.environment[0m [1;30mLevel 1[0m checking '/home/guichen/Documents/ws/the_final_exam/install/pb_option1_bringup' for CMake module files
[1.793s] [34mcolcon.colcon_core.environment[0m [1;30mLevel 1[0m checking '/home/guichen/Documents/ws/the_final_exam/install/pb_option1_bringup' for CMake config files
[1.793s] [34mcolcon.colcon_core.shell[0m [1;30mLevel 1[0m create_environment_hook('pb_option1_bringup', 'cmake_prefix_path')
[1.793s] [34mcolcon.colcon_core.shell[0m [1;30mINFO[0m Creating environment hook '/home/guichen/Documents/ws/the_final_exam/install/pb_option1_bringup/share/pb_option1_bringup/hook/cmake_prefix_path.ps1'
[1.794s] [34mcolcon.colcon_core.shell[0m [1;30mINFO[0m Creating environment descriptor '/home/guichen/Documents/ws/the_final_exam/install/pb_option1_bringup/share/pb_option1_bringup/hook/cmake_prefix_path.dsv'
[1.794s] [34mcolcon.colcon_core.shell[0m [1;30mINFO[0m Creating environment hook '/home/guichen/Documents/ws/the_final_exam/install/pb_option1_bringup/share/pb_option1_bringup/hook/cmake_prefix_path.sh'
[1.794s] [34mcolcon.colcon_core.environment[0m [1;30mLevel 1[0m checking '/home/guichen/Documents/ws/the_final_exam/install/pb_option1_bringup/bin'
[1.795s] [34mcolcon.colcon_core.environment[0m [1;30mLevel 1[0m checking '/home/guichen/Documents/ws/the_final_exam/install/pb_option1_bringup/lib/pkgconfig/pb_option1_bringup.pc'
[1.795s] [34mcolcon.colcon_core.environment[0m [1;30mLevel 1[0m checking '/home/guichen/Documents/ws/the_final_exam/install/pb_option1_bringup/lib/python3.10/site-packages'
[1.795s] [34mcolcon.colcon_core.environment[0m [1;30mLevel 1[0m checking '/home/guichen/Documents/ws/the_final_exam/install/pb_option1_bringup/bin'
[1.795s] [34mcolcon.colcon_core.shell[0m [1;30mINFO[0m Creating package script '/home/guichen/Documents/ws/the_final_exam/install/pb_option1_bringup/share/pb_option1_bringup/package.ps1'
[1.796s] [34mcolcon.colcon_core.shell[0m [1;30mINFO[0m Creating package descriptor '/home/guichen/Documents/ws/the_final_exam/install/pb_option1_bringup/share/pb_option1_bringup/package.dsv'
[1.796s] [34mcolcon.colcon_core.shell[0m [1;30mINFO[0m Creating package script '/home/guichen/Documents/ws/the_final_exam/install/pb_option1_bringup/share/pb_option1_bringup/package.sh'
[1.796s] [34mcolcon.colcon_core.shell[0m [1;30mINFO[0m Creating package script '/home/guichen/Documents/ws/the_final_exam/install/pb_option1_bringup/share/pb_option1_bringup/package.bash'
[1.796s] [34mcolcon.colcon_core.shell[0m [1;30mINFO[0m Creating package script '/home/guichen/Documents/ws/the_final_exam/install/pb_option1_bringup/share/pb_option1_bringup/package.zsh'
[1.797s] [34mcolcon.colcon_core.environment[0m [1;30mLevel 1[0m create_file_with_runtime_dependencies(/home/guichen/Documents/ws/the_final_exam/install/pb_option1_bringup/share/colcon-core/packages/pb_option1_bringup)
[2.113s] [34mcolcon.colcon_core.event_handler.log_command[0m [1;30mDEBUG[0m [32mInvoked command in '/home/guichen/Documents/ws/the_final_exam/build/pb_option1_sim' returned '0': CMAKE_PREFIX_PATH=${CMAKE_PREFIX_PATH}:/home/guichen/Documents/ws/the_final_exam/install/pb_option1_navigation:/opt/ros/humble /usr/bin/cmake /home/guichen/Documents/ws/the_final_exam/pb_option1_sim -DCMAKE_INSTALL_PREFIX=/home/guichen/Documents/ws/the_final_exam/install/pb_option1_sim[0m
[2.115s] [34mcolcon.colcon_core.event_handler.log_command[0m [1;30mDEBUG[0m [32mInvoking command in '/home/guichen/Documents/ws/the_final_exam/build/pb_option1_sim': CMAKE_PREFIX_PATH=${CMAKE_PREFIX_PATH}:/home/guichen/Documents/ws/the_final_exam/install/pb_option1_navigation:/opt/ros/humble /usr/bin/cmake --build /home/guichen/Documents/ws/the_final_exam/build/pb_option1_sim -- -j16 -l16[0m
[2.141s] [34mcolcon.colcon_core.event_handler.log_command[0m [1;30mDEBUG[0m [32mInvoked command in '/home/guichen/Documents/ws/the_final_exam/build/pb_option1_sim' returned '0': CMAKE_PREFIX_PATH=${CMAKE_PREFIX_PATH}:/home/guichen/Documents/ws/the_final_exam/install/pb_option1_navigation:/opt/ros/humble /usr/bin/cmake --build /home/guichen/Documents/ws/the_final_exam/build/pb_option1_sim -- -j16 -l16[0m
[2.143s] [34mcolcon.colcon_core.event_handler.log_command[0m [1;30mDEBUG[0m [32mInvoking command in '/home/guichen/Documents/ws/the_final_exam/build/pb_option1_sim': CMAKE_PREFIX_PATH=${CMAKE_PREFIX_PATH}:/home/guichen/Documents/ws/the_final_exam/install/pb_option1_navigation:/opt/ros/humble /usr/bin/cmake --install /home/guichen/Documents/ws/the_final_exam/build/pb_option1_sim[0m
[2.149s] [34mcolcon.colcon_core.environment[0m [1;30mLevel 1[0m create_environment_scripts_only(pb_option1_sim)
[2.149s] [34mcolcon.colcon_core.environment[0m [1;30mLevel 1[0m checking '/home/guichen/Documents/ws/the_final_exam/install/pb_option1_sim' for CMake module files
[2.150s] [34mcolcon.colcon_core.event_handler.log_command[0m [1;30mDEBUG[0m [32mInvoked command in '/home/guichen/Documents/ws/the_final_exam/build/pb_option1_sim' returned '0': CMAKE_PREFIX_PATH=${CMAKE_PREFIX_PATH}:/home/guichen/Documents/ws/the_final_exam/install/pb_option1_navigation:/opt/ros/humble /usr/bin/cmake --install /home/guichen/Documents/ws/the_final_exam/build/pb_option1_sim[0m
[2.150s] [34mcolcon.colcon_core.environment[0m [1;30mLevel 1[0m checking '/home/guichen/Documents/ws/the_final_exam/install/pb_option1_sim' for CMake config files
[2.150s] [34mcolcon.colcon_core.shell[0m [1;30mLevel 1[0m create_environment_hook('pb_option1_sim', 'cmake_prefix_path')
[2.150s] [34mcolcon.colcon_core.shell[0m [1;30mINFO[0m Creating environment hook '/home/guichen/Documents/ws/the_final_exam/install/pb_option1_sim/share/pb_option1_sim/hook/cmake_prefix_path.ps1'
[2.151s] [34mcolcon.colcon_core.shell[0m [1;30mINFO[0m Creating environment descriptor '/home/guichen/Documents/ws/the_final_exam/install/pb_option1_sim/share/pb_option1_sim/hook/cmake_prefix_path.dsv'
[2.151s] [34mcolcon.colcon_core.shell[0m [1;30mINFO[0m Creating environment hook '/home/guichen/Documents/ws/the_final_exam/install/pb_option1_sim/share/pb_option1_sim/hook/cmake_prefix_path.sh'
[2.151s] [34mcolcon.colcon_core.environment[0m [1;30mLevel 1[0m checking '/home/guichen/Documents/ws/the_final_exam/install/pb_option1_sim/bin'
[2.151s] [34mcolcon.colcon_core.environment[0m [1;30mLevel 1[0m checking '/home/guichen/Documents/ws/the_final_exam/install/pb_option1_sim/lib/pkgconfig/pb_option1_sim.pc'
[2.151s] [34mcolcon.colcon_core.environment[0m [1;30mLevel 1[0m checking '/home/guichen/Documents/ws/the_final_exam/install/pb_option1_sim/lib/python3.10/site-packages'
[2.152s] [34mcolcon.colcon_core.environment[0m [1;30mLevel 1[0m checking '/home/guichen/Documents/ws/the_final_exam/install/pb_option1_sim/bin'
[2.152s] [34mcolcon.colcon_core.shell[0m [1;30mINFO[0m Creating package script '/home/guichen/Documents/ws/the_final_exam/install/pb_option1_sim/share/pb_option1_sim/package.ps1'
[2.152s] [34mcolcon.colcon_core.shell[0m [1;30mINFO[0m Creating package descriptor '/home/guichen/Documents/ws/the_final_exam/install/pb_option1_sim/share/pb_option1_sim/package.dsv'
[2.152s] [34mcolcon.colcon_core.shell[0m [1;30mINFO[0m Creating package script '/home/guichen/Documents/ws/the_final_exam/install/pb_option1_sim/share/pb_option1_sim/package.sh'
[2.152s] [34mcolcon.colcon_core.shell[0m [1;30mINFO[0m Creating package script '/home/guichen/Documents/ws/the_final_exam/install/pb_option1_sim/share/pb_option1_sim/package.bash'
[2.153s] [34mcolcon.colcon_core.shell[0m [1;30mINFO[0m Creating package script '/home/guichen/Documents/ws/the_final_exam/install/pb_option1_sim/share/pb_option1_sim/package.zsh'
[2.153s] [34mcolcon.colcon_core.environment[0m [1;30mLevel 1[0m create_file_with_runtime_dependencies(/home/guichen/Documents/ws/the_final_exam/install/pb_option1_sim/share/colcon-core/packages/pb_option1_sim)
[2.153s] [34mcolcon.colcon_core.environment[0m [1;30mLevel 1[0m create_environment_scripts_only(pb_option1_sim)
[2.153s] [34mcolcon.colcon_core.environment[0m [1;30mLevel 1[0m checking '/home/guichen/Documents/ws/the_final_exam/install/pb_option1_sim' for CMake module files
[2.154s] [34mcolcon.colcon_core.environment[0m [1;30mLevel 1[0m checking '/home/guichen/Documents/ws/the_final_exam/install/pb_option1_sim' for CMake config files
[2.154s] [34mcolcon.colcon_core.shell[0m [1;30mLevel 1[0m create_environment_hook('pb_option1_sim', 'cmake_prefix_path')
[2.154s] [34mcolcon.colcon_core.shell[0m [1;30mINFO[0m Creating environment hook '/home/guichen/Documents/ws/the_final_exam/install/pb_option1_sim/share/pb_option1_sim/hook/cmake_prefix_path.ps1'
[2.154s] [34mcolcon.colcon_core.shell[0m [1;30mINFO[0m Creating environment descriptor '/home/guichen/Documents/ws/the_final_exam/install/pb_option1_sim/share/pb_option1_sim/hook/cmake_prefix_path.dsv'
[2.154s] [34mcolcon.colcon_core.shell[0m [1;30mINFO[0m Creating environment hook '/home/guichen/Documents/ws/the_final_exam/install/pb_option1_sim/share/pb_option1_sim/hook/cmake_prefix_path.sh'
[2.154s] [34mcolcon.colcon_core.environment[0m [1;30mLevel 1[0m checking '/home/guichen/Documents/ws/the_final_exam/install/pb_option1_sim/bin'
[2.154s] [34mcolcon.colcon_core.environment[0m [1;30mLevel 1[0m checking '/home/guichen/Documents/ws/the_final_exam/install/pb_option1_sim/lib/pkgconfig/pb_option1_sim.pc'
[2.155s] [34mcolcon.colcon_core.environment[0m [1;30mLevel 1[0m checking '/home/guichen/Documents/ws/the_final_exam/install/pb_option1_sim/lib/python3.10/site-packages'
[2.155s] [34mcolcon.colcon_core.environment[0m [1;30mLevel 1[0m checking '/home/guichen/Documents/ws/the_final_exam/install/pb_option1_sim/bin'
[2.155s] [34mcolcon.colcon_core.shell[0m [1;30mINFO[0m Creating package script '/home/guichen/Documents/ws/the_final_exam/install/pb_option1_sim/share/pb_option1_sim/package.ps1'
[2.155s] [34mcolcon.colcon_core.shell[0m [1;30mINFO[0m Creating package descriptor '/home/guichen/Documents/ws/the_final_exam/install/pb_option1_sim/share/pb_option1_sim/package.dsv'
[2.156s] [34mcolcon.colcon_core.shell[0m [1;30mINFO[0m Creating package script '/home/guichen/Documents/ws/the_final_exam/install/pb_option1_sim/share/pb_option1_sim/package.sh'
[2.156s] [34mcolcon.colcon_core.shell[0m [1;30mINFO[0m Creating package script '/home/guichen/Documents/ws/the_final_exam/install/pb_option1_sim/share/pb_option1_sim/package.bash'
[2.156s] [34mcolcon.colcon_core.shell[0m [1;30mINFO[0m Creating package script '/home/guichen/Documents/ws/the_final_exam/install/pb_option1_sim/share/pb_option1_sim/package.zsh'
[2.156s] [34mcolcon.colcon_core.environment[0m [1;30mLevel 1[0m create_file_with_runtime_dependencies(/home/guichen/Documents/ws/the_final_exam/install/pb_option1_sim/share/colcon-core/packages/pb_option1_sim)
[8.718s] [34mcolcon.colcon_core.event_handler.log_command[0m [1;30mDEBUG[0m [32mInvoked command in '/home/guichen/Documents/ws/the_final_exam/build/pb_option1_vision' returned '0': CMAKE_PREFIX_PATH=${CMAKE_PREFIX_PATH}:/home/guichen/Documents/ws/the_final_exam/install/pb_option1_navigation:/opt/ros/humble /usr/bin/cmake --build /home/guichen/Documents/ws/the_final_exam/build/pb_option1_vision -- -j16 -l16[0m
[8.719s] [34mcolcon.colcon_core.event_handler.log_command[0m [1;30mDEBUG[0m [32mInvoking command in '/home/guichen/Documents/ws/the_final_exam/build/pb_option1_vision': CMAKE_PREFIX_PATH=${CMAKE_PREFIX_PATH}:/home/guichen/Documents/ws/the_final_exam/install/pb_option1_navigation:/opt/ros/humble /usr/bin/cmake --install /home/guichen/Documents/ws/the_final_exam/build/pb_option1_vision[0m
[8.731s] [34mcolcon.colcon_core.environment[0m [1;30mLevel 1[0m create_environment_scripts_only(pb_option1_vision)
[8.731s] [34mcolcon.colcon_core.environment[0m [1;30mLevel 1[0m checking '/home/guichen/Documents/ws/the_final_exam/install/pb_option1_vision' for CMake module files
[8.731s] [34mcolcon.colcon_core.event_handler.log_command[0m [1;30mDEBUG[0m [32mInvoked command in '/home/guichen/Documents/ws/the_final_exam/build/pb_option1_vision' returned '0': CMAKE_PREFIX_PATH=${CMAKE_PREFIX_PATH}:/home/guichen/Documents/ws/the_final_exam/install/pb_option1_navigation:/opt/ros/humble /usr/bin/cmake --install /home/guichen/Documents/ws/the_final_exam/build/pb_option1_vision[0m
[8.732s] [34mcolcon.colcon_core.environment[0m [1;30mLevel 1[0m checking '/home/guichen/Documents/ws/the_final_exam/install/pb_option1_vision' for CMake config files
[8.732s] [34mcolcon.colcon_core.shell[0m [1;30mLevel 1[0m create_environment_hook('pb_option1_vision', 'cmake_prefix_path')
[8.732s] [34mcolcon.colcon_core.shell[0m [1;30mINFO[0m Creating environment hook '/home/guichen/Documents/ws/the_final_exam/install/pb_option1_vision/share/pb_option1_vision/hook/cmake_prefix_path.ps1'
[8.732s] [34mcolcon.colcon_core.shell[0m [1;30mINFO[0m Creating environment descriptor '/home/guichen/Documents/ws/the_final_exam/install/pb_option1_vision/share/pb_option1_vision/hook/cmake_prefix_path.dsv'
[8.732s] [34mcolcon.colcon_core.shell[0m [1;30mINFO[0m Creating environment hook '/home/guichen/Documents/ws/the_final_exam/install/pb_option1_vision/share/pb_option1_vision/hook/cmake_prefix_path.sh'
[8.733s] [34mcolcon.colcon_core.environment[0m [1;30mLevel 1[0m checking '/home/guichen/Documents/ws/the_final_exam/install/pb_option1_vision/lib'
[8.733s] [34mcolcon.colcon_core.environment[0m [1;30mLevel 1[0m checking '/home/guichen/Documents/ws/the_final_exam/install/pb_option1_vision/bin'
[8.733s] [34mcolcon.colcon_core.environment[0m [1;30mLevel 1[0m checking '/home/guichen/Documents/ws/the_final_exam/install/pb_option1_vision/lib/pkgconfig/pb_option1_vision.pc'
[8.733s] [34mcolcon.colcon_core.environment[0m [1;30mLevel 1[0m checking '/home/guichen/Documents/ws/the_final_exam/install/pb_option1_vision/lib/python3.10/site-packages'
[8.733s] [34mcolcon.colcon_core.environment[0m [1;30mLevel 1[0m checking '/home/guichen/Documents/ws/the_final_exam/install/pb_option1_vision/bin'
[8.733s] [34mcolcon.colcon_core.shell[0m [1;30mINFO[0m Creating package script '/home/guichen/Documents/ws/the_final_exam/install/pb_option1_vision/share/pb_option1_vision/package.ps1'
[8.734s] [34mcolcon.colcon_core.shell[0m [1;30mINFO[0m Creating package descriptor '/home/guichen/Documents/ws/the_final_exam/install/pb_option1_vision/share/pb_option1_vision/package.dsv'
[8.734s] [34mcolcon.colcon_core.shell[0m [1;30mINFO[0m Creating package script '/home/guichen/Documents/ws/the_final_exam/install/pb_option1_vision/share/pb_option1_vision/package.sh'
[8.734s] [34mcolcon.colcon_core.shell[0m [1;30mINFO[0m Creating package script '/home/guichen/Documents/ws/the_final_exam/install/pb_option1_vision/share/pb_option1_vision/package.bash'
[8.734s] [34mcolcon.colcon_core.shell[0m [1;30mINFO[0m Creating package script '/home/guichen/Documents/ws/the_final_exam/install/pb_option1_vision/share/pb_option1_vision/package.zsh'
[8.734s] [34mcolcon.colcon_core.environment[0m [1;30mLevel 1[0m create_file_with_runtime_dependencies(/home/guichen/Documents/ws/the_final_exam/install/pb_option1_vision/share/colcon-core/packages/pb_option1_vision)
[8.735s] [34mcolcon.colcon_core.environment[0m [1;30mLevel 1[0m create_environment_scripts_only(pb_option1_vision)
[8.735s] [34mcolcon.colcon_core.environment[0m [1;30mLevel 1[0m checking '/home/guichen/Documents/ws/the_final_exam/install/pb_option1_vision' for CMake module files
[8.735s] [34mcolcon.colcon_core.environment[0m [1;30mLevel 1[0m checking '/home/guichen/Documents/ws/the_final_exam/install/pb_option1_vision' for CMake config files
[8.735s] [34mcolcon.colcon_core.shell[0m [1;30mLevel 1[0m create_environment_hook('pb_option1_vision', 'cmake_prefix_path')
[8.735s] [34mcolcon.colcon_core.shell[0m [1;30mINFO[0m Creating environment hook '/home/guichen/Documents/ws/the_final_exam/install/pb_option1_vision/share/pb_option1_vision/hook/cmake_prefix_path.ps1'
[8.736s] [34mcolcon.colcon_core.shell[0m [1;30mINFO[0m Creating environment descriptor '/home/guichen/Documents/ws/the_final_exam/install/pb_option1_vision/share/pb_option1_vision/hook/cmake_prefix_path.dsv'
[8.736s] [34mcolcon.colcon_core.shell[0m [1;30mINFO[0m Creating environment hook '/home/guichen/Documents/ws/the_final_exam/install/pb_option1_vision/share/pb_option1_vision/hook/cmake_prefix_path.sh'
[8.736s] [34mcolcon.colcon_core.environment[0m [1;30mLevel 1[0m checking '/home/guichen/Documents/ws/the_final_exam/install/pb_option1_vision/lib'
[8.736s] [34mcolcon.colcon_core.environment[0m [1;30mLevel 1[0m checking '/home/guichen/Documents/ws/the_final_exam/install/pb_option1_vision/bin'
[8.736s] [34mcolcon.colcon_core.environment[0m [1;30mLevel 1[0m checking '/home/guichen/Documents/ws/the_final_exam/install/pb_option1_vision/lib/pkgconfig/pb_option1_vision.pc'
[8.736s] [34mcolcon.colcon_core.environment[0m [1;30mLevel 1[0m checking '/home/guichen/Documents/ws/the_final_exam/install/pb_option1_vision/lib/python3.10/site-packages'
[8.736s] [34mcolcon.colcon_core.environment[0m [1;30mLevel 1[0m checking '/home/guichen/Documents/ws/the_final_exam/install/pb_option1_vision/bin'
[8.737s] [34mcolcon.colcon_core.shell[0m [1;30mINFO[0m Creating package script '/home/guichen/Documents/ws/the_final_exam/install/pb_option1_vision/share/pb_option1_vision/package.ps1'
[8.737s] [34mcolcon.colcon_core.shell[0m [1;30mINFO[0m Creating package descriptor '/home/guichen/Documents/ws/the_final_exam/install/pb_option1_vision/share/pb_option1_vision/package.dsv'
[8.737s] [34mcolcon.colcon_core.shell[0m [1;30mINFO[0m Creating package script '/home/guichen/Documents/ws/the_final_exam/install/pb_option1_vision/share/pb_option1_vision/package.sh'
[8.737s] [34mcolcon.colcon_core.shell[0m [1;30mINFO[0m Creating package script '/home/guichen/Documents/ws/the_final_exam/install/pb_option1_vision/share/pb_option1_vision/package.bash'
[8.738s] [34mcolcon.colcon_core.shell[0m [1;30mINFO[0m Creating package script '/home/guichen/Documents/ws/the_final_exam/install/pb_option1_vision/share/pb_option1_vision/package.zsh'
[8.738s] [34mcolcon.colcon_core.environment[0m [1;30mLevel 1[0m create_file_with_runtime_dependencies(/home/guichen/Documents/ws/the_final_exam/install/pb_option1_vision/share/colcon-core/packages/pb_option1_vision)
[8.738s] [34mcolcon.colcon_parallel_executor.executor.parallel[0m [1;30mDEBUG[0m [32mclosing loop[0m
[8.738s] [34mcolcon.colcon_parallel_executor.executor.parallel[0m [1;30mDEBUG[0m [32mloop closed[0m
[8.738s] [34mcolcon.colcon_parallel_executor.executor.parallel[0m [1;30mDEBUG[0m [32mrun_until_complete finished with '0'[0m
[8.738s] [34mcolcon.colcon_core.event_reactor[0m [1;30mDEBUG[0m [32mjoining thread[0m
[8.742s] [34mcolcon.colcon_core.plugin_system[0m [1;30mINFO[0m Skipping extension 'colcon_notification.desktop_notification.terminal_notifier': Not used on non-Darwin systems
[8.742s] [34mcolcon.colcon_core.plugin_system[0m [1;30mINFO[0m Skipping extension 'colcon_notification.desktop_notification.win32': Not used on non-Windows systems
[8.742s] [34mcolcon.colcon_notification.desktop_notification[0m [1;30mINFO[0m Sending desktop notification using 'notify2'
[8.748s] [34mcolcon.colcon_core.event_reactor[0m [1;30mDEBUG[0m [32mjoined thread[0m
[8.749s] [34mcolcon.colcon_core.shell[0m [1;30mINFO[0m Creating prefix script '/home/guichen/Documents/ws/the_final_exam/install/local_setup.ps1'
[8.749s] [34mcolcon.colcon_core.shell[0m [1;30mINFO[0m Creating prefix util module '/home/guichen/Documents/ws/the_final_exam/install/_local_setup_util_ps1.py'
[8.750s] [34mcolcon.colcon_core.shell[0m [1;30mINFO[0m Creating prefix chain script '/home/guichen/Documents/ws/the_final_exam/install/setup.ps1'
[8.751s] [34mcolcon.colcon_core.shell[0m [1;30mINFO[0m Creating prefix script '/home/guichen/Documents/ws/the_final_exam/install/local_setup.sh'
[8.751s] [34mcolcon.colcon_core.shell[0m [1;30mINFO[0m Creating prefix util module '/home/guichen/Documents/ws/the_final_exam/install/_local_setup_util_sh.py'
[8.752s] [34mcolcon.colcon_core.shell[0m [1;30mINFO[0m Creating prefix chain script '/home/guichen/Documents/ws/the_final_exam/install/setup.sh'
[8.752s] [34mcolcon.colcon_core.shell[0m [1;30mINFO[0m Creating prefix script '/home/guichen/Documents/ws/the_final_exam/install/local_setup.bash'
[8.753s] [34mcolcon.colcon_core.shell[0m [1;30mINFO[0m Creating prefix chain script '/home/guichen/Documents/ws/the_final_exam/install/setup.bash'
[8.753s] [34mcolcon.colcon_core.shell[0m [1;30mINFO[0m Creating prefix script '/home/guichen/Documents/ws/the_final_exam/install/local_setup.zsh'
[8.753s] [34mcolcon.colcon_core.shell[0m [1;30mINFO[0m Creating prefix chain script '/home/guichen/Documents/ws/the_final_exam/install/setup.zsh'
