[0.006s] Invoking command in '/home/guichen/Documents/the_final_exam/the_final_exam/build/pb_option1_vision': CMAKE_PREFIX_PATH=${CMAKE_PREFIX_PATH}:/opt/ros/humble /usr/bin/cmake /home/guichen/Documents/the_final_exam/the_final_exam/pb_option1_vision -DCMAKE_INSTALL_PREFIX=/home/guichen/Documents/the_final_exam/the_final_exam/install/pb_option1_vision
[0.043s] -- The C compiler identification is GNU 11.4.0
[0.093s] -- The CXX compiler identification is GNU 11.4.0
[0.097s] -- Detecting C compiler ABI info
[0.143s] -- Detecting C compiler ABI info - done
[0.147s] -- Check for working C compiler: /usr/bin/cc - skipped
[0.147s] -- Detecting C compile features
[0.148s] -- Detecting C compile features - done
[0.150s] -- Detecting CXX compiler ABI info
[0.195s] -- Detecting CXX compiler ABI info - done
[0.199s] -- Check for working CXX compiler: /usr/bin/c++ - skipped
[0.200s] -- Detecting CXX compile features
[0.200s] -- Detecting CXX compile features - done
[0.201s] -- Found ament_cmake: 1.3.12 (/opt/ros/humble/share/ament_cmake/cmake)
[0.305s] -- Found Python3: /usr/bin/python3 (found version "3.10.12") found components: Interpreter 
[0.359s] -- Found rclcpp: 16.0.16 (/opt/ros/humble/share/rclcpp/cmake)
[0.383s] -- Found rosidl_generator_c: 3.1.7 (/opt/ros/humble/share/rosidl_generator_c/cmake)
[0.385s] -- Found rosidl_adapter: 3.1.7 (/opt/ros/humble/share/rosidl_adapter/cmake)
[0.390s] -- Found rosidl_generator_cpp: 3.1.7 (/opt/ros/humble/share/rosidl_generator_cpp/cmake)
[0.397s] -- Using all available rosidl_typesupport_c: rosidl_typesupport_fastrtps_c;rosidl_typesupport_introspection_c
[0.406s] -- Using all available rosidl_typesupport_cpp: rosidl_typesupport_fastrtps_cpp;rosidl_typesupport_introspection_cpp
[0.443s] -- Found rmw_implementation_cmake: 6.1.2 (/opt/ros/humble/share/rmw_implementation_cmake/cmake)
[0.445s] -- Found rmw_fastrtps_cpp: 6.2.9 (/opt/ros/humble/share/rmw_fastrtps_cpp/cmake)
[0.496s] -- Found OpenSSL: /usr/lib/x86_64-linux-gnu/libcrypto.so (found version "3.0.2")  
[0.513s] -- Found FastRTPS: /opt/ros/humble/include  
[0.539s] -- Using RMW implementation 'rmw_fastrtps_cpp' as default
[0.544s] -- Looking for pthread.h
[0.591s] -- Looking for pthread.h - found
[0.591s] -- Performing Test CMAKE_HAVE_LIBC_PTHREAD
[0.662s] -- Performing Test CMAKE_HAVE_LIBC_PTHREAD - Success
[0.663s] -- Found Threads: TRUE  
[0.699s] -- Found sensor_msgs: 4.9.0 (/opt/ros/humble/share/sensor_msgs/cmake)
[0.717s] -- Found cv_bridge: 3.2.1 (/opt/ros/humble/share/cv_bridge/cmake)
[0.725s] -- Found vision_msgs: 4.1.1 (/opt/ros/humble/share/vision_msgs/cmake)
[0.737s] -- Found OpenCV: /usr (found version "4.5.4") 
[0.739s] -- Found visualization_msgs: 4.9.0 (/opt/ros/humble/share/visualization_msgs/cmake)
[0.792s] -- Configuring done
[0.806s] -- Generating done
[0.811s] -- Build files have been written to: /home/guichen/Documents/the_final_exam/the_final_exam/build/pb_option1_vision
[0.819s] Invoked command in '/home/guichen/Documents/the_final_exam/the_final_exam/build/pb_option1_vision' returned '0': CMAKE_PREFIX_PATH=${CMAKE_PREFIX_PATH}:/opt/ros/humble /usr/bin/cmake /home/guichen/Documents/the_final_exam/the_final_exam/pb_option1_vision -DCMAKE_INSTALL_PREFIX=/home/guichen/Documents/the_final_exam/the_final_exam/install/pb_option1_vision
[0.820s] Invoking command in '/home/guichen/Documents/the_final_exam/the_final_exam/build/pb_option1_vision': CMAKE_PREFIX_PATH=${CMAKE_PREFIX_PATH}:/opt/ros/humble /usr/bin/cmake --build /home/guichen/Documents/the_final_exam/the_final_exam/build/pb_option1_vision -- -j16 -l16
[0.849s] [ 16%] [32mBuilding CXX object CMakeFiles/object_detector.dir/src/object_detector_node.cpp.o[0m
[0.849s] [ 50%] [32mBuilding CXX object CMakeFiles/follow_behavior.dir/src/follow_behavior_node.cpp.o[0m
[0.849s] [ 50%] [32mBuilding CXX object CMakeFiles/command_interpreter.dir/src/command_interpreter_node.cpp.o[0m
[6.696s] [ 66%] [32m[1mLinking CXX executable follow_behavior[0m
[6.699s] [ 83%] [32m[1mLinking CXX executable command_interpreter[0m
[7.000s] [ 83%] Built target follow_behavior
[7.001s] [ 83%] Built target command_interpreter
[7.729s] [100%] [32m[1mLinking CXX executable object_detector[0m
[8.176s] [100%] Built target object_detector
[8.186s] Invoked command in '/home/guichen/Documents/the_final_exam/the_final_exam/build/pb_option1_vision' returned '0': CMAKE_PREFIX_PATH=${CMAKE_PREFIX_PATH}:/opt/ros/humble /usr/bin/cmake --build /home/guichen/Documents/the_final_exam/the_final_exam/build/pb_option1_vision -- -j16 -l16
[8.191s] Invoking command in '/home/guichen/Documents/the_final_exam/the_final_exam/build/pb_option1_vision': CMAKE_PREFIX_PATH=${CMAKE_PREFIX_PATH}:/opt/ros/humble /usr/bin/cmake --install /home/guichen/Documents/the_final_exam/the_final_exam/build/pb_option1_vision
[8.195s] -- Install configuration: ""
[8.195s] -- Installing: /home/guichen/Documents/the_final_exam/the_final_exam/install/pb_option1_vision/lib/pb_option1_vision/object_detector
[8.197s] -- Set runtime path of "/home/guichen/Documents/the_final_exam/the_final_exam/install/pb_option1_vision/lib/pb_option1_vision/object_detector" to ""
[8.197s] -- Installing: /home/guichen/Documents/the_final_exam/the_final_exam/install/pb_option1_vision/lib/pb_option1_vision/command_interpreter
[8.199s] -- Set runtime path of "/home/guichen/Documents/the_final_exam/the_final_exam/install/pb_option1_vision/lib/pb_option1_vision/command_interpreter" to ""
[8.199s] -- Installing: /home/guichen/Documents/the_final_exam/the_final_exam/install/pb_option1_vision/lib/pb_option1_vision/follow_behavior
[8.201s] -- Set runtime path of "/home/guichen/Documents/the_final_exam/the_final_exam/install/pb_option1_vision/lib/pb_option1_vision/follow_behavior" to ""
[8.201s] -- Installing: /home/guichen/Documents/the_final_exam/the_final_exam/install/pb_option1_vision/share/pb_option1_vision/launch
[8.201s] -- Installing: /home/guichen/Documents/the_final_exam/the_final_exam/install/pb_option1_vision/share/pb_option1_vision/launch/vision_and_follow.launch.py
[8.201s] -- Installing: /home/guichen/Documents/the_final_exam/the_final_exam/install/pb_option1_vision/share/pb_option1_vision/config
[8.201s] -- Installing: /home/guichen/Documents/the_final_exam/the_final_exam/install/pb_option1_vision/share/pb_option1_vision/config/detector_params.yaml
[8.201s] -- Installing: /home/guichen/Documents/the_final_exam/the_final_exam/install/pb_option1_vision/share/pb_option1_vision/config/follow_params.yaml
[8.201s] -- Installing: /home/guichen/Documents/the_final_exam/the_final_exam/install/pb_option1_vision/share/pb_option1_vision/rviz
[8.201s] -- Installing: /home/guichen/Documents/the_final_exam/the_final_exam/install/pb_option1_vision/share/pb_option1_vision/rviz/vision_config.rviz
[8.201s] -- Installing: /home/guichen/Documents/the_final_exam/the_final_exam/install/pb_option1_vision/share/ament_index/resource_index/package_run_dependencies/pb_option1_vision
[8.201s] -- Installing: /home/guichen/Documents/the_final_exam/the_final_exam/install/pb_option1_vision/share/ament_index/resource_index/parent_prefix_path/pb_option1_vision
[8.201s] -- Installing: /home/guichen/Documents/the_final_exam/the_final_exam/install/pb_option1_vision/share/pb_option1_vision/environment/ament_prefix_path.sh
[8.201s] -- Installing: /home/guichen/Documents/the_final_exam/the_final_exam/install/pb_option1_vision/share/pb_option1_vision/environment/ament_prefix_path.dsv
[8.201s] -- Installing: /home/guichen/Documents/the_final_exam/the_final_exam/install/pb_option1_vision/share/pb_option1_vision/environment/path.sh
[8.201s] -- Installing: /home/guichen/Documents/the_final_exam/the_final_exam/install/pb_option1_vision/share/pb_option1_vision/environment/path.dsv
[8.201s] -- Installing: /home/guichen/Documents/the_final_exam/the_final_exam/install/pb_option1_vision/share/pb_option1_vision/local_setup.bash
[8.201s] -- Installing: /home/guichen/Documents/the_final_exam/the_final_exam/install/pb_option1_vision/share/pb_option1_vision/local_setup.sh
[8.202s] -- Installing: /home/guichen/Documents/the_final_exam/the_final_exam/install/pb_option1_vision/share/pb_option1_vision/local_setup.zsh
[8.202s] -- Installing: /home/guichen/Documents/the_final_exam/the_final_exam/install/pb_option1_vision/share/pb_option1_vision/local_setup.dsv
[8.202s] -- Installing: /home/guichen/Documents/the_final_exam/the_final_exam/install/pb_option1_vision/share/pb_option1_vision/package.dsv
[8.202s] -- Installing: /home/guichen/Documents/the_final_exam/the_final_exam/install/pb_option1_vision/share/ament_index/resource_index/packages/pb_option1_vision
[8.202s] -- Installing: /home/guichen/Documents/the_final_exam/the_final_exam/install/pb_option1_vision/share/pb_option1_vision/cmake/pb_option1_visionConfig.cmake
[8.202s] -- Installing: /home/guichen/Documents/the_final_exam/the_final_exam/install/pb_option1_vision/share/pb_option1_vision/cmake/pb_option1_visionConfig-version.cmake
[8.202s] -- Installing: /home/guichen/Documents/the_final_exam/the_final_exam/install/pb_option1_vision/share/pb_option1_vision/package.xml
[8.203s] Invoked command in '/home/guichen/Documents/the_final_exam/the_final_exam/build/pb_option1_vision' returned '0': CMAKE_PREFIX_PATH=${CMAKE_PREFIX_PATH}:/opt/ros/humble /usr/bin/cmake --install /home/guichen/Documents/the_final_exam/the_final_exam/build/pb_option1_vision
