[0.011s] Invoking command in '/home/guichen/Documents/ws/the_final_exam/build/pb_option1_bringup': CMAKE_PREFIX_PATH=${CMAKE_PREFIX_PATH}:/home/guichen/Documents/ws/the_final_exam/install/pb_option1_navigation:/opt/ros/humble /usr/bin/cmake /home/guichen/Documents/ws/the_final_exam/pb_option1_bringup -DCMAKE_INSTALL_PREFIX=/home/guichen/Documents/ws/the_final_exam/install/pb_option1_bringup
[0.190s] -- The C compiler identification is GNU 11.4.0
[0.191s] -- The CXX compiler identification is GNU 11.4.0
[0.191s] -- Detecting C compiler ABI info
[0.191s] -- Detecting C compiler ABI info - done
[0.191s] -- Check for working C compiler: /usr/bin/cc - skipped
[0.191s] -- Detecting C compile features
[0.191s] -- Detecting C compile features - done
[0.191s] -- Detecting CXX compiler ABI info
[0.191s] -- Detecting CXX compiler ABI info - done
[0.191s] -- Check for working CXX compiler: /usr/bin/c++ - skipped
[0.191s] -- Detecting CXX compile features
[0.191s] -- Detecting CXX compile features - done
[0.191s] -- Found ament_cmake: 1.3.12 (/opt/ros/humble/share/ament_cmake/cmake)
[0.290s] -- Found Python3: /usr/bin/python3 (found version "3.10.12") found components: Interpreter 
[0.350s] -- Found gazebo_ros: 3.9.0 (/opt/ros/humble/share/gazebo_ros/cmake)
[0.378s] -- Found rosidl_generator_c: 3.1.7 (/opt/ros/humble/share/rosidl_generator_c/cmake)
[0.381s] -- Found rosidl_adapter: 3.1.7 (/opt/ros/humble/share/rosidl_adapter/cmake)
[0.386s] -- Found rosidl_generator_cpp: 3.1.7 (/opt/ros/humble/share/rosidl_generator_cpp/cmake)
[0.393s] -- Using all available rosidl_typesupport_c: rosidl_typesupport_fastrtps_c;rosidl_typesupport_introspection_c
[0.404s] -- Using all available rosidl_typesupport_cpp: rosidl_typesupport_fastrtps_cpp;rosidl_typesupport_introspection_cpp
[0.433s] -- Found rmw_implementation_cmake: 6.1.2 (/opt/ros/humble/share/rmw_implementation_cmake/cmake)
[0.435s] -- Found rmw_fastrtps_cpp: 6.2.9 (/opt/ros/humble/share/rmw_fastrtps_cpp/cmake)
[0.490s] -- Found OpenSSL: /usr/lib/x86_64-linux-gnu/libcrypto.so (found version "3.0.2")  
[0.509s] -- Found FastRTPS: /opt/ros/humble/include  
[0.538s] -- Using RMW implementation 'rmw_fastrtps_cpp' as default
[0.544s] -- Looking for pthread.h
[0.587s] -- Looking for pthread.h - found
[0.587s] -- Performing Test CMAKE_HAVE_LIBC_PTHREAD
[0.633s] -- Performing Test CMAKE_HAVE_LIBC_PTHREAD - Success
[0.634s] -- Found Threads: TRUE  
[0.675s] -- Found PkgConfig: /usr/bin/pkg-config (found version "0.29.2") 
[0.676s] -- Checking for module 'bullet>=2.82'
[0.684s] --   Found bullet, version 3.05
[0.748s] -- Found fcl: /usr/include (found suitable version "0.7.0", minimum required is "0.5.0") 
[0.777s] -- Found assimp: /usr/include (found version "5.2.0") 
[0.791s] -- Found DART: /usr/include (Required is at least version "6.6") found components: dart 
[0.812s] -- Found Boost: /usr/lib/x86_64-linux-gnu/cmake/Boost-1.74.0/BoostConfig.cmake (found suitable version "1.74.0", minimum required is "1.40.0") found components: thread system filesystem program_options regex iostreams date_time 
[0.822s] -- Found Protobuf: /usr/lib/x86_64-linux-gnu/libprotobuf.so (found version "3.12.4") 
[0.825s] -- Looking for ignition-math6 -- found version 6.15.1
[0.829s] -- Searching for dependencies of ignition-math6
[0.830s] -- Looking for OGRE...
[0.830s] -- OGRE_PREFIX_WATCH changed.
[0.834s] -- Checking for module 'OGRE'
[0.841s] --   Found OGRE, version 1.9.0
[0.860s] -- Found Ogre Ghadamon (1.9.0)
[0.865s] -- Found OGRE: optimized;/usr/lib/x86_64-linux-gnu/libOgreMain.so;debug;/usr/lib/x86_64-linux-gnu/libOgreMain.so
[0.872s] -- Looking for OGRE_Paging...
[0.875s] -- Found OGRE_Paging: optimized;/usr/lib/x86_64-linux-gnu/libOgrePaging.so;debug;/usr/lib/x86_64-linux-gnu/libOgrePaging.so
[0.875s] -- Looking for OGRE_Terrain...
[0.878s] -- Found OGRE_Terrain: optimized;/usr/lib/x86_64-linux-gnu/libOgreTerrain.so;debug;/usr/lib/x86_64-linux-gnu/libOgreTerrain.so
[0.879s] -- Looking for OGRE_Property...
[0.882s] -- Found OGRE_Property: optimized;/usr/lib/x86_64-linux-gnu/libOgreProperty.so;debug;/usr/lib/x86_64-linux-gnu/libOgreProperty.so
[0.882s] -- Looking for OGRE_RTShaderSystem...
[0.885s] -- Found OGRE_RTShaderSystem: optimized;/usr/lib/x86_64-linux-gnu/libOgreRTShaderSystem.so;debug;/usr/lib/x86_64-linux-gnu/libOgreRTShaderSystem.so
[0.885s] -- Looking for OGRE_Volume...
[0.888s] -- Found OGRE_Volume: optimized;/usr/lib/x86_64-linux-gnu/libOgreVolume.so;debug;/usr/lib/x86_64-linux-gnu/libOgreVolume.so
[0.888s] -- Looking for OGRE_Overlay...
[0.892s] -- Found OGRE_Overlay: optimized;/usr/lib/x86_64-linux-gnu/libOgreOverlay.so;debug;/usr/lib/x86_64-linux-gnu/libOgreOverlay.so
[0.966s] -- Looking for ignition-math6 -- found version 6.15.1
[0.967s] -- Looking for ignition-transport8 -- found version 8.2.1
[0.967s] -- Searching for dependencies of ignition-transport8
[0.979s] -- Found Protobuf: /usr/lib/x86_64-linux-gnu/libprotobuf.so (found suitable version "3.12.4", minimum required is "3") 
[0.986s] -- Config-file not installed for ZeroMQ -- checking for pkg-config
[0.990s] -- Checking for module 'libzmq >= 4'
[0.998s] --   Found libzmq , version 4.3.4
[1.019s] -- Found ZeroMQ: TRUE (Required is at least version "4") 
[1.023s] -- Checking for module 'uuid'
[1.031s] --   Found uuid, version 2.37.2
[1.050s] -- Found UUID: TRUE  
[1.051s] -- Looking for ignition-msgs5 -- found version 5.8.1
[1.051s] -- Searching for dependencies of ignition-msgs5
[1.064s] -- Looking for ignition-math6 -- found version 6.15.1
[1.067s] -- Checking for module 'tinyxml2'
[1.075s] --   Found tinyxml2, version 9.0.0
[1.094s] -- Looking for ignition-msgs5 -- found version 5.8.1
[1.096s] -- Looking for ignition-common3 -- found version 3.14.0
[1.096s] -- Searching for dependencies of ignition-common3
[1.096s] -- Looking for dlfcn.h - found
[1.097s] -- Looking for libdl - found
[1.098s] -- Found DL: TRUE  
[1.106s] -- Found tinyobjloader: /usr/lib/x86_64-linux-gnu/cmake/tinyobjloader/tinyobjloader-config.cmake (found version "2.0.0") 
[1.106s] -- Searching for <ignition-common3> component [graphics]
[1.108s] -- Looking for ignition-common3-graphics -- found version 3.14.0
[1.108s] -- Searching for dependencies of ignition-common3-graphics
[1.108s] -- Looking for ignition-math6 -- found version 6.15.1
[1.110s] -- Looking for ignition-fuel_tools4 -- found version 4.4.0
[1.110s] -- Searching for dependencies of ignition-fuel_tools4
[1.161s] -- Found CURL: /usr/lib/x86_64-linux-gnu/libcurl.so (found version "7.81.0")  
[1.167s] -- Checking for module 'jsoncpp'
[1.176s] --   Found jsoncpp, version 1.9.5
[1.197s] -- Found JSONCPP: TRUE  
[1.202s] -- Checking for module 'libzip'
[1.211s] --   Found libzip, version 1.7.3
[1.233s] -- Found ZIP: TRUE  
[1.234s] -- Looking for ignition-common3 -- found version 3.14.0
[1.234s] -- Looking for ignition-math6 -- found version 6.15.1
[1.234s] -- Looking for ignition-msgs5 -- found version 5.8.1
[1.237s] -- Gazebo version: 11.10
[1.237s] -- Checking for module 'tbb'
[1.246s] --   Found tbb, version 2021.5.0
[1.268s] -- Found robot_state_publisher: 3.0.3 (/opt/ros/humble/share/robot_state_publisher/cmake)
[1.286s] -- Found eigen3_cmake_module: 0.1.1 (/opt/ros/humble/share/eigen3_cmake_module/cmake)
[1.287s] -- Found Eigen3: TRUE (found version "3.4.0") 
[1.287s] -- Ensuring Eigen3 include directory is part of orocos-kdl CMake target
[1.394s] -- Found usb_cam: 0.8.1 (/opt/ros/humble/share/usb_cam/cmake)
[1.473s] -- Configuring done
[1.477s] -- Generating done
[1.480s] -- Build files have been written to: /home/guichen/Documents/ws/the_final_exam/build/pb_option1_bringup
[1.493s] Invoked command in '/home/guichen/Documents/ws/the_final_exam/build/pb_option1_bringup' returned '0': CMAKE_PREFIX_PATH=${CMAKE_PREFIX_PATH}:/home/guichen/Documents/ws/the_final_exam/install/pb_option1_navigation:/opt/ros/humble /usr/bin/cmake /home/guichen/Documents/ws/the_final_exam/pb_option1_bringup -DCMAKE_INSTALL_PREFIX=/home/guichen/Documents/ws/the_final_exam/install/pb_option1_bringup
[1.494s] Invoking command in '/home/guichen/Documents/ws/the_final_exam/build/pb_option1_bringup': CMAKE_PREFIX_PATH=${CMAKE_PREFIX_PATH}:/home/guichen/Documents/ws/the_final_exam/install/pb_option1_navigation:/opt/ros/humble /usr/bin/cmake --build /home/guichen/Documents/ws/the_final_exam/build/pb_option1_bringup -- -j16 -l16
[1.526s] Invoked command in '/home/guichen/Documents/ws/the_final_exam/build/pb_option1_bringup' returned '0': CMAKE_PREFIX_PATH=${CMAKE_PREFIX_PATH}:/home/guichen/Documents/ws/the_final_exam/install/pb_option1_navigation:/opt/ros/humble /usr/bin/cmake --build /home/guichen/Documents/ws/the_final_exam/build/pb_option1_bringup -- -j16 -l16
[1.528s] Invoking command in '/home/guichen/Documents/ws/the_final_exam/build/pb_option1_bringup': CMAKE_PREFIX_PATH=${CMAKE_PREFIX_PATH}:/home/guichen/Documents/ws/the_final_exam/install/pb_option1_navigation:/opt/ros/humble /usr/bin/cmake --install /home/guichen/Documents/ws/the_final_exam/build/pb_option1_bringup
[1.533s] -- Install configuration: ""
[1.533s] -- Installing: /home/guichen/Documents/ws/the_final_exam/install/pb_option1_bringup/share/pb_option1_bringup/launch
[1.533s] -- Installing: /home/guichen/Documents/ws/the_final_exam/install/pb_option1_bringup/share/pb_option1_bringup/launch/sim.launch.py
[1.533s] -- Installing: /home/guichen/Documents/ws/the_final_exam/install/pb_option1_bringup/share/pb_option1_bringup/launch/joystick.launch.py
[1.533s] -- Installing: /home/guichen/Documents/ws/the_final_exam/install/pb_option1_bringup/share/pb_option1_bringup/launch/real.launch.py
[1.533s] -- Installing: /home/guichen/Documents/ws/the_final_exam/install/pb_option1_bringup/share/ament_index/resource_index/package_run_dependencies/pb_option1_bringup
[1.534s] -- Installing: /home/guichen/Documents/ws/the_final_exam/install/pb_option1_bringup/share/ament_index/resource_index/parent_prefix_path/pb_option1_bringup
[1.534s] -- Installing: /home/guichen/Documents/ws/the_final_exam/install/pb_option1_bringup/share/pb_option1_bringup/environment/ament_prefix_path.sh
[1.534s] -- Installing: /home/guichen/Documents/ws/the_final_exam/install/pb_option1_bringup/share/pb_option1_bringup/environment/ament_prefix_path.dsv
[1.534s] -- Installing: /home/guichen/Documents/ws/the_final_exam/install/pb_option1_bringup/share/pb_option1_bringup/environment/path.sh
[1.534s] -- Installing: /home/guichen/Documents/ws/the_final_exam/install/pb_option1_bringup/share/pb_option1_bringup/environment/path.dsv
[1.534s] -- Installing: /home/guichen/Documents/ws/the_final_exam/install/pb_option1_bringup/share/pb_option1_bringup/local_setup.bash
[1.534s] -- Installing: /home/guichen/Documents/ws/the_final_exam/install/pb_option1_bringup/share/pb_option1_bringup/local_setup.sh
[1.534s] -- Installing: /home/guichen/Documents/ws/the_final_exam/install/pb_option1_bringup/share/pb_option1_bringup/local_setup.zsh
[1.534s] -- Installing: /home/guichen/Documents/ws/the_final_exam/install/pb_option1_bringup/share/pb_option1_bringup/local_setup.dsv
[1.534s] -- Installing: /home/guichen/Documents/ws/the_final_exam/install/pb_option1_bringup/share/pb_option1_bringup/package.dsv
[1.534s] -- Installing: /home/guichen/Documents/ws/the_final_exam/install/pb_option1_bringup/share/ament_index/resource_index/packages/pb_option1_bringup
[1.534s] -- Installing: /home/guichen/Documents/ws/the_final_exam/install/pb_option1_bringup/share/pb_option1_bringup/cmake/pb_option1_bringupConfig.cmake
[1.534s] -- Installing: /home/guichen/Documents/ws/the_final_exam/install/pb_option1_bringup/share/pb_option1_bringup/cmake/pb_option1_bringupConfig-version.cmake
[1.534s] -- Installing: /home/guichen/Documents/ws/the_final_exam/install/pb_option1_bringup/share/pb_option1_bringup/package.xml
[1.536s] Invoked command in '/home/guichen/Documents/ws/the_final_exam/build/pb_option1_bringup' returned '0': CMAKE_PREFIX_PATH=${CMAKE_PREFIX_PATH}:/home/guichen/Documents/ws/the_final_exam/install/pb_option1_navigation:/opt/ros/humble /usr/bin/cmake --install /home/guichen/Documents/ws/the_final_exam/build/pb_option1_bringup
