-- The C compiler identification is GNU 11.4.0
-- The CXX compiler identification is GNU 11.4.0
-- Detecting C compiler ABI info
-- Detecting C compiler ABI info - done
-- Check for working C compiler: /usr/bin/cc - skipped
-- Detecting C compile features
-- Detecting C compile features - done
-- Detecting CXX compiler ABI info
-- Detecting CXX compiler ABI info - done
-- Check for working CXX compiler: /usr/bin/c++ - skipped
-- Detecting CXX compile features
-- Detecting CXX compile features - done
-- Found ament_cmake: 1.3.12 (/opt/ros/humble/share/ament_cmake/cmake)
-- Found Python3: /usr/bin/python3 (found version "3.10.12") found components: Interpreter 
-- Found rclcpp: 16.0.16 (/opt/ros/humble/share/rclcpp/cmake)
-- Found rosidl_generator_c: 3.1.7 (/opt/ros/humble/share/rosidl_generator_c/cmake)
-- Found rosidl_adapter: 3.1.7 (/opt/ros/humble/share/rosidl_adapter/cmake)
-- Found rosidl_generator_cpp: 3.1.7 (/opt/ros/humble/share/rosidl_generator_cpp/cmake)
-- Using all available rosidl_typesupport_c: rosidl_typesupport_fastrtps_c;rosidl_typesupport_introspection_c
-- Using all available rosidl_typesupport_cpp: rosidl_typesupport_fastrtps_cpp;rosidl_typesupport_introspection_cpp
-- Found rmw_implementation_cmake: 6.1.2 (/opt/ros/humble/share/rmw_implementation_cmake/cmake)
-- Found rmw_fastrtps_cpp: 6.2.9 (/opt/ros/humble/share/rmw_fastrtps_cpp/cmake)
-- Found OpenSSL: /usr/lib/x86_64-linux-gnu/libcrypto.so (found version "3.0.2")  
-- Found FastRTPS: /opt/ros/humble/include  
-- Using RMW implementation 'rmw_fastrtps_cpp' as default
-- Looking for pthread.h
-- Looking for pthread.h - found
-- Performing Test CMAKE_HAVE_LIBC_PTHREAD
-- Performing Test CMAKE_HAVE_LIBC_PTHREAD - Success
-- Found Threads: TRUE  
-- Found sensor_msgs: 4.9.0 (/opt/ros/humble/share/sensor_msgs/cmake)
-- Found cv_bridge: 3.2.1 (/opt/ros/humble/share/cv_bridge/cmake)
-- Found vision_msgs: 4.1.1 (/opt/ros/humble/share/vision_msgs/cmake)
-- Found OpenCV: /usr (found version "4.5.4") 
-- Found visualization_msgs: 4.9.0 (/opt/ros/humble/share/visualization_msgs/cmake)
-- Configuring done
-- Generating done
-- Build files have been written to: /home/guichen/Documents/ws/src/build/pb_option1_vision
[ 50%] [32mBuilding CXX object CMakeFiles/command_interpreter.dir/src/command_interpreter_node.cpp.o[0m
[ 50%] [32mBuilding CXX object CMakeFiles/object_detector.dir/src/object_detector_node.cpp.o[0m
[ 50%] [32mBuilding CXX object CMakeFiles/follow_behavior.dir/src/follow_behavior_node.cpp.o[0m
[ 66%] [32m[1mLinking CXX executable command_interpreter[0m
[ 83%] [32m[1mLinking CXX executable follow_behavior[0m
[ 83%] Built target command_interpreter
[ 83%] Built target follow_behavior
[100%] [32m[1mLinking CXX executable object_detector[0m
[100%] Built target object_detector
-- Install configuration: ""
-- Installing: /home/guichen/Documents/ws/src/install/pb_option1_vision/lib/pb_option1_vision/object_detector
-- Set runtime path of "/home/guichen/Documents/ws/src/install/pb_option1_vision/lib/pb_option1_vision/object_detector" to ""
-- Installing: /home/guichen/Documents/ws/src/install/pb_option1_vision/lib/pb_option1_vision/command_interpreter
-- Set runtime path of "/home/guichen/Documents/ws/src/install/pb_option1_vision/lib/pb_option1_vision/command_interpreter" to ""
-- Installing: /home/guichen/Documents/ws/src/install/pb_option1_vision/lib/pb_option1_vision/follow_behavior
-- Set runtime path of "/home/guichen/Documents/ws/src/install/pb_option1_vision/lib/pb_option1_vision/follow_behavior" to ""
-- Installing: /home/guichen/Documents/ws/src/install/pb_option1_vision/share/pb_option1_vision/launch
-- Installing: /home/guichen/Documents/ws/src/install/pb_option1_vision/share/pb_option1_vision/launch/vision_and_follow.launch.py
-- Installing: /home/guichen/Documents/ws/src/install/pb_option1_vision/share/pb_option1_vision/config
-- Installing: /home/guichen/Documents/ws/src/install/pb_option1_vision/share/pb_option1_vision/config/detector_params.yaml
-- Installing: /home/guichen/Documents/ws/src/install/pb_option1_vision/share/pb_option1_vision/config/follow_params.yaml
-- Installing: /home/guichen/Documents/ws/src/install/pb_option1_vision/share/pb_option1_vision/rviz
-- Installing: /home/guichen/Documents/ws/src/install/pb_option1_vision/share/pb_option1_vision/rviz/vision_config.rviz
-- Installing: /home/guichen/Documents/ws/src/install/pb_option1_vision/share/ament_index/resource_index/package_run_dependencies/pb_option1_vision
-- Installing: /home/guichen/Documents/ws/src/install/pb_option1_vision/share/ament_index/resource_index/parent_prefix_path/pb_option1_vision
-- Installing: /home/guichen/Documents/ws/src/install/pb_option1_vision/share/pb_option1_vision/environment/ament_prefix_path.sh
-- Installing: /home/guichen/Documents/ws/src/install/pb_option1_vision/share/pb_option1_vision/environment/ament_prefix_path.dsv
-- Installing: /home/guichen/Documents/ws/src/install/pb_option1_vision/share/pb_option1_vision/environment/path.sh
-- Installing: /home/guichen/Documents/ws/src/install/pb_option1_vision/share/pb_option1_vision/environment/path.dsv
-- Installing: /home/guichen/Documents/ws/src/install/pb_option1_vision/share/pb_option1_vision/local_setup.bash
-- Installing: /home/guichen/Documents/ws/src/install/pb_option1_vision/share/pb_option1_vision/local_setup.sh
-- Installing: /home/guichen/Documents/ws/src/install/pb_option1_vision/share/pb_option1_vision/local_setup.zsh
-- Installing: /home/guichen/Documents/ws/src/install/pb_option1_vision/share/pb_option1_vision/local_setup.dsv
-- Installing: /home/guichen/Documents/ws/src/install/pb_option1_vision/share/pb_option1_vision/package.dsv
-- Installing: /home/guichen/Documents/ws/src/install/pb_option1_vision/share/ament_index/resource_index/packages/pb_option1_vision
-- Installing: /home/guichen/Documents/ws/src/install/pb_option1_vision/share/pb_option1_vision/cmake/pb_option1_visionConfig.cmake
-- Installing: /home/guichen/Documents/ws/src/install/pb_option1_vision/share/pb_option1_vision/cmake/pb_option1_visionConfig-version.cmake
-- Installing: /home/guichen/Documents/ws/src/install/pb_option1_vision/share/pb_option1_vision/package.xml
