[0.562s] Invoking command in '/home/guichen/Documents/ws/src/build/pb_option1_vision': CMAKE_PREFIX_PATH=${CMAKE_PREFIX_PATH}:/home/guichen/Documents/ws/the_final_exam/install/pb_option1_navigation:/opt/ros/humble /usr/bin/cmake /home/guichen/Documents/ws/src/pb_option1_vision -DCMAKE_INSTALL_PREFIX=/home/guichen/Documents/ws/src/install/pb_option1_vision
[0.602s] -- The C compiler identification is GNU 11.4.0
[0.643s] -- The CXX compiler identification is GNU 11.4.0
[0.648s] -- Detecting C compiler ABI info
[0.697s] -- Detecting C compiler ABI info - done
[0.703s] -- Check for working C compiler: /usr/bin/cc - skipped
[0.703s] -- Detecting C compile features
[0.703s] -- Detecting C compile features - done
[0.705s] -- Detecting CXX compiler ABI info
[0.756s] -- Detecting CXX compiler ABI info - done
[0.761s] -- Check for working CXX compiler: /usr/bin/c++ - skipped
[0.761s] -- Detecting CXX compile features
[0.761s] -- Detecting CXX compile features - done
[0.763s] -- Found ament_cmake: 1.3.12 (/opt/ros/humble/share/ament_cmake/cmake)
[0.869s] -- Found Python3: /usr/bin/python3 (found version "3.10.12") found components: Interpreter 
[0.932s] -- Found rclcpp: 16.0.16 (/opt/ros/humble/share/rclcpp/cmake)
[0.958s] -- Found rosidl_generator_c: 3.1.7 (/opt/ros/humble/share/rosidl_generator_c/cmake)
[0.962s] -- Found rosidl_adapter: 3.1.7 (/opt/ros/humble/share/rosidl_adapter/cmake)
[0.969s] -- Found rosidl_generator_cpp: 3.1.7 (/opt/ros/humble/share/rosidl_generator_cpp/cmake)
[0.977s] -- Using all available rosidl_typesupport_c: rosidl_typesupport_fastrtps_c;rosidl_typesupport_introspection_c
[0.988s] -- Using all available rosidl_typesupport_cpp: rosidl_typesupport_fastrtps_cpp;rosidl_typesupport_introspection_cpp
[1.019s] -- Found rmw_implementation_cmake: 6.1.2 (/opt/ros/humble/share/rmw_implementation_cmake/cmake)
[1.021s] -- Found rmw_fastrtps_cpp: 6.2.9 (/opt/ros/humble/share/rmw_fastrtps_cpp/cmake)
[1.089s] -- Found OpenSSL: /usr/lib/x86_64-linux-gnu/libcrypto.so (found version "3.0.2")  
[1.112s] -- Found FastRTPS: /opt/ros/humble/include  
[1.139s] -- Using RMW implementation 'rmw_fastrtps_cpp' as default
[1.144s] -- Looking for pthread.h
[1.188s] -- Looking for pthread.h - found
[1.188s] -- Performing Test CMAKE_HAVE_LIBC_PTHREAD
[1.235s] -- Performing Test CMAKE_HAVE_LIBC_PTHREAD - Success
[1.236s] -- Found Threads: TRUE  
[1.269s] -- Found sensor_msgs: 4.9.0 (/opt/ros/humble/share/sensor_msgs/cmake)
[1.290s] -- Found cv_bridge: 3.2.1 (/opt/ros/humble/share/cv_bridge/cmake)
[1.298s] -- Found vision_msgs: 4.1.1 (/opt/ros/humble/share/vision_msgs/cmake)
[1.310s] -- Found OpenCV: /usr (found version "4.5.4") 
[1.313s] -- Found visualization_msgs: 4.9.0 (/opt/ros/humble/share/visualization_msgs/cmake)
[1.376s] -- Configuring done
[1.393s] -- Generating done
[1.399s] -- Build files have been written to: /home/guichen/Documents/ws/src/build/pb_option1_vision
[1.408s] Invoked command in '/home/guichen/Documents/ws/src/build/pb_option1_vision' returned '0': CMAKE_PREFIX_PATH=${CMAKE_PREFIX_PATH}:/home/guichen/Documents/ws/the_final_exam/install/pb_option1_navigation:/opt/ros/humble /usr/bin/cmake /home/guichen/Documents/ws/src/pb_option1_vision -DCMAKE_INSTALL_PREFIX=/home/guichen/Documents/ws/src/install/pb_option1_vision
[1.409s] Invoking command in '/home/guichen/Documents/ws/src/build/pb_option1_vision': CMAKE_PREFIX_PATH=${CMAKE_PREFIX_PATH}:/home/guichen/Documents/ws/the_final_exam/install/pb_option1_navigation:/opt/ros/humble /usr/bin/cmake --build /home/guichen/Documents/ws/src/build/pb_option1_vision -- -j16 -l16
[1.445s] [ 50%] [32mBuilding CXX object CMakeFiles/command_interpreter.dir/src/command_interpreter_node.cpp.o[0m
[1.445s] [ 50%] [32mBuilding CXX object CMakeFiles/object_detector.dir/src/object_detector_node.cpp.o[0m
[1.445s] [ 50%] [32mBuilding CXX object CMakeFiles/follow_behavior.dir/src/follow_behavior_node.cpp.o[0m
[7.614s] [ 66%] [32m[1mLinking CXX executable command_interpreter[0m
[7.647s] [ 83%] [32m[1mLinking CXX executable follow_behavior[0m
[7.934s] [ 83%] Built target command_interpreter
[7.955s] [ 83%] Built target follow_behavior
[8.740s] [100%] [32m[1mLinking CXX executable object_detector[0m
[9.210s] [100%] Built target object_detector
[9.220s] Invoked command in '/home/guichen/Documents/ws/src/build/pb_option1_vision' returned '0': CMAKE_PREFIX_PATH=${CMAKE_PREFIX_PATH}:/home/guichen/Documents/ws/the_final_exam/install/pb_option1_navigation:/opt/ros/humble /usr/bin/cmake --build /home/guichen/Documents/ws/src/build/pb_option1_vision -- -j16 -l16
[9.221s] Invoking command in '/home/guichen/Documents/ws/src/build/pb_option1_vision': CMAKE_PREFIX_PATH=${CMAKE_PREFIX_PATH}:/home/guichen/Documents/ws/the_final_exam/install/pb_option1_navigation:/opt/ros/humble /usr/bin/cmake --install /home/guichen/Documents/ws/src/build/pb_option1_vision
[9.226s] -- Install configuration: ""
[9.226s] -- Installing: /home/guichen/Documents/ws/src/install/pb_option1_vision/lib/pb_option1_vision/object_detector
[9.228s] -- Set runtime path of "/home/guichen/Documents/ws/src/install/pb_option1_vision/lib/pb_option1_vision/object_detector" to ""
[9.228s] -- Installing: /home/guichen/Documents/ws/src/install/pb_option1_vision/lib/pb_option1_vision/command_interpreter
[9.230s] -- Set runtime path of "/home/guichen/Documents/ws/src/install/pb_option1_vision/lib/pb_option1_vision/command_interpreter" to ""
[9.230s] -- Installing: /home/guichen/Documents/ws/src/install/pb_option1_vision/lib/pb_option1_vision/follow_behavior
[9.232s] -- Set runtime path of "/home/guichen/Documents/ws/src/install/pb_option1_vision/lib/pb_option1_vision/follow_behavior" to ""
[9.232s] -- Installing: /home/guichen/Documents/ws/src/install/pb_option1_vision/share/pb_option1_vision/launch
[9.232s] -- Installing: /home/guichen/Documents/ws/src/install/pb_option1_vision/share/pb_option1_vision/launch/vision_and_follow.launch.py
[9.232s] -- Installing: /home/guichen/Documents/ws/src/install/pb_option1_vision/share/pb_option1_vision/config
[9.232s] -- Installing: /home/guichen/Documents/ws/src/install/pb_option1_vision/share/pb_option1_vision/config/detector_params.yaml
[9.232s] -- Installing: /home/guichen/Documents/ws/src/install/pb_option1_vision/share/pb_option1_vision/config/follow_params.yaml
[9.232s] -- Installing: /home/guichen/Documents/ws/src/install/pb_option1_vision/share/pb_option1_vision/rviz
[9.232s] -- Installing: /home/guichen/Documents/ws/src/install/pb_option1_vision/share/pb_option1_vision/rviz/vision_config.rviz
[9.232s] -- Installing: /home/guichen/Documents/ws/src/install/pb_option1_vision/share/ament_index/resource_index/package_run_dependencies/pb_option1_vision
[9.232s] -- Installing: /home/guichen/Documents/ws/src/install/pb_option1_vision/share/ament_index/resource_index/parent_prefix_path/pb_option1_vision
[9.232s] -- Installing: /home/guichen/Documents/ws/src/install/pb_option1_vision/share/pb_option1_vision/environment/ament_prefix_path.sh
[9.232s] -- Installing: /home/guichen/Documents/ws/src/install/pb_option1_vision/share/pb_option1_vision/environment/ament_prefix_path.dsv
[9.232s] -- Installing: /home/guichen/Documents/ws/src/install/pb_option1_vision/share/pb_option1_vision/environment/path.sh
[9.232s] -- Installing: /home/guichen/Documents/ws/src/install/pb_option1_vision/share/pb_option1_vision/environment/path.dsv
[9.232s] -- Installing: /home/guichen/Documents/ws/src/install/pb_option1_vision/share/pb_option1_vision/local_setup.bash
[9.232s] -- Installing: /home/guichen/Documents/ws/src/install/pb_option1_vision/share/pb_option1_vision/local_setup.sh
[9.233s] -- Installing: /home/guichen/Documents/ws/src/install/pb_option1_vision/share/pb_option1_vision/local_setup.zsh
[9.233s] -- Installing: /home/guichen/Documents/ws/src/install/pb_option1_vision/share/pb_option1_vision/local_setup.dsv
[9.233s] -- Installing: /home/guichen/Documents/ws/src/install/pb_option1_vision/share/pb_option1_vision/package.dsv
[9.233s] -- Installing: /home/guichen/Documents/ws/src/install/pb_option1_vision/share/ament_index/resource_index/packages/pb_option1_vision
[9.233s] -- Installing: /home/guichen/Documents/ws/src/install/pb_option1_vision/share/pb_option1_vision/cmake/pb_option1_visionConfig.cmake
[9.233s] -- Installing: /home/guichen/Documents/ws/src/install/pb_option1_vision/share/pb_option1_vision/cmake/pb_option1_visionConfig-version.cmake
[9.233s] -- Installing: /home/guichen/Documents/ws/src/install/pb_option1_vision/share/pb_option1_vision/package.xml
[9.234s] Invoked command in '/home/guichen/Documents/ws/src/build/pb_option1_vision' returned '0': CMAKE_PREFIX_PATH=${CMAKE_PREFIX_PATH}:/home/guichen/Documents/ws/the_final_exam/install/pb_option1_navigation:/opt/ros/humble /usr/bin/cmake --install /home/guichen/Documents/ws/src/build/pb_option1_vision
