/home/guichen/Documents/ws/src/install/sdformat_tools/lib/python3.10/site-packages/sdformat_tools/urdf_generator.py
/home/guichen/Documents/ws/src/install/sdformat_tools/lib/python3.10/site-packages/sdformat_tools/xmacro4sdf.py
/home/guichen/Documents/ws/src/install/sdformat_tools/lib/python3.10/site-packages/sdformat_tools/sdf2urdf.py
/home/guichen/Documents/ws/src/install/sdformat_tools/lib/python3.10/site-packages/sdformat_tools/sdf_util.py
/home/guichen/Documents/ws/src/install/sdformat_tools/lib/python3.10/site-packages/sdformat_tools/__init__.py
/home/guichen/Documents/ws/src/install/sdformat_tools/lib/python3.10/site-packages/sdformat_tools/__pycache__/urdf_generator.cpython-310.pyc
/home/guichen/Documents/ws/src/install/sdformat_tools/lib/python3.10/site-packages/sdformat_tools/__pycache__/xmacro4sdf.cpython-310.pyc
/home/guichen/Documents/ws/src/install/sdformat_tools/lib/python3.10/site-packages/sdformat_tools/__pycache__/sdf2urdf.cpython-310.pyc
/home/guichen/Documents/ws/src/install/sdformat_tools/lib/python3.10/site-packages/sdformat_tools/__pycache__/sdf_util.cpython-310.pyc
/home/guichen/Documents/ws/src/install/sdformat_tools/lib/python3.10/site-packages/sdformat_tools/__pycache__/__init__.cpython-310.pyc
/home/guichen/Documents/ws/src/install/sdformat_tools/share/ament_index/resource_index/packages/sdformat_tools
/home/guichen/Documents/ws/src/install/sdformat_tools/share/sdformat_tools/package.xml
/home/guichen/Documents/ws/src/install/sdformat_tools/lib/python3.10/site-packages/sdformat_tools-0.0.1-py3.10.egg-info/dependency_links.txt
/home/guichen/Documents/ws/src/install/sdformat_tools/lib/python3.10/site-packages/sdformat_tools-0.0.1-py3.10.egg-info/PKG-INFO
/home/guichen/Documents/ws/src/install/sdformat_tools/lib/python3.10/site-packages/sdformat_tools-0.0.1-py3.10.egg-info/requires.txt
/home/guichen/Documents/ws/src/install/sdformat_tools/lib/python3.10/site-packages/sdformat_tools-0.0.1-py3.10.egg-info/entry_points.txt
/home/guichen/Documents/ws/src/install/sdformat_tools/lib/python3.10/site-packages/sdformat_tools-0.0.1-py3.10.egg-info/top_level.txt
/home/guichen/Documents/ws/src/install/sdformat_tools/lib/python3.10/site-packages/sdformat_tools-0.0.1-py3.10.egg-info/zip-safe
/home/guichen/Documents/ws/src/install/sdformat_tools/lib/python3.10/site-packages/sdformat_tools-0.0.1-py3.10.egg-info/SOURCES.txt
/home/guichen/Documents/ws/src/install/sdformat_tools/bin/sdf2urdf
/home/guichen/Documents/ws/src/install/sdformat_tools/bin/xmacro4sdf
