-- The C compiler identification is GNU 11.4.0
-- The CXX compiler identification is GNU 11.4.0
-- Detecting C compiler ABI info
-- Detecting C compiler ABI info - done
-- Check for working C compiler: /usr/bin/cc - skipped
-- Detecting C compile features
-- Detecting C compile features - done
-- Detecting CXX compiler ABI info
-- Detecting CXX compiler ABI info - done
-- Check for working CXX compiler: /usr/bin/c++ - skipped
-- Detecting CXX compile features
-- Detecting CXX compile features - done
-- Found ament_cmake: 1.3.12 (/opt/ros/humble/share/ament_cmake/cmake)
-- Found Python3: /usr/bin/python3 (found version "3.10.12") found components: Interpreter 
-- Found rclcpp: 16.0.16 (/opt/ros/humble/share/rclcpp/cmake)
-- Found rosidl_generator_c: 3.1.7 (/opt/ros/humble/share/rosidl_generator_c/cmake)
-- Found rosidl_adapter: 3.1.7 (/opt/ros/humble/share/rosidl_adapter/cmake)
-- Found rosidl_generator_cpp: 3.1.7 (/opt/ros/humble/share/rosidl_generator_cpp/cmake)
-- Using all available rosidl_typesupport_c: rosidl_typesupport_fastrtps_c;rosidl_typesupport_introspection_c
-- Using all available rosidl_typesupport_cpp: rosidl_typesupport_fastrtps_cpp;rosidl_typesupport_introspection_cpp
-- Found rmw_implementation_cmake: 6.1.2 (/opt/ros/humble/share/rmw_implementation_cmake/cmake)
-- Found rmw_fastrtps_cpp: 6.2.9 (/opt/ros/humble/share/rmw_fastrtps_cpp/cmake)
-- Found OpenSSL: /usr/lib/x86_64-linux-gnu/libcrypto.so (found version "3.0.2")  
-- Found FastRTPS: /opt/ros/humble/include  
-- Using RMW implementation 'rmw_fastrtps_cpp' as default
-- Looking for pthread.h
-- Looking for pthread.h - found
-- Performing Test CMAKE_HAVE_LIBC_PTHREAD
-- Performing Test CMAKE_HAVE_LIBC_PTHREAD - Success
-- Found Threads: TRUE  
-- Found geometry_msgs: 4.9.0 (/opt/ros/humble/share/geometry_msgs/cmake)
-- Found nav_msgs: 4.9.0 (/opt/ros/humble/share/nav_msgs/cmake)
-- Found sensor_msgs: 4.9.0 (/opt/ros/humble/share/sensor_msgs/cmake)
-- Configuring done
-- Generating done
-- Build files have been written to: /home/guichen/final_work/the_final_exam/src/my_robot_bringup/build/my_robot_bringup
[ 66%] [32mBuilding CXX object CMakeFiles/navigation_core.dir/src/main.cpp.o[0m
[ 66%] [32mBuilding CXX object CMakeFiles/navigation_core.dir/src/navigation_core.cpp.o[0m
[100%] [32m[1mLinking CXX executable navigation_core[0m
[100%] Built target navigation_core
-- Install configuration: ""
-- Installing: /home/guichen/final_work/the_final_exam/src/my_robot_bringup/install/my_robot_bringup/lib/my_robot_bringup/navigation_core
-- Set runtime path of "/home/guichen/final_work/the_final_exam/src/my_robot_bringup/install/my_robot_bringup/lib/my_robot_bringup/navigation_core" to ""
-- Installing: /home/guichen/final_work/the_final_exam/src/my_robot_bringup/install/my_robot_bringup/include
-- Installing: /home/guichen/final_work/the_final_exam/src/my_robot_bringup/install/my_robot_bringup/include/my_robot_bringup
-- Installing: /home/guichen/final_work/the_final_exam/src/my_robot_bringup/install/my_robot_bringup/include/my_robot_bringup/map_manager.hpp
-- Installing: /home/guichen/final_work/the_final_exam/src/my_robot_bringup/install/my_robot_bringup/include/my_robot_bringup/slam_processor.hpp
-- Installing: /home/guichen/final_work/the_final_exam/src/my_robot_bringup/install/my_robot_bringup/include/my_robot_bringup/navigation_core.hpp
-- Installing: /home/guichen/final_work/the_final_exam/src/my_robot_bringup/install/my_robot_bringup/include/my_robot_bringup/gazebo_manager.hpp
-- Installing: /home/guichen/final_work/the_final_exam/src/my_robot_bringup/install/my_robot_bringup/share/my_robot_bringup
-- Installing: /home/guichen/final_work/the_final_exam/src/my_robot_bringup/install/my_robot_bringup/share/my_robot_bringup/common
-- Installing: /home/guichen/final_work/the_final_exam/src/my_robot_bringup/install/my_robot_bringup/share/my_robot_bringup/common/navigation_core.launch.py
-- Installing: /home/guichen/final_work/the_final_exam/src/my_robot_bringup/install/my_robot_bringup/share/my_robot_bringup/simulation
-- Installing: /home/guichen/final_work/the_final_exam/src/my_robot_bringup/install/my_robot_bringup/share/my_robot_bringup/simulation/simulation_slam.launch.py
-- Installing: /home/guichen/final_work/the_final_exam/src/my_robot_bringup/install/my_robot_bringup/share/my_robot_bringup/simulation/simulation_nav.launch.py
-- Installing: /home/guichen/final_work/the_final_exam/src/my_robot_bringup/install/my_robot_bringup/share/my_robot_bringup/simulation/simulation.launch.py
-- Installing: /home/guichen/final_work/the_final_exam/src/my_robot_bringup/install/my_robot_bringup/share/my_robot_bringup/real_robot
-- Installing: /home/guichen/final_work/the_final_exam/src/my_robot_bringup/install/my_robot_bringup/share/my_robot_bringup/real_robot/real_robot.launch.py
-- Installing: /home/guichen/final_work/the_final_exam/src/my_robot_bringup/install/my_robot_bringup/share/my_robot_bringup/real_robot/real_slam.launch.py
-- Installing: /home/guichen/final_work/the_final_exam/src/my_robot_bringup/install/my_robot_bringup/share/my_robot_bringup/real_robot/real_nav.launch.py
-- Installing: /home/guichen/final_work/the_final_exam/src/my_robot_bringup/install/my_robot_bringup/share/my_robot_bringup/navigation.launch.py
-- Up-to-date: /home/guichen/final_work/the_final_exam/src/my_robot_bringup/install/my_robot_bringup/share/my_robot_bringup
-- Up-to-date: /home/guichen/final_work/the_final_exam/src/my_robot_bringup/install/my_robot_bringup/share/my_robot_bringup/simulation
-- Installing: /home/guichen/final_work/the_final_exam/src/my_robot_bringup/install/my_robot_bringup/share/my_robot_bringup/simulation/slam_params.yaml
-- Installing: /home/guichen/final_work/the_final_exam/src/my_robot_bringup/install/my_robot_bringup/share/my_robot_bringup/simulation/nav2_params.yaml
-- Installing: /home/guichen/final_work/the_final_exam/src/my_robot_bringup/install/my_robot_bringup/share/my_robot_bringup/simulation/gazebo_params.yaml
-- Up-to-date: /home/guichen/final_work/the_final_exam/src/my_robot_bringup/install/my_robot_bringup/share/my_robot_bringup/real_robot
-- Installing: /home/guichen/final_work/the_final_exam/src/my_robot_bringup/install/my_robot_bringup/share/my_robot_bringup/real_robot/slam_params.yaml
-- Installing: /home/guichen/final_work/the_final_exam/src/my_robot_bringup/install/my_robot_bringup/share/my_robot_bringup/real_robot/sensors_params.yaml
-- Installing: /home/guichen/final_work/the_final_exam/src/my_robot_bringup/install/my_robot_bringup/share/my_robot_bringup/real_robot/nav2_params.yaml
-- Up-to-date: /home/guichen/final_work/the_final_exam/src/my_robot_bringup/install/my_robot_bringup/share/my_robot_bringup
-- Installing: /home/guichen/final_work/the_final_exam/src/my_robot_bringup/install/my_robot_bringup/share/my_robot_bringup/rmul_2025_world.sdf
-- Installing: /home/guichen/final_work/the_final_exam/src/my_robot_bringup/install/my_robot_bringup/share/my_robot_bringup/empty_world.sdf
-- Installing: /home/guichen/final_work/the_final_exam/src/my_robot_bringup/install/my_robot_bringup/share/my_robot_bringup/rmul_2024_world.sdf
-- Installing: /home/guichen/final_work/the_final_exam/src/my_robot_bringup/install/my_robot_bringup/share/my_robot_bringup/config
-- Installing: /home/guichen/final_work/the_final_exam/src/my_robot_bringup/install/my_robot_bringup/share/my_robot_bringup/config/competition_setup.yaml
-- Installing: /home/guichen/final_work/the_final_exam/src/my_robot_bringup/install/my_robot_bringup/share/my_robot_bringup/rmuc_2025_world.sdf
-- Installing: /home/guichen/final_work/the_final_exam/src/my_robot_bringup/install/my_robot_bringup/share/my_robot_bringup/rmuc_2024_world.sdf
-- Up-to-date: /home/guichen/final_work/the_final_exam/src/my_robot_bringup/install/my_robot_bringup/share/my_robot_bringup
-- Up-to-date: /home/guichen/final_work/the_final_exam/src/my_robot_bringup/install/my_robot_bringup/share/my_robot_bringup/simulation
-- Installing: /home/guichen/final_work/the_final_exam/src/my_robot_bringup/install/my_robot_bringup/share/my_robot_bringup/simulation/rmuc_2025.yaml
-- Installing: /home/guichen/final_work/the_final_exam/src/my_robot_bringup/install/my_robot_bringup/share/my_robot_bringup/simulation/rmul_2025.pgm
-- Installing: /home/guichen/final_work/the_final_exam/src/my_robot_bringup/install/my_robot_bringup/share/my_robot_bringup/simulation/rmuc_2025.pgm
-- Installing: /home/guichen/final_work/the_final_exam/src/my_robot_bringup/install/my_robot_bringup/share/my_robot_bringup/simulation/rmul_2025.yaml
-- Up-to-date: /home/guichen/final_work/the_final_exam/src/my_robot_bringup/install/my_robot_bringup/share/my_robot_bringup/real_robot
-- Installing: /home/guichen/final_work/the_final_exam/src/my_robot_bringup/install/my_robot_bringup/share/my_robot_bringup/real_robot/default_map.yaml
-- Installing: /home/guichen/final_work/the_final_exam/src/my_robot_bringup/install/my_robot_bringup/lib/my_robot_bringup/spawn_robots.py
-- Installing: /home/guichen/final_work/the_final_exam/src/my_robot_bringup/install/my_robot_bringup/share/ament_index/resource_index/package_run_dependencies/my_robot_bringup
-- Installing: /home/guichen/final_work/the_final_exam/src/my_robot_bringup/install/my_robot_bringup/share/ament_index/resource_index/parent_prefix_path/my_robot_bringup
-- Installing: /home/guichen/final_work/the_final_exam/src/my_robot_bringup/install/my_robot_bringup/share/my_robot_bringup/environment/ament_prefix_path.sh
-- Installing: /home/guichen/final_work/the_final_exam/src/my_robot_bringup/install/my_robot_bringup/share/my_robot_bringup/environment/ament_prefix_path.dsv
-- Installing: /home/guichen/final_work/the_final_exam/src/my_robot_bringup/install/my_robot_bringup/share/my_robot_bringup/environment/path.sh
-- Installing: /home/guichen/final_work/the_final_exam/src/my_robot_bringup/install/my_robot_bringup/share/my_robot_bringup/environment/path.dsv
-- Installing: /home/guichen/final_work/the_final_exam/src/my_robot_bringup/install/my_robot_bringup/share/my_robot_bringup/local_setup.bash
-- Installing: /home/guichen/final_work/the_final_exam/src/my_robot_bringup/install/my_robot_bringup/share/my_robot_bringup/local_setup.sh
-- Installing: /home/guichen/final_work/the_final_exam/src/my_robot_bringup/install/my_robot_bringup/share/my_robot_bringup/local_setup.zsh
-- Installing: /home/guichen/final_work/the_final_exam/src/my_robot_bringup/install/my_robot_bringup/share/my_robot_bringup/local_setup.dsv
-- Installing: /home/guichen/final_work/the_final_exam/src/my_robot_bringup/install/my_robot_bringup/share/my_robot_bringup/package.dsv
-- Installing: /home/guichen/final_work/the_final_exam/src/my_robot_bringup/install/my_robot_bringup/share/ament_index/resource_index/packages/my_robot_bringup
-- Installing: /home/guichen/final_work/the_final_exam/src/my_robot_bringup/install/my_robot_bringup/share/my_robot_bringup/cmake/my_robot_bringupConfig.cmake
-- Installing: /home/guichen/final_work/the_final_exam/src/my_robot_bringup/install/my_robot_bringup/share/my_robot_bringup/cmake/my_robot_bringupConfig-version.cmake
-- Installing: /home/guichen/final_work/the_final_exam/src/my_robot_bringup/install/my_robot_bringup/share/my_robot_bringup/package.xml
