[0.006s] Invoking command in '/home/guichen/final_work/the_final_exam/src/my_robot_bringup/build/my_robot_bringup': CMAKE_PREFIX_PATH=/opt/ros/humble /usr/bin/cmake /home/guichen/final_work/the_final_exam/src/my_robot_bringup -DCMAKE_INSTALL_PREFIX=/home/guichen/final_work/the_final_exam/src/my_robot_bringup/install/my_robot_bringup
[0.041s] -- The C compiler identification is GNU 11.4.0
[0.079s] -- The CXX compiler identification is GNU 11.4.0
[0.084s] -- Detecting C compiler ABI info
[0.131s] -- Detecting C compiler ABI info - done
[0.136s] -- Check for working C compiler: /usr/bin/cc - skipped
[0.136s] -- Detecting C compile features
[0.136s] -- Detecting C compile features - done
[0.138s] -- Detecting CXX compiler ABI info
[0.192s] -- Detecting CXX compiler ABI info - done
[0.196s] -- Check for working CXX compiler: /usr/bin/c++ - skipped
[0.196s] -- Detecting CXX compile features
[0.197s] -- Detecting CXX compile features - done
[0.198s] -- Found ament_cmake: 1.3.12 (/opt/ros/humble/share/ament_cmake/cmake)
[0.301s] -- Found Python3: /usr/bin/python3 (found version "3.10.12") found components: Interpreter 
[0.365s] -- Found rclcpp: 16.0.16 (/opt/ros/humble/share/rclcpp/cmake)
[0.391s] -- Found rosidl_generator_c: 3.1.7 (/opt/ros/humble/share/rosidl_generator_c/cmake)
[0.394s] -- Found rosidl_adapter: 3.1.7 (/opt/ros/humble/share/rosidl_adapter/cmake)
[0.399s] -- Found rosidl_generator_cpp: 3.1.7 (/opt/ros/humble/share/rosidl_generator_cpp/cmake)
[0.407s] -- Using all available rosidl_typesupport_c: rosidl_typesupport_fastrtps_c;rosidl_typesupport_introspection_c
[0.417s] -- Using all available rosidl_typesupport_cpp: rosidl_typesupport_fastrtps_cpp;rosidl_typesupport_introspection_cpp
[0.444s] -- Found rmw_implementation_cmake: 6.1.2 (/opt/ros/humble/share/rmw_implementation_cmake/cmake)
[0.445s] -- Found rmw_fastrtps_cpp: 6.2.9 (/opt/ros/humble/share/rmw_fastrtps_cpp/cmake)
[0.499s] -- Found OpenSSL: /usr/lib/x86_64-linux-gnu/libcrypto.so (found version "3.0.2")  
[0.518s] -- Found FastRTPS: /opt/ros/humble/include  
[0.547s] -- Using RMW implementation 'rmw_fastrtps_cpp' as default
[0.552s] -- Looking for pthread.h
[0.601s] -- Looking for pthread.h - found
[0.601s] -- Performing Test CMAKE_HAVE_LIBC_PTHREAD
[0.651s] -- Performing Test CMAKE_HAVE_LIBC_PTHREAD - Success
[0.651s] -- Found Threads: TRUE  
[0.685s] -- Found geometry_msgs: 4.9.0 (/opt/ros/humble/share/geometry_msgs/cmake)
[0.694s] -- Found nav_msgs: 4.9.0 (/opt/ros/humble/share/nav_msgs/cmake)
[0.705s] -- Found sensor_msgs: 4.9.0 (/opt/ros/humble/share/sensor_msgs/cmake)
[0.761s] -- Configuring done
[0.767s] -- Generating done
[0.770s] -- Build files have been written to: /home/guichen/final_work/the_final_exam/src/my_robot_bringup/build/my_robot_bringup
[0.778s] Invoked command in '/home/guichen/final_work/the_final_exam/src/my_robot_bringup/build/my_robot_bringup' returned '0': CMAKE_PREFIX_PATH=/opt/ros/humble /usr/bin/cmake /home/guichen/final_work/the_final_exam/src/my_robot_bringup -DCMAKE_INSTALL_PREFIX=/home/guichen/final_work/the_final_exam/src/my_robot_bringup/install/my_robot_bringup
[0.778s] Invoking command in '/home/guichen/final_work/the_final_exam/src/my_robot_bringup/build/my_robot_bringup': CMAKE_PREFIX_PATH=/opt/ros/humble /usr/bin/cmake --build /home/guichen/final_work/the_final_exam/src/my_robot_bringup/build/my_robot_bringup -- -j16 -l16
[0.811s] [ 66%] [32mBuilding CXX object CMakeFiles/navigation_core.dir/src/main.cpp.o[0m
[0.811s] [ 66%] [32mBuilding CXX object CMakeFiles/navigation_core.dir/src/navigation_core.cpp.o[0m
[7.906s] [100%] [32m[1mLinking CXX executable navigation_core[0m
[8.274s] [100%] Built target navigation_core
[8.284s] Invoked command in '/home/guichen/final_work/the_final_exam/src/my_robot_bringup/build/my_robot_bringup' returned '0': CMAKE_PREFIX_PATH=/opt/ros/humble /usr/bin/cmake --build /home/guichen/final_work/the_final_exam/src/my_robot_bringup/build/my_robot_bringup -- -j16 -l16
[8.290s] Invoking command in '/home/guichen/final_work/the_final_exam/src/my_robot_bringup/build/my_robot_bringup': CMAKE_PREFIX_PATH=/opt/ros/humble /usr/bin/cmake --install /home/guichen/final_work/the_final_exam/src/my_robot_bringup/build/my_robot_bringup
[8.295s] -- Install configuration: ""
[8.295s] -- Installing: /home/guichen/final_work/the_final_exam/src/my_robot_bringup/install/my_robot_bringup/lib/my_robot_bringup/navigation_core
[8.298s] -- Set runtime path of "/home/guichen/final_work/the_final_exam/src/my_robot_bringup/install/my_robot_bringup/lib/my_robot_bringup/navigation_core" to ""
[8.298s] -- Installing: /home/guichen/final_work/the_final_exam/src/my_robot_bringup/install/my_robot_bringup/include
[8.298s] -- Installing: /home/guichen/final_work/the_final_exam/src/my_robot_bringup/install/my_robot_bringup/include/my_robot_bringup
[8.298s] -- Installing: /home/guichen/final_work/the_final_exam/src/my_robot_bringup/install/my_robot_bringup/include/my_robot_bringup/map_manager.hpp
[8.298s] -- Installing: /home/guichen/final_work/the_final_exam/src/my_robot_bringup/install/my_robot_bringup/include/my_robot_bringup/slam_processor.hpp
[8.298s] -- Installing: /home/guichen/final_work/the_final_exam/src/my_robot_bringup/install/my_robot_bringup/include/my_robot_bringup/navigation_core.hpp
[8.298s] -- Installing: /home/guichen/final_work/the_final_exam/src/my_robot_bringup/install/my_robot_bringup/include/my_robot_bringup/gazebo_manager.hpp
[8.298s] -- Installing: /home/guichen/final_work/the_final_exam/src/my_robot_bringup/install/my_robot_bringup/share/my_robot_bringup
[8.299s] -- Installing: /home/guichen/final_work/the_final_exam/src/my_robot_bringup/install/my_robot_bringup/share/my_robot_bringup/common
[8.299s] -- Installing: /home/guichen/final_work/the_final_exam/src/my_robot_bringup/install/my_robot_bringup/share/my_robot_bringup/common/navigation_core.launch.py
[8.299s] -- Installing: /home/guichen/final_work/the_final_exam/src/my_robot_bringup/install/my_robot_bringup/share/my_robot_bringup/simulation
[8.299s] -- Installing: /home/guichen/final_work/the_final_exam/src/my_robot_bringup/install/my_robot_bringup/share/my_robot_bringup/simulation/simulation_slam.launch.py
[8.299s] -- Installing: /home/guichen/final_work/the_final_exam/src/my_robot_bringup/install/my_robot_bringup/share/my_robot_bringup/simulation/simulation_nav.launch.py
[8.299s] -- Installing: /home/guichen/final_work/the_final_exam/src/my_robot_bringup/install/my_robot_bringup/share/my_robot_bringup/simulation/simulation.launch.py
[8.299s] -- Installing: /home/guichen/final_work/the_final_exam/src/my_robot_bringup/install/my_robot_bringup/share/my_robot_bringup/real_robot
[8.299s] -- Installing: /home/guichen/final_work/the_final_exam/src/my_robot_bringup/install/my_robot_bringup/share/my_robot_bringup/real_robot/real_robot.launch.py
[8.299s] -- Installing: /home/guichen/final_work/the_final_exam/src/my_robot_bringup/install/my_robot_bringup/share/my_robot_bringup/real_robot/real_slam.launch.py
[8.299s] -- Installing: /home/guichen/final_work/the_final_exam/src/my_robot_bringup/install/my_robot_bringup/share/my_robot_bringup/real_robot/real_nav.launch.py
[8.299s] -- Installing: /home/guichen/final_work/the_final_exam/src/my_robot_bringup/install/my_robot_bringup/share/my_robot_bringup/navigation.launch.py
[8.299s] -- Up-to-date: /home/guichen/final_work/the_final_exam/src/my_robot_bringup/install/my_robot_bringup/share/my_robot_bringup
[8.299s] -- Up-to-date: /home/guichen/final_work/the_final_exam/src/my_robot_bringup/install/my_robot_bringup/share/my_robot_bringup/simulation
[8.299s] -- Installing: /home/guichen/final_work/the_final_exam/src/my_robot_bringup/install/my_robot_bringup/share/my_robot_bringup/simulation/slam_params.yaml
[8.299s] -- Installing: /home/guichen/final_work/the_final_exam/src/my_robot_bringup/install/my_robot_bringup/share/my_robot_bringup/simulation/nav2_params.yaml
[8.299s] -- Installing: /home/guichen/final_work/the_final_exam/src/my_robot_bringup/install/my_robot_bringup/share/my_robot_bringup/simulation/gazebo_params.yaml
[8.299s] -- Up-to-date: /home/guichen/final_work/the_final_exam/src/my_robot_bringup/install/my_robot_bringup/share/my_robot_bringup/real_robot
[8.299s] -- Installing: /home/guichen/final_work/the_final_exam/src/my_robot_bringup/install/my_robot_bringup/share/my_robot_bringup/real_robot/slam_params.yaml
[8.299s] -- Installing: /home/guichen/final_work/the_final_exam/src/my_robot_bringup/install/my_robot_bringup/share/my_robot_bringup/real_robot/sensors_params.yaml
[8.299s] -- Installing: /home/guichen/final_work/the_final_exam/src/my_robot_bringup/install/my_robot_bringup/share/my_robot_bringup/real_robot/nav2_params.yaml
[8.300s] -- Up-to-date: /home/guichen/final_work/the_final_exam/src/my_robot_bringup/install/my_robot_bringup/share/my_robot_bringup
[8.300s] -- Installing: /home/guichen/final_work/the_final_exam/src/my_robot_bringup/install/my_robot_bringup/share/my_robot_bringup/rmul_2025_world.sdf
[8.300s] -- Installing: /home/guichen/final_work/the_final_exam/src/my_robot_bringup/install/my_robot_bringup/share/my_robot_bringup/empty_world.sdf
[8.300s] -- Installing: /home/guichen/final_work/the_final_exam/src/my_robot_bringup/install/my_robot_bringup/share/my_robot_bringup/rmul_2024_world.sdf
[8.300s] -- Installing: /home/guichen/final_work/the_final_exam/src/my_robot_bringup/install/my_robot_bringup/share/my_robot_bringup/config
[8.300s] -- Installing: /home/guichen/final_work/the_final_exam/src/my_robot_bringup/install/my_robot_bringup/share/my_robot_bringup/config/competition_setup.yaml
[8.300s] -- Installing: /home/guichen/final_work/the_final_exam/src/my_robot_bringup/install/my_robot_bringup/share/my_robot_bringup/rmuc_2025_world.sdf
[8.300s] -- Installing: /home/guichen/final_work/the_final_exam/src/my_robot_bringup/install/my_robot_bringup/share/my_robot_bringup/rmuc_2024_world.sdf
[8.300s] -- Up-to-date: /home/guichen/final_work/the_final_exam/src/my_robot_bringup/install/my_robot_bringup/share/my_robot_bringup
[8.300s] -- Up-to-date: /home/guichen/final_work/the_final_exam/src/my_robot_bringup/install/my_robot_bringup/share/my_robot_bringup/simulation
[8.300s] -- Installing: /home/guichen/final_work/the_final_exam/src/my_robot_bringup/install/my_robot_bringup/share/my_robot_bringup/simulation/rmuc_2025.yaml
[8.300s] -- Installing: /home/guichen/final_work/the_final_exam/src/my_robot_bringup/install/my_robot_bringup/share/my_robot_bringup/simulation/rmul_2025.pgm
[8.300s] -- Installing: /home/guichen/final_work/the_final_exam/src/my_robot_bringup/install/my_robot_bringup/share/my_robot_bringup/simulation/rmuc_2025.pgm
[8.300s] -- Installing: /home/guichen/final_work/the_final_exam/src/my_robot_bringup/install/my_robot_bringup/share/my_robot_bringup/simulation/rmul_2025.yaml
[8.300s] -- Up-to-date: /home/guichen/final_work/the_final_exam/src/my_robot_bringup/install/my_robot_bringup/share/my_robot_bringup/real_robot
[8.300s] -- Installing: /home/guichen/final_work/the_final_exam/src/my_robot_bringup/install/my_robot_bringup/share/my_robot_bringup/real_robot/default_map.yaml
[8.300s] -- Installing: /home/guichen/final_work/the_final_exam/src/my_robot_bringup/install/my_robot_bringup/lib/my_robot_bringup/spawn_robots.py
[8.300s] -- Installing: /home/guichen/final_work/the_final_exam/src/my_robot_bringup/install/my_robot_bringup/share/ament_index/resource_index/package_run_dependencies/my_robot_bringup
[8.300s] -- Installing: /home/guichen/final_work/the_final_exam/src/my_robot_bringup/install/my_robot_bringup/share/ament_index/resource_index/parent_prefix_path/my_robot_bringup
[8.300s] -- Installing: /home/guichen/final_work/the_final_exam/src/my_robot_bringup/install/my_robot_bringup/share/my_robot_bringup/environment/ament_prefix_path.sh
[8.300s] -- Installing: /home/guichen/final_work/the_final_exam/src/my_robot_bringup/install/my_robot_bringup/share/my_robot_bringup/environment/ament_prefix_path.dsv
[8.300s] -- Installing: /home/guichen/final_work/the_final_exam/src/my_robot_bringup/install/my_robot_bringup/share/my_robot_bringup/environment/path.sh
[8.301s] -- Installing: /home/guichen/final_work/the_final_exam/src/my_robot_bringup/install/my_robot_bringup/share/my_robot_bringup/environment/path.dsv
[8.301s] -- Installing: /home/guichen/final_work/the_final_exam/src/my_robot_bringup/install/my_robot_bringup/share/my_robot_bringup/local_setup.bash
[8.301s] -- Installing: /home/guichen/final_work/the_final_exam/src/my_robot_bringup/install/my_robot_bringup/share/my_robot_bringup/local_setup.sh
[8.301s] -- Installing: /home/guichen/final_work/the_final_exam/src/my_robot_bringup/install/my_robot_bringup/share/my_robot_bringup/local_setup.zsh
[8.301s] -- Installing: /home/guichen/final_work/the_final_exam/src/my_robot_bringup/install/my_robot_bringup/share/my_robot_bringup/local_setup.dsv
[8.301s] -- Installing: /home/guichen/final_work/the_final_exam/src/my_robot_bringup/install/my_robot_bringup/share/my_robot_bringup/package.dsv
[8.301s] -- Installing: /home/guichen/final_work/the_final_exam/src/my_robot_bringup/install/my_robot_bringup/share/ament_index/resource_index/packages/my_robot_bringup
[8.301s] -- Installing: /home/guichen/final_work/the_final_exam/src/my_robot_bringup/install/my_robot_bringup/share/my_robot_bringup/cmake/my_robot_bringupConfig.cmake
[8.302s] -- Installing: /home/guichen/final_work/the_final_exam/src/my_robot_bringup/install/my_robot_bringup/share/my_robot_bringup/cmake/my_robot_bringupConfig-version.cmake
[8.302s] -- Installing: /home/guichen/final_work/the_final_exam/src/my_robot_bringup/install/my_robot_bringup/share/my_robot_bringup/package.xml
[8.303s] Invoked command in '/home/guichen/final_work/the_final_exam/src/my_robot_bringup/build/my_robot_bringup' returned '0': CMAKE_PREFIX_PATH=/opt/ros/humble /usr/bin/cmake --install /home/guichen/final_work/the_final_exam/src/my_robot_bringup/build/my_robot_bringup
