[0.462s] Invoking command in '/home/guichen/Documents/ws/src/joint_state_publisher/joint_state_publisher_gui': AMENT_PREFIX_PATH=/home/guichen/Documents/ws/src/install/joint_state_publisher:${AMENT_PREFIX_PATH} PYTHONPATH=/home/guichen/Documents/ws/src/build/joint_state_publisher_gui/prefix_override:/usr/lib/python3/dist-packages/colcon_core/task/python/colcon_distutils_commands:/home/guichen/Documents/ws/src/install/joint_state_publisher_gui/lib/python3.10/site-packages:/home/guichen/Documents/ws/src/install/joint_state_publisher/lib/python3.10/site-packages:${PYTHONPATH} /usr/bin/python3 -W ignore:setup.py install is deprecated -W ignore:easy_install command is deprecated setup.py egg_info --egg-base ../../build/joint_state_publisher_gui build --build-base /home/guichen/Documents/ws/src/build/joint_state_publisher_gui/build install --record /home/guichen/Documents/ws/src/build/joint_state_publisher_gui/install.log --single-version-externally-managed install_data
[0.677s] running egg_info
[0.678s] creating ../../build/joint_state_publisher_gui/joint_state_publisher_gui.egg-info
[0.678s] writing ../../build/joint_state_publisher_gui/joint_state_publisher_gui.egg-info/PKG-INFO
[0.678s] writing dependency_links to ../../build/joint_state_publisher_gui/joint_state_publisher_gui.egg-info/dependency_links.txt
[0.679s] writing entry points to ../../build/joint_state_publisher_gui/joint_state_publisher_gui.egg-info/entry_points.txt
[0.679s] writing requirements to ../../build/joint_state_publisher_gui/joint_state_publisher_gui.egg-info/requires.txt
[0.679s] writing top-level names to ../../build/joint_state_publisher_gui/joint_state_publisher_gui.egg-info/top_level.txt
[0.679s] writing manifest file '../../build/joint_state_publisher_gui/joint_state_publisher_gui.egg-info/SOURCES.txt'
[0.681s] reading manifest file '../../build/joint_state_publisher_gui/joint_state_publisher_gui.egg-info/SOURCES.txt'
[0.681s] adding license file 'LICENSE'
[0.682s] writing manifest file '../../build/joint_state_publisher_gui/joint_state_publisher_gui.egg-info/SOURCES.txt'
[0.682s] running build
[0.682s] running build_py
[0.682s] creating /home/guichen/Documents/ws/src/build/joint_state_publisher_gui/build
[0.682s] creating /home/guichen/Documents/ws/src/build/joint_state_publisher_gui/build/lib
[0.682s] creating /home/guichen/Documents/ws/src/build/joint_state_publisher_gui/build/lib/joint_state_publisher_gui
[0.682s] copying joint_state_publisher_gui/__init__.py -> /home/guichen/Documents/ws/src/build/joint_state_publisher_gui/build/lib/joint_state_publisher_gui
[0.682s] copying joint_state_publisher_gui/joint_state_publisher_gui.py -> /home/guichen/Documents/ws/src/build/joint_state_publisher_gui/build/lib/joint_state_publisher_gui
[0.683s] copying joint_state_publisher_gui/flow_layout.py -> /home/guichen/Documents/ws/src/build/joint_state_publisher_gui/build/lib/joint_state_publisher_gui
[0.683s] running install
[0.683s] running install_lib
[0.683s] creating /home/guichen/Documents/ws/src/install/joint_state_publisher_gui/lib/python3.10/site-packages/joint_state_publisher_gui
[0.683s] copying /home/guichen/Documents/ws/src/build/joint_state_publisher_gui/build/lib/joint_state_publisher_gui/__init__.py -> /home/guichen/Documents/ws/src/install/joint_state_publisher_gui/lib/python3.10/site-packages/joint_state_publisher_gui
[0.684s] copying /home/guichen/Documents/ws/src/build/joint_state_publisher_gui/build/lib/joint_state_publisher_gui/joint_state_publisher_gui.py -> /home/guichen/Documents/ws/src/install/joint_state_publisher_gui/lib/python3.10/site-packages/joint_state_publisher_gui
[0.684s] copying /home/guichen/Documents/ws/src/build/joint_state_publisher_gui/build/lib/joint_state_publisher_gui/flow_layout.py -> /home/guichen/Documents/ws/src/install/joint_state_publisher_gui/lib/python3.10/site-packages/joint_state_publisher_gui
[0.684s] byte-compiling /home/guichen/Documents/ws/src/install/joint_state_publisher_gui/lib/python3.10/site-packages/joint_state_publisher_gui/__init__.py to __init__.cpython-310.pyc
[0.684s] byte-compiling /home/guichen/Documents/ws/src/install/joint_state_publisher_gui/lib/python3.10/site-packages/joint_state_publisher_gui/joint_state_publisher_gui.py to joint_state_publisher_gui.cpython-310.pyc
[0.686s] byte-compiling /home/guichen/Documents/ws/src/install/joint_state_publisher_gui/lib/python3.10/site-packages/joint_state_publisher_gui/flow_layout.py to flow_layout.cpython-310.pyc
[0.686s] running install_data
[0.686s] creating /home/guichen/Documents/ws/src/install/joint_state_publisher_gui/share/ament_index
[0.687s] creating /home/guichen/Documents/ws/src/install/joint_state_publisher_gui/share/ament_index/resource_index
[0.687s] creating /home/guichen/Documents/ws/src/install/joint_state_publisher_gui/share/ament_index/resource_index/packages
[0.687s] copying resource/joint_state_publisher_gui -> /home/guichen/Documents/ws/src/install/joint_state_publisher_gui/share/ament_index/resource_index/packages
[0.687s] copying package.xml -> /home/guichen/Documents/ws/src/install/joint_state_publisher_gui/share/joint_state_publisher_gui
[0.687s] running install_egg_info
[0.689s] Copying ../../build/joint_state_publisher_gui/joint_state_publisher_gui.egg-info to /home/guichen/Documents/ws/src/install/joint_state_publisher_gui/lib/python3.10/site-packages/joint_state_publisher_gui-2.4.0-py3.10.egg-info
[0.689s] running install_scripts
[0.707s] Installing joint_state_publisher_gui script to /home/guichen/Documents/ws/src/install/joint_state_publisher_gui/lib/joint_state_publisher_gui
[0.707s] writing list of installed files to '/home/guichen/Documents/ws/src/build/joint_state_publisher_gui/install.log'
[0.734s] Invoked command in '/home/guichen/Documents/ws/src/joint_state_publisher/joint_state_publisher_gui' returned '0': AMENT_PREFIX_PATH=/home/guichen/Documents/ws/src/install/joint_state_publisher:${AMENT_PREFIX_PATH} PYTHONPATH=/home/guichen/Documents/ws/src/build/joint_state_publisher_gui/prefix_override:/usr/lib/python3/dist-packages/colcon_core/task/python/colcon_distutils_commands:/home/guichen/Documents/ws/src/install/joint_state_publisher_gui/lib/python3.10/site-packages:/home/guichen/Documents/ws/src/install/joint_state_publisher/lib/python3.10/site-packages:${PYTHONPATH} /usr/bin/python3 -W ignore:setup.py install is deprecated -W ignore:easy_install command is deprecated setup.py egg_info --egg-base ../../build/joint_state_publisher_gui build --build-base /home/guichen/Documents/ws/src/build/joint_state_publisher_gui/build install --record /home/guichen/Documents/ws/src/build/joint_state_publisher_gui/install.log --single-version-externally-managed install_data
