[31mCMake Error at CMakeLists.txt:34 (target_link_libraries):
  The plain signature for target_link_libraries has already been used with
  the target "object_detector".  All uses of target_link_libraries with a
  target must be either all-keyword or all-plain.

  The uses of the plain signature are here:

   * /opt/ros/humble/share/ament_cmake_target_dependencies/cmake/ament_target_dependencies.cmake:145 (target_link_libraries)
   * /opt/ros/humble/share/ament_cmake_target_dependencies/cmake/ament_target_dependencies.cmake:151 (target_link_libraries)


[0m
[31mCMake Error at CMakeLists.txt:35 (target_link_libraries):
  The plain signature for target_link_libraries has already been used with
  the target "follow_behavior".  All uses of target_link_libraries with a
  target must be either all-keyword or all-plain.

  The uses of the plain signature are here:

   * /opt/ros/humble/share/ament_cmake_target_dependencies/cmake/ament_target_dependencies.cmake:145 (target_link_libraries)


[0m
[31mCMake Error at CMakeLists.txt:36 (target_link_libraries):
  The plain signature for target_link_libraries has already been used with
  the target "command_interpreter".  All uses of target_link_libraries with a
  target must be either all-keyword or all-plain.

  The uses of the plain signature are here:

   * /opt/ros/humble/share/ament_cmake_target_dependencies/cmake/ament_target_dependencies.cmake:145 (target_link_libraries)


[0m
